2025-01-02 20:33:23 - PyNaCl is not installed, voice will NOT be supported
2025-01-02 20:33:23 - logging in using static token
2025-01-02 20:33:24 - Shard ID None has connected to Gateway (Session ID: 08684e6f16d215e8f50e409febd1fed7).
2025-01-02 20:58:58 - Shard ID None has stopped responding to the gateway. Closing and restarting.
2025-01-02 20:58:59 - Shard ID None session has been invalidated.
2025-01-02 20:59:04 - Shard ID None has connected to Gateway (Session ID: f83291d6d3594b370fa538a477e52e51).
2025-01-02 20:59:56 - PyNaCl is not installed, voice will NOT be supported
2025-01-02 20:59:56 - logging in using static token
2025-01-02 20:59:57 - Shard ID None has connected to Gateway (Session ID: 97f2ef980f7d170b2eb65ef099e71d91).
2025-01-02 21:00:21 - [пїЅпїЅпїЅпїЅпїЅпїЅ trolleybus f\xe4hrt nach fima - #пїЅпїЅпїЅпїЅпїЅпїЅпїЅпїЅ] fimacuzz: !mute
2025-01-02 21:00:21 - Ignoring exception in command None
discord.ext.commands.errors.CommandNotFound: Command "mute" is not found
2025-01-02 21:00:31 - [пїЅпїЅпїЅпїЅпїЅпїЅ trolleybus f\xe4hrt nach fima - #пїЅпїЅпїЅпїЅпїЅпїЅпїЅпїЅ] fimacuzz: пїЅпїЅпїЅ
2025-01-02 21:01:57 - PyNaCl is not installed, voice will NOT be supported
2025-01-02 21:01:57 - logging in using static token
2025-01-02 21:02:14 - PyNaCl is not installed, voice will NOT be supported
2025-01-02 21:02:14 - logging in using static token
2025-01-02 21:02:22 - PyNaCl is not installed, voice will NOT be supported
2025-01-02 21:02:22 - logging in using static token
2025-01-02 21:02:23 - Shard ID None has connected to Gateway (Session ID: 62ce313f48f42226f4ea8b835e7c1043).
2025-01-02 21:02:29 - [пїЅпїЅпїЅпїЅпїЅпїЅ trolleybus f\xe4hrt nach fima - #пїЅпїЅпїЅпїЅпїЅпїЅпїЅпїЅ] fimacuzz: !ping
2025-01-02 21:06:30 - PyNaCl is not installed, voice will NOT be supported
2025-01-02 21:06:30 - logging in using static token
2025-01-02 21:06:31 - Shard ID None has connected to Gateway (Session ID: 42e88f9c2339862eb108f8f5b5067390).
2025-01-02 21:06:50 - PyNaCl is not installed, voice will NOT be supported
2025-01-02 21:06:50 - logging in using static token
2025-01-02 21:06:51 - Shard ID None has connected to Gateway (Session ID: ba9fcc5d75b7d0760b429f9f4f5e50eb).
2025-01-02 21:06:57 - [пїЅпїЅпїЅпїЅпїЅпїЅ trolleybus f\xe4hrt nach fima - #пїЅпїЅпїЅпїЅпїЅпїЅпїЅпїЅ] fimacuzz: пїЅпїЅпїЅпїЅпїЅпїЅ
2025-01-02 21:09:06 - PyNaCl is not installed, voice will NOT be supported
2025-01-02 21:09:06 - logging in using static token
2025-01-02 21:09:07 - Shard ID None has connected to Gateway (Session ID: ad170a435b55b3172677fd915620e961).
2025-01-02 21:09:12 - [пїЅпїЅпїЅпїЅпїЅпїЅ trolleybus f\xe4hrt nach fima - #пїЅпїЅпїЅпїЅ-пїЅпїЅпїЅпїЅпїЅ-пїЅпїЅпїЅпїЅ] fimacuzz: пїЅпїЅпїЅпїЅпїЅ
2025-01-02 21:09:21 - [пїЅпїЅпїЅпїЅпїЅпїЅ trolleybus f\xe4hrt nach fima - #пїЅпїЅпїЅпїЅпїЅпїЅпїЅпїЅ] fimacuzz: пїЅпїЅпїЅпїЅ пїЅпїЅпїЅпїЅпїЅпїЅпїЅ
2025-01-02 21:09:27 - [пїЅпїЅпїЅпїЅпїЅпїЅ trolleybus f\xe4hrt nach fima - #пїЅпїЅпїЅпїЅпїЅпїЅпїЅпїЅ] fimacuzz: пїЅпїЅпїЅпїЅпїЅпїЅ
2025-01-02 21:10:42 - [пїЅпїЅпїЅпїЅпїЅпїЅ trolleybus f\xe4hrt nach fima - #пїЅпїЅпїЅпїЅпїЅпїЅпїЅпїЅ] fimacuzz: пїЅпїЅпїЅпїЅпїЅ
2025-01-02 21:10:56 - PyNaCl is not installed, voice will NOT be supported
2025-01-02 21:10:56 - logging in using static token
2025-01-02 21:10:57 - Shard ID None has connected to Gateway (Session ID: d634c2d1dc8f6ae0a76438a109f74fcb).
2025-01-02 21:11:08 - [пїЅпїЅпїЅпїЅпїЅпїЅ trolleybus f\xe4hrt nach fima - #пїЅпїЅпїЅпїЅпїЅпїЅпїЅпїЅ] fimacuzz: пїЅпїЅпїЅпїЅпїЅпїЅ
2025-01-02 21:11:11 - [пїЅпїЅпїЅпїЅпїЅпїЅ trolleybus f\xe4hrt nach fima - #пїЅпїЅпїЅпїЅпїЅпїЅпїЅпїЅ] fimacuzz: пїЅпїЅпїЅпїЅ
2025-01-02 21:11:11 - [пїЅпїЅпїЅпїЅпїЅпїЅ trolleybus f\xe4hrt nach fima - #пїЅпїЅпїЅпїЅпїЅпїЅпїЅпїЅ] fimacuzz: пїЅпїЅпїЅпїЅ
2025-01-02 21:12:48 - PyNaCl is not installed, voice will NOT be supported
2025-01-02 21:12:48 - logging in using static token
2025-01-02 21:12:49 - Shard ID None has connected to Gateway (Session ID: c5d6ea2f3ed24433101e4a5ac304edf2).
2025-01-02 21:13:00 - [пїЅпїЅпїЅпїЅпїЅпїЅ trolleybus f\xe4hrt nach fima - #пїЅпїЅпїЅпїЅпїЅпїЅпїЅпїЅ] fimacuzz: пїЅпїЅпїЅ
2025-01-02 21:13:15 - PyNaCl is not installed, voice will NOT be supported
2025-01-02 21:13:15 - logging in using static token
2025-01-02 21:13:16 - Shard ID None has connected to Gateway (Session ID: 2b2f4e021ff42c5bcbf37ba03b2e6916).
2025-01-02 21:13:19 - [пїЅпїЅпїЅпїЅпїЅпїЅ trolleybus f\xe4hrt nach fima - #пїЅпїЅпїЅпїЅпїЅпїЅпїЅпїЅ] fimacuzz: пїЅпїЅпїЅпїЅпїЅпїЅпїЅпїЅ
2025-01-02 21:14:38 - PyNaCl is not installed, voice will NOT be supported
2025-01-02 21:14:38 - logging in using static token
2025-01-02 21:14:39 - Shard ID None has connected to Gateway (Session ID: 322200a77832b637aa3cd3a0f266f8a0).
2025-01-02 21:14:44 - [пїЅпїЅпїЅпїЅпїЅпїЅ trolleybus f\xe4hrt nach fima - #пїЅпїЅпїЅпїЅпїЅпїЅпїЅпїЅ] fimacuzz: by
2025-01-02 21:15:51 - PyNaCl is not installed, voice will NOT be supported
2025-01-02 21:15:51 - logging in using static token
2025-01-02 21:15:52 - Shard ID None has connected to Gateway (Session ID: 17a34b4a36c88c352d1913a86f0cebc5).
2025-01-02 21:16:01 - [пїЅпїЅпїЅпїЅпїЅпїЅ trolleybus f\xe4hrt nach fima - #пїЅпїЅпїЅпїЅпїЅпїЅпїЅпїЅ] fimacuzz: пїЅпїЅпїЅ
2025-01-02 21:18:43 - Shard ID None session has been invalidated.
2025-01-02 21:22:55 - PyNaCl is not installed, voice will NOT be supported
2025-01-02 21:22:55 - logging in using static token
2025-01-02 21:22:56 - Shard ID None has connected to Gateway (Session ID: 438a2d68a98999a77b2944f3ecda6812).
2025-01-02 21:23:03 - [пїЅпїЅпїЅпїЅпїЅпїЅ trolleybus f\xe4hrt nach fima - #пїЅпїЅпїЅпїЅпїЅпїЅпїЅпїЅ] fimacuzz: !ping
2025-01-02 21:24:28 - [пїЅпїЅпїЅпїЅпїЅпїЅ - #\U0001f4ac\u30fbпїЅпїЅпїЅпїЅпїЅпїЅпїЅ] fimacuzz: !ping
2025-01-02 21:25:43 - PyNaCl is not installed, voice will NOT be supported
2025-01-02 21:25:43 - logging in using static token
2025-01-02 21:25:44 - Shard ID None has connected to Gateway (Session ID: 5a9a2d8d2014c36b53828feb5ab380d8).
2025-01-02 21:25:52 - [пїЅпїЅпїЅпїЅпїЅпїЅ - #\U0001f4ac\u30fbпїЅпїЅпїЅпїЅпїЅпїЅпїЅ] fimacuzz: пїЅпїЅпїЅ
2025-01-02 21:26:02 - [пїЅпїЅпїЅпїЅпїЅпїЅ - #пїЅпїЅпїЅпїЅ-пїЅпїЅпїЅпїЅпїЅ] fimacuzz: <@926004550576529428>
2025-01-02 21:26:17 - [пїЅпїЅпїЅпїЅпїЅпїЅ - #admin] fimacuzz: пїЅпїЅпїЅпїЅпїЅпїЅ пїЅпїЅпїЅпїЅпїЅ пїЅпїЅ пїЅпїЅпїЅпїЅпїЅпїЅпїЅпїЅпїЅ)
2025-01-02 21:36:17 - [пїЅпїЅпїЅпїЅпїЅпїЅ - #admin] clinrizet: SSD Kingston KC3000 1TB SKC3000S/1024G
2025-01-02 21:36:33 - [пїЅпїЅпїЅпїЅпїЅпїЅ - #admin] clinrizet: пїЅ пїЅпїЅпїЅ пїЅпїЅпїЅпїЅпїЅпїЅпїЅпїЅпїЅпїЅ пїЅпїЅпїЅ пїЅпїЅ пїЅпїЅпїЅпїЅпїЅ
2025-01-02 21:36:39 - [пїЅпїЅпїЅпїЅпїЅпїЅ - #admin] clinrizet: пїЅ пїЅпїЅ пїЅ пїЅпїЅ пїЅпїЅ пїЅпїЅпїЅпїЅпїЅ пїЅпїЅпїЅпїЅпїЅ
2025-01-02 21:40:01 - PyNaCl is not installed, voice will NOT be supported
2025-01-02 21:40:01 - logging in using static token
2025-01-02 21:40:02 - Shard ID None has connected to Gateway (Session ID: af9638b7e97c30616fc551d0155be0a3).
2025-01-02 21:47:37 - [пїЅпїЅпїЅпїЅпїЅпїЅ - #\U0001f4ac\u30fbпїЅпїЅпїЅпїЅпїЅпїЅпїЅ] clinrizet: <@1204504465412063333>пїЅпїЅпїЅпїЅпїЅпїЅпїЅпїЅ пїЅпїЅпїЅпїЅ пїЅпїЅпїЅпїЅпїЅ
2025-01-02 21:48:17 - [пїЅпїЅпїЅпїЅпїЅпїЅ - #\U0001f4ac\u30fbпїЅпїЅпїЅпїЅпїЅпїЅпїЅ] clinrizet: .
2025-01-02 21:48:20 - [пїЅпїЅпїЅпїЅпїЅпїЅ - #\U0001f4ac\u30fbпїЅпїЅпїЅпїЅпїЅпїЅпїЅ] clinrizet: .
2025-01-02 21:48:21 - [пїЅпїЅпїЅпїЅпїЅпїЅ - #\U0001f4ac\u30fbпїЅпїЅпїЅпїЅпїЅпїЅпїЅ] clinrizet: .
2025-01-02 21:48:30 - [пїЅпїЅпїЅпїЅпїЅпїЅ - #\U0001f4ac\u30fbпїЅпїЅпїЅпїЅпїЅпїЅпїЅ] clinrizet: .
2025-01-02 21:48:32 - [пїЅпїЅпїЅпїЅпїЅпїЅ - #\U0001f4ac\u30fbпїЅпїЅпїЅпїЅпїЅпїЅпїЅ] fimacuzz: 1324449149223178291
2025-01-02 21:48:47 - [пїЅпїЅпїЅпїЅпїЅпїЅ - #\U0001f4ac\u30fbпїЅпїЅпїЅпїЅпїЅпїЅпїЅ] clinrizet: <@1302617856516558891>
2025-01-02 21:48:48 - [пїЅпїЅпїЅпїЅпїЅпїЅ - #\U0001f4ac\u30fbпїЅпїЅпїЅпїЅпїЅпїЅпїЅ] clinrizet: пїЅпїЅпїЅпїЅпїЅпїЅпїЅпїЅ
2025-01-02 21:48:50 - [пїЅпїЅпїЅпїЅпїЅпїЅ - #\U0001f4ac\u30fbпїЅпїЅпїЅпїЅпїЅпїЅпїЅ] clinrizet: пїЅпїЅпїЅпїЅпїЅ
2025-01-02 21:48:53 - [пїЅпїЅпїЅпїЅпїЅпїЅ - #\U0001f4ac\u30fbпїЅпїЅпїЅпїЅпїЅпїЅпїЅ] clinrizet: пїЅпїЅпїЅпїЅ пїЅпїЅпїЅпїЅпїЅ
2025-01-02 21:48:54 - [пїЅпїЅпїЅпїЅпїЅпїЅ - #\U0001f4ac\u30fbпїЅпїЅпїЅпїЅпїЅпїЅпїЅ] clinrizet: пїЅ пїЅпїЅ
2025-01-02 21:49:33 - [пїЅпїЅпїЅпїЅпїЅпїЅ - #\U0001f4ac\u30fbпїЅпїЅпїЅпїЅпїЅпїЅпїЅ] 21senstorn_36494: пїЅ пїЅ zzzzzпїЅ пїЅпїЅпїЅпїЅпїЅ пїЅпїЅпїЅпїЅпїЅ пїЅ пїЅпїЅпїЅпїЅпїЅпїЅпїЅпїЅ
2025-01-02 21:49:44 - [пїЅпїЅпїЅпїЅпїЅпїЅ - #\U0001f4ac\u30fbпїЅпїЅпїЅпїЅпїЅпїЅпїЅ] fimacuzz: FAWK
2025-01-02 22:40:16 - PyNaCl is not installed, voice will NOT be supported
2025-01-02 22:40:16 - logging in using static token
2025-01-02 22:40:17 - Shard ID None has connected to Gateway (Session ID: c602263f7dd6c1fe6b33ce4bed669a0a).
2025-01-02 22:40:50 - [пїЅпїЅпїЅпїЅпїЅпїЅ - #пїЅпїЅпїЅпїЅ] fimacuzz: !mute
2025-01-02 22:40:50 - Ignoring exception in command mute
Traceback (most recent call last):
  File "C:\Users\пїЅпїЅпїЅпїЅ\PycharmProjects\vladlox\.venv2\Lib\site-packages\discord\ext\commands\bot.py", line 1366, in invoke
    await ctx.command.invoke(ctx)
  File "C:\Users\пїЅпїЅпїЅпїЅ\PycharmProjects\vladlox\.venv2\Lib\site-packages\discord\ext\commands\core.py", line 1021, in invoke
    await self.prepare(ctx)
  File "C:\Users\пїЅпїЅпїЅпїЅ\PycharmProjects\vladlox\.venv2\Lib\site-packages\discord\ext\commands\core.py", line 938, in prepare
    await self._parse_arguments(ctx)
  File "C:\Users\пїЅпїЅпїЅпїЅ\PycharmProjects\vladlox\.venv2\Lib\site-packages\discord\ext\commands\core.py", line 845, in _parse_arguments
    transformed = await self.transform(ctx, param, attachments)
                  ^^^^^^^^^^^^^^^^^^^^^^^^^^^^^^^^^^^^^^^^^^^^^
  File "C:\Users\пїЅпїЅпїЅпїЅ\PycharmProjects\vladlox\.venv2\Lib\site-packages\discord\ext\commands\core.py", line 697, in transform
    raise MissingRequiredArgument(param)
discord.ext.commands.errors.MissingRequiredArgument: member is a required argument that is missing.
2025-01-02 22:40:57 - [пїЅпїЅпїЅпїЅпїЅпїЅ - #пїЅпїЅпїЅпїЅ] fimacuzz: !ping
2025-01-02 22:41:00 - [пїЅпїЅпїЅпїЅпїЅпїЅ - #пїЅпїЅпїЅпїЅ] fimacuzz: !mute
2025-01-02 22:41:01 - Ignoring exception in command mute
Traceback (most recent call last):
  File "C:\Users\пїЅпїЅпїЅпїЅ\PycharmProjects\vladlox\.venv2\Lib\site-packages\discord\ext\commands\bot.py", line 1366, in invoke
    await ctx.command.invoke(ctx)
  File "C:\Users\пїЅпїЅпїЅпїЅ\PycharmProjects\vladlox\.venv2\Lib\site-packages\discord\ext\commands\core.py", line 1021, in invoke
    await self.prepare(ctx)
  File "C:\Users\пїЅпїЅпїЅпїЅ\PycharmProjects\vladlox\.venv2\Lib\site-packages\discord\ext\commands\core.py", line 938, in prepare
    await self._parse_arguments(ctx)
  File "C:\Users\пїЅпїЅпїЅпїЅ\PycharmProjects\vladlox\.venv2\Lib\site-packages\discord\ext\commands\core.py", line 845, in _parse_arguments
    transformed = await self.transform(ctx, param, attachments)
                  ^^^^^^^^^^^^^^^^^^^^^^^^^^^^^^^^^^^^^^^^^^^^^
  File "C:\Users\пїЅпїЅпїЅпїЅ\PycharmProjects\vladlox\.venv2\Lib\site-packages\discord\ext\commands\core.py", line 697, in transform
    raise MissingRequiredArgument(param)
discord.ext.commands.errors.MissingRequiredArgument: member is a required argument that is missing.
2025-01-02 22:41:20 - [пїЅпїЅпїЅпїЅпїЅпїЅ - #пїЅпїЅпїЅпїЅ] fimacuzz: !mute <@926004550576529428>
2025-01-02 22:41:41 - [пїЅпїЅпїЅпїЅпїЅпїЅ - #пїЅпїЅпїЅпїЅ] fimacuzz: пїЅпїЅпїЅпїЅ пїЅпїЅпїЅпїЅ пїЅ пїЅпїЅпїЅпїЅ пїЅпїЅпїЅпїЅ пїЅпїЅпїЅ
2025-01-02 22:41:49 - [пїЅпїЅпїЅпїЅпїЅпїЅ - #пїЅпїЅпїЅпїЅ] fimacuzz: пїЅ пїЅпїЅпїЅпїЅпїЅпїЅпїЅ пїЅпїЅпїЅпїЅ
2025-01-02 22:43:07 - [пїЅпїЅпїЅпїЅпїЅпїЅ - #пїЅпїЅпїЅпїЅ] fimacuzz: !ping
2025-01-02 22:43:35 - [пїЅпїЅпїЅпїЅпїЅпїЅ - #пїЅпїЅпїЅпїЅ] fimacuzz: !mute <@1193911734570852455>
2025-01-02 22:45:55 - PyNaCl is not installed, voice will NOT be supported
2025-01-02 22:45:55 - logging in using static token
2025-01-02 22:45:56 - Shard ID None has connected to Gateway (Session ID: 980bed51521d0402e5eae0fdec9d9090).
2025-01-02 22:46:08 - [пїЅпїЅпїЅпїЅпїЅпїЅ - #пїЅпїЅпїЅпїЅ] fimacuzz: !mute <@1193911734570852455>
2025-01-02 22:46:26 - [пїЅпїЅпїЅпїЅпїЅпїЅ - #пїЅпїЅпїЅпїЅ] fimacuzz: !ummute <@1193911734570852455>
2025-01-02 22:46:26 - Ignoring exception in command None
discord.ext.commands.errors.CommandNotFound: Command "ummute" is not found
2025-01-02 22:46:41 - [пїЅпїЅпїЅпїЅпїЅпїЅ - #пїЅпїЅпїЅпїЅ] fimacuzz: !unmute <@1193911734570852455>
2025-01-02 22:46:56 - [пїЅпїЅпїЅпїЅпїЅпїЅ - #пїЅпїЅпїЅпїЅ] fimacuzz: пїЅпїЅпїЅпїЅпїЅ пїЅпїЅ пїЅпїЅ пїЅпїЅпїЅпїЅпїЅпїЅ пїЅпїЅпїЅпїЅпїЅ пїЅпїЅпїЅпїЅпїЅпїЅпїЅпїЅпїЅпїЅ...
2025-01-02 22:47:01 - [пїЅпїЅпїЅпїЅпїЅпїЅ - #пїЅпїЅпїЅпїЅ] fimacuzz: пїЅпїЅпїЅпїЅ пїЅпїЅ пїЅпїЅпїЅпїЅ пїЅпїЅпїЅпїЅпїЅпїЅпїЅпїЅпїЅпїЅ
2025-01-02 22:48:11 - [пїЅпїЅпїЅпїЅпїЅпїЅ - #пїЅпїЅпїЅпїЅ] fimacuzz: пїЅпїЅпїЅ пїЅпїЅпїЅпїЅпїЅ пїЅпїЅпїЅпїЅпїЅпїЅпїЅпїЅпїЅпїЅ
2025-01-02 22:53:47 - PyNaCl is not installed, voice will NOT be supported
2025-01-02 22:53:47 - logging in using static token
2025-01-02 22:53:48 - Shard ID None has connected to Gateway (Session ID: 29950283d1e8f49d51e5d64a9f7c284d).
2025-01-02 22:54:16 - [пїЅпїЅпїЅпїЅпїЅпїЅ - #пїЅпїЅпїЅпїЅ] fimacuzz: !mute <@1193911734570852455>
2025-01-02 22:54:37 - [пїЅпїЅпїЅпїЅпїЅпїЅ - #пїЅпїЅпїЅпїЅ] fimacuzz: !mute <@1193911734570852455> 60 пїЅпїЅпїЅпїЅ
2025-01-02 22:54:58 - [пїЅпїЅпїЅпїЅпїЅпїЅ - #пїЅпїЅпїЅпїЅ] fimacuzz: !umute <@1193911734570852455>
2025-01-02 22:54:58 - Ignoring exception in command None
discord.ext.commands.errors.CommandNotFound: Command "umute" is not found
2025-01-02 22:55:08 - [пїЅпїЅпїЅпїЅпїЅпїЅ - #пїЅпїЅпїЅпїЅ] fimacuzz: !unmute <@1193911734570852455>
2025-01-02 22:55:22 - [пїЅпїЅпїЅпїЅпїЅпїЅ - #пїЅпїЅпїЅпїЅ] fimacuzz: !mute @пїЅпїЅпїЅпїЅ пїЅпїЅпїЅпїЅпїЅпїЅпїЅпїЅпїЅ 1 пїЅпїЅпїЅпїЅ
2025-01-02 22:55:40 - [пїЅпїЅпїЅпїЅпїЅпїЅ - #пїЅпїЅпїЅпїЅ] fimacuzz: !mute <@1193911734570852455>   1 пїЅпїЅпїЅпїЅ
2025-01-02 22:59:56 - PyNaCl is not installed, voice will NOT be supported
2025-01-02 22:59:56 - logging in using static token
2025-01-02 22:59:57 - Shard ID None has connected to Gateway (Session ID: dd5c8d10c5951335a98d8a2df0a2930a).
2025-01-02 23:00:16 - [пїЅпїЅпїЅпїЅпїЅпїЅ - #пїЅпїЅпїЅпїЅ-пїЅпїЅпїЅпїЅ-пїЅпїЅпїЅпїЅпїЅ-пїЅпїЅпїЅпїЅ] fimacuzz: !mute <@1193911734570852455>  1 пїЅпїЅпїЅпїЅ
2025-01-02 23:00:34 - [пїЅпїЅпїЅпїЅпїЅпїЅ - #пїЅпїЅпїЅпїЅ-пїЅпїЅпїЅпїЅ-пїЅпїЅпїЅпїЅпїЅ-пїЅпїЅпїЅпїЅ] fimacuzz: пїЅпїЅпїЅ пїЅпїЅпїЅпїЅпїЅ пїЅпїЅпїЅпїЅпїЅпїЅпїЅ пїЅ пїЅпїЅпїЅпїЅпїЅпїЅпїЅпїЅ...
2025-01-02 23:01:30 - [пїЅпїЅпїЅпїЅпїЅпїЅ - #пїЅпїЅпїЅпїЅ-пїЅпїЅпїЅпїЅ-пїЅпїЅпїЅпїЅпїЅ-пїЅпїЅпїЅпїЅ] fimacuzz: пїЅпїЅпїЅ пїЅпїЅпїЅпїЅпїЅпїЅпїЅпїЅ!!!!!!! пїЅпїЅпїЅпїЅпїЅпїЅ!!!!!!!!!!!!!
2025-01-02 23:27:26 - PyNaCl is not installed, voice will NOT be supported
2025-01-02 23:27:26 - logging in using static token
2025-01-02 23:27:28 - Shard ID None has connected to Gateway (Session ID: 504e9aca3e75c4281ec7622219d488d5).
2025-01-02 23:27:45 - [пїЅпїЅпїЅпїЅпїЅпїЅ - #\U0001f4ac\u30fbпїЅпїЅпїЅпїЅпїЅпїЅпїЅ] fimacuzz: пїЅпїЅпїЅпїЅпїЅпїЅпїЅ пїЅпїЅпїЅпїЅ
2025-01-02 23:27:48 - [пїЅпїЅпїЅпїЅпїЅпїЅ - #\U0001f4ac\u30fbпїЅпїЅпїЅпїЅпїЅпїЅпїЅ] fimacuzz: !roll
2025-01-02 23:27:53 - [пїЅпїЅпїЅпїЅпїЅпїЅ - #\U0001f4ac\u30fbпїЅпїЅпїЅпїЅпїЅпїЅпїЅ] fimacuzz: пїЅпїЅпїЅ
2025-01-02 23:28:04 - [пїЅпїЅпїЅпїЅпїЅпїЅ - #\U0001f4ac\u30fbпїЅпїЅпїЅпїЅпїЅпїЅпїЅ] fimacuzz: пїЅпїЅпїЅпїЅпїЅпїЅ пїЅпїЅпїЅпїЅпїЅпїЅпїЅпїЅ пїЅпїЅпїЅпїЅ
2025-01-02 23:28:05 - [пїЅпїЅпїЅпїЅпїЅпїЅ - #\U0001f4ac\u30fbпїЅпїЅпїЅпїЅпїЅпїЅпїЅ] fimacuzz: пїЅпїЅпїЅпїЅпїЅпїЅпїЅпїЅпїЅ
2025-01-02 23:28:11 - [пїЅпїЅпїЅпїЅпїЅпїЅ - #\U0001f4ac\u30fbпїЅпїЅпїЅпїЅпїЅпїЅпїЅ] fimacuzz: пїЅ пїЅпїЅпїЅпїЅ пїЅпїЅпїЅпїЅ пїЅпїЅпїЅ пїЅпїЅпїЅ пїЅпїЅпїЅпїЅпїЅпїЅ пїЅпїЅпїЅпїЅпїЅпїЅпїЅпїЅпїЅпїЅпїЅ
2025-01-02 23:28:26 - [пїЅпїЅпїЅпїЅпїЅпїЅ - #\U0001f4ac\u30fbпїЅпїЅпїЅпїЅпїЅпїЅпїЅ] fimacuzz: !avatar <@1302617856516558891>
2025-01-02 23:28:34 - [пїЅпїЅпїЅпїЅпїЅпїЅ - #\U0001f4ac\u30fbпїЅпїЅпїЅпїЅпїЅпїЅпїЅ] fimacuzz: FASHIONBLE
2025-01-02 23:29:53 - [пїЅпїЅпїЅпїЅпїЅпїЅ - #\U0001f4ac\u30fbпїЅпїЅпїЅпїЅпїЅпїЅпїЅ] fimacuzz: !mute <@1204504465412063333>  1 пїЅпїЅ пїЅпїЅ пїЅпїЅпїЅ пїЅпїЅпїЅпїЅпїЅпїЅпїЅ
2025-01-02 23:30:27 - [пїЅпїЅпїЅпїЅпїЅпїЅ - #\U0001f4ac\u30fbпїЅпїЅпїЅпїЅпїЅпїЅпїЅ] fimacuzz: !serverinfo
2025-01-02 23:31:29 - [пїЅпїЅпїЅпїЅпїЅпїЅ - #\U0001f4ac\u30fbпїЅпїЅпїЅпїЅпїЅпїЅпїЅ] fimacuzz: !quote
2025-01-02 23:31:36 - [пїЅпїЅпїЅпїЅпїЅпїЅ - #\U0001f4ac\u30fbпїЅпїЅпїЅпїЅпїЅпїЅпїЅ] fimacuzz: пїЅпїЅпїЅ!!!!!!
2025-01-02 23:31:42 - [пїЅпїЅпїЅпїЅпїЅпїЅ - #\U0001f4ac\u30fbпїЅпїЅпїЅпїЅпїЅпїЅпїЅ] fimacuzz: пїЅпїЅпїЅпїЅпїЅпїЅпїЅ пїЅпїЅпїЅпїЅпїЅ пїЅпїЅпїЅпїЅ пїЅпїЅпїЅпїЅпїЅпїЅ!!!!!
2025-01-02 23:31:55 - [пїЅпїЅпїЅпїЅпїЅпїЅ - #\U0001f4ac\u30fbпїЅпїЅпїЅпїЅпїЅпїЅпїЅ] fimacuzz: !userinfo <@1302617856516558891>
2025-01-02 23:32:18 - [пїЅпїЅпїЅпїЅпїЅпїЅ - #\U0001f4ac\u30fbпїЅпїЅпїЅпїЅпїЅпїЅпїЅ] fimacuzz: !clear 9
2025-01-02 23:32:57 - [пїЅпїЅпїЅпїЅпїЅпїЅ - #\U0001f4ac\u30fbпїЅпїЅпїЅпїЅпїЅпїЅпїЅ] fimacuzz: !say
2025-01-02 23:32:57 - Ignoring exception in command say
Traceback (most recent call last):
  File "C:\Users\пїЅпїЅпїЅпїЅ\PycharmProjects\vladlox\.venv2\Lib\site-packages\discord\ext\commands\bot.py", line 1366, in invoke
    await ctx.command.invoke(ctx)
  File "C:\Users\пїЅпїЅпїЅпїЅ\PycharmProjects\vladlox\.venv2\Lib\site-packages\discord\ext\commands\core.py", line 1021, in invoke
    await self.prepare(ctx)
  File "C:\Users\пїЅпїЅпїЅпїЅ\PycharmProjects\vladlox\.venv2\Lib\site-packages\discord\ext\commands\core.py", line 938, in prepare
    await self._parse_arguments(ctx)
  File "C:\Users\пїЅпїЅпїЅпїЅ\PycharmProjects\vladlox\.venv2\Lib\site-packages\discord\ext\commands\core.py", line 853, in _parse_arguments
    kwargs[name] = await self.transform(ctx, param, attachments)
                   ^^^^^^^^^^^^^^^^^^^^^^^^^^^^^^^^^^^^^^^^^^^^^
  File "C:\Users\пїЅпїЅпїЅпїЅ\PycharmProjects\vladlox\.venv2\Lib\site-packages\discord\ext\commands\core.py", line 697, in transform
    raise MissingRequiredArgument(param)
discord.ext.commands.errors.MissingRequiredArgument: message is a required argument that is missing.
2025-01-02 23:33:13 - [пїЅпїЅпїЅпїЅпїЅпїЅ - #\U0001f4ac\u30fbпїЅпїЅпїЅпїЅпїЅпїЅпїЅ] fimacuzz: !say пїЅпїЅпїЅпїЅпїЅпїЅ пїЅпїЅпїЅ пїЅпїЅпїЅпїЅ
2025-01-02 23:38:41 - [пїЅпїЅпїЅпїЅпїЅпїЅ - #\U0001f4ac\u30fbпїЅпїЅпїЅпїЅпїЅпїЅпїЅ] fimacuzz: ZZzzzzz
2025-01-02 23:38:53 - [пїЅпїЅпїЅпїЅпїЅпїЅ - #\U0001f4ac\u30fbпїЅпїЅпїЅпїЅпїЅпїЅпїЅ] ron281: zzzzz
2025-01-02 23:39:09 - PyNaCl is not installed, voice will NOT be supported
2025-01-02 23:39:09 - logging in using static token
2025-01-02 23:39:11 - Shard ID None has connected to Gateway (Session ID: 3456fea50d103d830e34e2922bd513a2).
2025-01-02 23:39:28 - [пїЅпїЅпїЅпїЅпїЅпїЅ - #\U0001f4ac\u30fbпїЅпїЅпїЅпїЅпїЅпїЅпїЅ] fimacuzz: !пїЅпїЅпїЅпїЅпїЅ пїЅ пїЅпїЅпїЅпїЅпїЅпїЅ!!!!
2025-01-02 23:40:00 - [пїЅпїЅпїЅпїЅпїЅпїЅ - #\U0001f4ac\u30fbпїЅпїЅпїЅпїЅпїЅпїЅпїЅ] fimacuzz: !clear 2
2025-01-02 23:47:36 - PyNaCl is not installed, voice will NOT be supported
2025-01-02 23:47:36 - logging in using static token
2025-01-02 23:47:37 - Shard ID None has connected to Gateway (Session ID: 0fbfca86dcd2a83ca920940dcb86ee6d).
2025-01-02 23:47:48 - [пїЅпїЅпїЅпїЅпїЅпїЅ - #пїЅпїЅпїЅпїЅ-пїЅпїЅпїЅпїЅ-пїЅпїЅпїЅпїЅпїЅ-пїЅпїЅпїЅпїЅ] fimacuzz: !quote
2025-01-02 23:47:51 - [пїЅпїЅпїЅпїЅпїЅпїЅ - #пїЅпїЅпїЅпїЅ-пїЅпїЅпїЅпїЅ-пїЅпїЅпїЅпїЅпїЅ-пїЅпїЅпїЅпїЅ] fimacuzz: !quote
2025-01-02 23:47:52 - [пїЅпїЅпїЅпїЅпїЅпїЅ - #пїЅпїЅпїЅпїЅ-пїЅпїЅпїЅпїЅ-пїЅпїЅпїЅпїЅпїЅ-пїЅпїЅпїЅпїЅ] fimacuzz: !quote
2025-01-02 23:47:54 - [пїЅпїЅпїЅпїЅпїЅпїЅ - #пїЅпїЅпїЅпїЅ-пїЅпїЅпїЅпїЅ-пїЅпїЅпїЅпїЅпїЅ-пїЅпїЅпїЅпїЅ] fimacuzz: !quote
2025-01-02 23:47:56 - [пїЅпїЅпїЅпїЅпїЅпїЅ - #пїЅпїЅпїЅпїЅ-пїЅпїЅпїЅпїЅ-пїЅпїЅпїЅпїЅпїЅ-пїЅпїЅпїЅпїЅ] fimacuzz: !quote
2025-01-02 23:47:58 - [пїЅпїЅпїЅпїЅпїЅпїЅ - #пїЅпїЅпїЅпїЅ-пїЅпїЅпїЅпїЅ-пїЅпїЅпїЅпїЅпїЅ-пїЅпїЅпїЅпїЅ] fimacuzz: !quote
2025-01-02 23:48:00 - [пїЅпїЅпїЅпїЅпїЅпїЅ - #пїЅпїЅпїЅпїЅ-пїЅпїЅпїЅпїЅ-пїЅпїЅпїЅпїЅпїЅ-пїЅпїЅпїЅпїЅ] fimacuzz: !quote
2025-01-02 23:49:08 - PyNaCl is not installed, voice will NOT be supported
2025-01-02 23:49:08 - logging in using static token
2025-01-02 23:49:09 - Shard ID None has connected to Gateway (Session ID: a063f44aa8d507c1d5c40f8ca1dafbe3).
2025-01-02 23:49:10 - [пїЅпїЅпїЅпїЅпїЅпїЅ - #пїЅпїЅпїЅпїЅ-пїЅпїЅпїЅпїЅ-пїЅпїЅпїЅпїЅпїЅ-пїЅпїЅпїЅпїЅ] fimacuzz: !quote
2025-01-02 23:49:12 - [пїЅпїЅпїЅпїЅпїЅпїЅ - #пїЅпїЅпїЅпїЅ-пїЅпїЅпїЅпїЅ-пїЅпїЅпїЅпїЅпїЅ-пїЅпїЅпїЅпїЅ] fimacuzz: !quote
2025-01-02 23:49:13 - [пїЅпїЅпїЅпїЅпїЅпїЅ - #пїЅпїЅпїЅпїЅ-пїЅпїЅпїЅпїЅ-пїЅпїЅпїЅпїЅпїЅ-пїЅпїЅпїЅпїЅ] fimacuzz: !quote
2025-01-02 23:49:14 - [пїЅпїЅпїЅпїЅпїЅпїЅ - #пїЅпїЅпїЅпїЅ-пїЅпїЅпїЅпїЅ-пїЅпїЅпїЅпїЅпїЅ-пїЅпїЅпїЅпїЅ] fimacuzz: !quote
2025-01-02 23:49:16 - [пїЅпїЅпїЅпїЅпїЅпїЅ - #пїЅпїЅпїЅпїЅ-пїЅпїЅпїЅпїЅ-пїЅпїЅпїЅпїЅпїЅ-пїЅпїЅпїЅпїЅ] fimacuzz: !quote
2025-01-02 23:49:17 - [пїЅпїЅпїЅпїЅпїЅпїЅ - #пїЅпїЅпїЅпїЅ-пїЅпїЅпїЅпїЅ-пїЅпїЅпїЅпїЅпїЅ-пїЅпїЅпїЅпїЅ] fimacuzz: !quote
2025-01-02 23:49:18 - [пїЅпїЅпїЅпїЅпїЅпїЅ - #пїЅпїЅпїЅпїЅ-пїЅпїЅпїЅпїЅ-пїЅпїЅпїЅпїЅпїЅ-пїЅпїЅпїЅпїЅ] fimacuzz: !quote
2025-01-02 23:49:20 - [пїЅпїЅпїЅпїЅпїЅпїЅ - #пїЅпїЅпїЅпїЅ-пїЅпїЅпїЅпїЅ-пїЅпїЅпїЅпїЅпїЅ-пїЅпїЅпїЅпїЅ] fimacuzz: !quote
2025-01-02 23:49:21 - [пїЅпїЅпїЅпїЅпїЅпїЅ - #пїЅпїЅпїЅпїЅ-пїЅпїЅпїЅпїЅ-пїЅпїЅпїЅпїЅпїЅ-пїЅпїЅпїЅпїЅ] fimacuzz: !quote
2025-01-02 23:50:15 - [пїЅпїЅпїЅпїЅпїЅпїЅ - #пїЅпїЅпїЅпїЅ-пїЅпїЅпїЅпїЅ-пїЅпїЅпїЅпїЅпїЅ-пїЅпїЅпїЅпїЅ] fimacuzz: !help
2025-01-02 23:55:07 - PyNaCl is not installed, voice will NOT be supported
2025-01-02 23:55:07 - logging in using static token
2025-01-02 23:55:08 - Shard ID None has connected to Gateway (Session ID: b5c3145b0fbe79e204258ec880788918).
2025-01-02 23:55:19 - [пїЅпїЅпїЅпїЅпїЅпїЅ - #пїЅпїЅпїЅпїЅ-пїЅпїЅпїЅпїЅ-пїЅпїЅпїЅпїЅпїЅ-пїЅпїЅпїЅпїЅ] fimacuzz: /ping
2025-01-03 00:00:50 - PyNaCl is not installed, voice will NOT be supported
2025-01-03 00:00:50 - logging in using static token
2025-01-03 00:01:22 - PyNaCl is not installed, voice will NOT be supported
2025-01-03 00:01:46 - PyNaCl is not installed, voice will NOT be supported
2025-01-03 00:01:46 - logging in using static token
2025-01-03 00:02:24 - PyNaCl is not installed, voice will NOT be supported
2025-01-03 00:02:24 - logging in using static token
2025-01-03 00:03:25 - PyNaCl is not installed, voice will NOT be supported
2025-01-03 00:03:25 - logging in using static token
2025-01-03 00:03:26 - Shard ID None has connected to Gateway (Session ID: 4ed8dd03633161197468d8d03369f97b).
2025-01-03 00:14:28 - PyNaCl is not installed, voice will NOT be supported
2025-01-03 00:14:28 - logging in using static token
2025-01-03 00:14:30 - Shard ID None has connected to Gateway (Session ID: 2bcb5b693b59c8341f33cfc3e5992c8c).
2025-01-03 00:15:11 - PyNaCl is not installed, voice will NOT be supported
2025-01-03 00:15:11 - logging in using static token
2025-01-03 00:15:12 - Shard ID None has connected to Gateway (Session ID: bf6fc9f343f1bfe226062d27ca2c7a1e).
2025-01-03 00:15:48 - [пухтон - #\U0001f4ac\u30fbобщение] fimacuzz: 
2025-01-03 00:16:08 - [пухтон - #\U0001f4ac\u30fbобщение] clinrizet: Шуткануо
2025-01-03 00:16:10 - [пухтон - #\U0001f4ac\u30fbобщение] fimacuzz: да
2025-01-03 00:16:19 - [пухтон - #\U0001f4ac\u30fbобщение] clinrizet: \U0001f92d\U0001f92d\U0001f92d\U0001f92d\U0001f923\U0001f923\U0001f923\U0001f923\U0001f923\U0001f923\U0001f639\U0001f639\U0001f639\U0001f639\U0001f468\U0001f3ff\u200d\u2764\ufe0f\u200d\U0001f48b\u200d\U0001f468\U0001f3ff\U0001f468\U0001f3ff\u200d\u2764\ufe0f\u200d\U0001f48b\u200d\U0001f468\U0001f3ff
2025-01-03 00:16:24 - [пухтон - #\U0001f4ac\u30fbобщение] fimacuzz: ой геи
2025-01-03 00:17:01 - PyNaCl is not installed, voice will NOT be supported
2025-01-03 00:17:01 - logging in using static token
2025-01-03 00:17:02 - Shard ID None has connected to Gateway (Session ID: 87db5e891a045bb0ac47f8c6cbbcf012).
2025-01-03 00:17:17 - PyNaCl is not installed, voice will NOT be supported
2025-01-03 00:17:17 - logging in using static token
2025-01-03 00:17:18 - Shard ID None has connected to Gateway (Session ID: cb3180915d0393f078488c4eb62d9b65).
2025-01-03 00:22:12 - PyNaCl is not installed, voice will NOT be supported
2025-01-03 00:22:12 - logging in using static token
2025-01-03 00:22:13 - Shard ID None has connected to Gateway (Session ID: 39b5825273681c48384b9a16e4506aac).
2025-01-03 00:23:43 - PyNaCl is not installed, voice will NOT be supported
2025-01-03 00:23:43 - logging in using static token
2025-01-03 00:23:44 - Shard ID None has connected to Gateway (Session ID: ebbde874e5cf0af7d2ed883dfd93c089).
2025-01-03 00:25:29 - PyNaCl is not installed, voice will NOT be supported
2025-01-03 00:25:29 - logging in using static token
2025-01-03 00:25:30 - Shard ID None has connected to Gateway (Session ID: 54fc5d37d543c60cbca0e5c955d0e0f7).
2025-01-03 00:27:43 - PyNaCl is not installed, voice will NOT be supported
2025-01-03 00:27:43 - logging in using static token
2025-01-03 00:27:44 - Shard ID None has connected to Gateway (Session ID: 07e77a8b119c121aca1a0de8c5c4547e).
2025-01-03 00:39:17 - PyNaCl is not installed, voice will NOT be supported
2025-01-03 00:39:17 - logging in using static token
2025-01-03 00:39:18 - Shard ID None has connected to Gateway (Session ID: 33c60d006e000be8af95f3d122ef4f7c).
2025-01-03 00:39:33 - PyNaCl is not installed, voice will NOT be supported
2025-01-03 00:39:33 - logging in using static token
2025-01-03 00:39:34 - Shard ID None has connected to Gateway (Session ID: 8e5c6a7f7a7545c72b63a4bdbde73323).
2025-01-03 00:40:55 - PyNaCl is not installed, voice will NOT be supported
2025-01-03 00:40:55 - logging in using static token
2025-01-03 00:40:56 - Shard ID None has connected to Gateway (Session ID: 1c8c980fba0dd0c11c4cca93df922137).
2025-01-03 00:41:22 - [пухтон - #\U0001f4ac\u30fbобщение] fimacuzz: !ping
2025-01-03 00:41:25 - [пухтон - #\U0001f4ac\u30fbобщение] fimacuzz: rf
2025-01-03 00:41:50 - [пухтон - #\U0001f4ac\u30fbобщение] fimacuzz: !level
2025-01-03 00:41:51 - Ignoring exception in command None
discord.ext.commands.errors.CommandNotFound: Command "level" is not found
2025-01-03 00:42:01 - [пухтон - #\U0001f4ac\u30fbобщение] fimacuzz: я сосу я поняд
2025-01-03 00:44:03 - PyNaCl is not installed, voice will NOT be supported
2025-01-03 00:44:03 - logging in using static token
2025-01-03 00:44:04 - Shard ID None has connected to Gateway (Session ID: b475d775614f5c6ac9bf93bb3d9c66d1).
2025-01-03 00:44:58 - PyNaCl is not installed, voice will NOT be supported
2025-01-03 00:44:58 - logging in using static token
2025-01-03 00:44:59 - Shard ID None has connected to Gateway (Session ID: c575bc28f9b8d6048e352a51ec24be1e).
2025-01-03 00:45:23 - PyNaCl is not installed, voice will NOT be supported
2025-01-03 00:45:23 - logging in using static token
2025-01-03 00:45:24 - Shard ID None has connected to Gateway (Session ID: e07c9cc354b56109aac8f68dcce2b9aa).
2025-01-03 00:45:44 - PyNaCl is not installed, voice will NOT be supported
2025-01-03 00:45:44 - logging in using static token
2025-01-03 00:45:45 - Shard ID None has connected to Gateway (Session ID: 146596365bf18ddff52e8cd383426d9d).
2025-01-03 00:46:12 - [пухтон - #\U0001f4ac\u30fbобщение] fimacuzz: !level
2025-01-03 00:46:12 - Ignoring exception in command None
discord.ext.commands.errors.CommandNotFound: Command "level" is not found
2025-01-03 00:46:16 - [пухтон - #\U0001f4ac\u30fbобщение] fimacuzz: saf
2025-01-03 00:46:18 - [пухтон - #\U0001f4ac\u30fbобщение] fimacuzz: sfd
2025-01-03 00:46:25 - [пухтон - #\U0001f4ac\u30fbобщение] fimacuzz: 
2025-01-03 00:46:27 - [пухтон - #\U0001f4ac\u30fbобщение] fimacuzz: ага бля
2025-01-03 00:46:40 - [пухтон - #\U0001f4ac\u30fbобщение] fimacuzz: но сука в сообщение ты ыводить нихуя не будешь
2025-01-03 00:46:43 - [пухтон - #\U0001f4ac\u30fbобщение] fimacuzz: от сука а
2025-01-03 00:47:08 - [пухтон - #\U0001f4ac\u30fbобщение] fimacuzz: !level
2025-01-03 00:47:08 - Ignoring exception in command None
discord.ext.commands.errors.CommandNotFound: Command "level" is not found
2025-01-03 00:47:21 - [пухтон - #\U0001f4ac\u30fbобщение] fimacuzz: !clear 10
2025-01-03 00:49:17 - PyNaCl is not installed, voice will NOT be supported
2025-01-03 00:49:17 - logging in using static token
2025-01-03 00:49:50 - PyNaCl is not installed, voice will NOT be supported
2025-01-03 00:49:50 - logging in using static token
2025-01-03 00:49:52 - Shard ID None has connected to Gateway (Session ID: c423b77fa6119c7ef1bd59b142621ee9).
2025-01-03 00:50:01 - [пухтон - #соси-плюс-тесты-бота] fimacuzz: !level
2025-01-03 00:50:11 - [пухтон - #соси-плюс-тесты-бота] fimacuzz: бля пиздато
2025-01-03 00:50:13 - [пухтон - #соси-плюс-тесты-бота] fimacuzz: ахаухаывхзывазххзыавыав
2025-01-03 00:53:20 - PyNaCl is not installed, voice will NOT be supported
2025-01-03 00:53:20 - logging in using static token
2025-01-03 00:53:21 - Shard ID None has connected to Gateway (Session ID: e7ea218294f3dc09f34ccad5a2380e77).
2025-01-03 00:53:28 - [пухтон - #соси-плюс-тесты-бота] fimacuzz: !level
2025-01-03 00:54:47 - [пухтон - #\U0001f4ca\u30fbпроверка-уровня] fimacuzz: !ранг
2025-01-03 00:54:47 - Ignoring exception in command None
discord.ext.commands.errors.CommandNotFound: Command "ранг" is not found
2025-01-03 00:56:56 - PyNaCl is not installed, voice will NOT be supported
2025-01-03 00:56:56 - logging in using static token
2025-01-03 00:57:09 - PyNaCl is not installed, voice will NOT be supported
2025-01-03 00:57:09 - logging in using static token
2025-01-03 00:57:10 - Shard ID None has connected to Gateway (Session ID: 06e5447e9cfb24771f1e685af0599ae9).
2025-01-03 00:58:44 - PyNaCl is not installed, voice will NOT be supported
2025-01-03 00:58:44 - logging in using static token
2025-01-03 00:58:45 - Shard ID None has connected to Gateway (Session ID: 80e258471fcfba6732fbef3c667ce261).
2025-01-03 00:58:53 - [пухтон - #\U0001f4ac\u30fbобщение] fimacuzz: !level
2025-01-03 00:59:14 - [пухтон - #соси-плюс-тесты-бота] fimacuzz: !addxp <@1112414018074837012>  31
2025-01-03 01:08:24 - PyNaCl is not installed, voice will NOT be supported
2025-01-03 01:08:24 - logging in using static token
2025-01-03 01:08:25 - Shard ID None has connected to Gateway (Session ID: d461751945f0388cd6b673eaec542c24).
2025-01-03 01:08:33 - [пухтон - #соси-плюс-тесты-бота] fimacuzz: !level
2025-01-03 01:13:13 - [пухтон - #соси-плюс-тесты-бота] fimacuzz: !serverinfo
2025-01-03 01:15:27 - PyNaCl is not installed, voice will NOT be supported
2025-01-03 01:15:27 - logging in using static token
2025-01-03 01:15:38 - PyNaCl is not installed, voice will NOT be supported
2025-01-03 01:15:38 - logging in using static token
2025-01-03 01:15:39 - Shard ID None has connected to Gateway (Session ID: 2144d12fe7003aeef2be918ce29bb825).
2025-01-03 01:15:58 - [пухтон - #соси-плюс-тесты-бота] fimacuzz: !ban
2025-01-03 01:15:58 - Ignoring exception in command ban
Traceback (most recent call last):
  File "C:\Users\фима\PycharmProjects\vladlox\.venv2\Lib\site-packages\discord\ext\commands\bot.py", line 1366, in invoke
    await ctx.command.invoke(ctx)
  File "C:\Users\фима\PycharmProjects\vladlox\.venv2\Lib\site-packages\discord\ext\commands\core.py", line 1021, in invoke
    await self.prepare(ctx)
  File "C:\Users\фима\PycharmProjects\vladlox\.venv2\Lib\site-packages\discord\ext\commands\core.py", line 938, in prepare
    await self._parse_arguments(ctx)
  File "C:\Users\фима\PycharmProjects\vladlox\.venv2\Lib\site-packages\discord\ext\commands\core.py", line 845, in _parse_arguments
    transformed = await self.transform(ctx, param, attachments)
                  ^^^^^^^^^^^^^^^^^^^^^^^^^^^^^^^^^^^^^^^^^^^^^
  File "C:\Users\фима\PycharmProjects\vladlox\.venv2\Lib\site-packages\discord\ext\commands\core.py", line 697, in transform
    raise MissingRequiredArgument(param)
discord.ext.commands.errors.MissingRequiredArgument: member is a required argument that is missing.
2025-01-03 01:16:10 - [пухтон - #соси-плюс-тесты-бота] fimacuzz: !ban <@1193911734570852455>
2025-01-03 01:16:11 - Ignoring exception in command ban
Traceback (most recent call last):
  File "C:\Users\фима\PycharmProjects\vladlox\.venv2\Lib\site-packages\discord\ext\commands\core.py", line 235, in wrapped
    ret = await coro(*args, **kwargs)
          ^^^^^^^^^^^^^^^^^^^^^^^^^^^
  File "C:\Users\фима\PycharmProjects\vladlox\vladlox.py", line 215, in ban
    await member.ban(reason=reason)
  File "C:\Users\фима\PycharmProjects\vladlox\.venv2\Lib\site-packages\discord\member.py", line 775, in ban
    await self.guild.ban(
  File "C:\Users\фима\PycharmProjects\vladlox\.venv2\Lib\site-packages\discord\guild.py", line 3757, in ban
    await self._state.http.ban(user.id, self.id, delete_message_seconds, reason=reason)
  File "C:\Users\фима\PycharmProjects\vladlox\.venv2\Lib\site-packages\discord\http.py", line 752, in request
    raise Forbidden(response, data)
discord.errors.Forbidden: 403 Forbidden (error code: 50013): Missing Permissions

The above exception was the direct cause of the following exception:

Traceback (most recent call last):
  File "C:\Users\фима\PycharmProjects\vladlox\.venv2\Lib\site-packages\discord\ext\commands\bot.py", line 1366, in invoke
    await ctx.command.invoke(ctx)
  File "C:\Users\фима\PycharmProjects\vladlox\.venv2\Lib\site-packages\discord\ext\commands\core.py", line 1029, in invoke
    await injected(*ctx.args, **ctx.kwargs)  # type: ignore
    ^^^^^^^^^^^^^^^^^^^^^^^^^^^^^^^^^^^^^^^
  File "C:\Users\фима\PycharmProjects\vladlox\.venv2\Lib\site-packages\discord\ext\commands\core.py", line 244, in wrapped
    raise CommandInvokeError(exc) from exc
discord.ext.commands.errors.CommandInvokeError: Command raised an exception: Forbidden: 403 Forbidden (error code: 50013): Missing Permissions
2025-01-03 01:17:09 - PyNaCl is not installed, voice will NOT be supported
2025-01-03 01:17:09 - logging in using static token
2025-01-03 01:17:11 - Shard ID None has connected to Gateway (Session ID: e7cfd0d5b2dfe189556a8650a86b2e20).
2025-01-03 01:17:18 - [пухтон - #соси-плюс-тесты-бота] fimacuzz: !ban
2025-01-03 01:17:18 - Ignoring exception in command ban
Traceback (most recent call last):
  File "C:\Users\фима\PycharmProjects\vladlox\.venv2\Lib\site-packages\discord\ext\commands\bot.py", line 1366, in invoke
    await ctx.command.invoke(ctx)
  File "C:\Users\фима\PycharmProjects\vladlox\.venv2\Lib\site-packages\discord\ext\commands\core.py", line 1021, in invoke
    await self.prepare(ctx)
  File "C:\Users\фима\PycharmProjects\vladlox\.venv2\Lib\site-packages\discord\ext\commands\core.py", line 938, in prepare
    await self._parse_arguments(ctx)
  File "C:\Users\фима\PycharmProjects\vladlox\.venv2\Lib\site-packages\discord\ext\commands\core.py", line 845, in _parse_arguments
    transformed = await self.transform(ctx, param, attachments)
                  ^^^^^^^^^^^^^^^^^^^^^^^^^^^^^^^^^^^^^^^^^^^^^
  File "C:\Users\фима\PycharmProjects\vladlox\.venv2\Lib\site-packages\discord\ext\commands\core.py", line 697, in transform
    raise MissingRequiredArgument(param)
discord.ext.commands.errors.MissingRequiredArgument: member is a required argument that is missing.
2025-01-03 01:17:29 - [пухтон - #соси-плюс-тесты-бота] fimacuzz: ! ban <@1193911734570852455>
2025-01-03 01:17:34 - [пухтон - #соси-плюс-тесты-бота] fimacuzz: !ban @фима тролейбус
2025-01-03 01:17:34 - Ignoring exception in command ban
Traceback (most recent call last):
  File "C:\Users\фима\PycharmProjects\vladlox\.venv2\Lib\site-packages\discord\ext\commands\bot.py", line 1366, in invoke
    await ctx.command.invoke(ctx)
  File "C:\Users\фима\PycharmProjects\vladlox\.venv2\Lib\site-packages\discord\ext\commands\core.py", line 1021, in invoke
    await self.prepare(ctx)
  File "C:\Users\фима\PycharmProjects\vladlox\.venv2\Lib\site-packages\discord\ext\commands\core.py", line 938, in prepare
    await self._parse_arguments(ctx)
  File "C:\Users\фима\PycharmProjects\vladlox\.venv2\Lib\site-packages\discord\ext\commands\core.py", line 845, in _parse_arguments
    transformed = await self.transform(ctx, param, attachments)
                  ^^^^^^^^^^^^^^^^^^^^^^^^^^^^^^^^^^^^^^^^^^^^^
  File "C:\Users\фима\PycharmProjects\vladlox\.venv2\Lib\site-packages\discord\ext\commands\core.py", line 715, in transform
    return await run_converters(ctx, converter, argument, param)  # type: ignore
           ^^^^^^^^^^^^^^^^^^^^^^^^^^^^^^^^^^^^^^^^^^^^^^^^^^^^^
  File "C:\Users\фима\PycharmProjects\vladlox\.venv2\Lib\site-packages\discord\ext\commands\converter.py", line 1400, in run_converters
    return await _actual_conversion(ctx, converter, argument, param)
           ^^^^^^^^^^^^^^^^^^^^^^^^^^^^^^^^^^^^^^^^^^^^^^^^^^^^^^^^^
  File "C:\Users\фима\PycharmProjects\vladlox\.venv2\Lib\site-packages\discord\ext\commands\converter.py", line 1282, in _actual_conversion
    return await converter().convert(ctx, argument)
           ^^^^^^^^^^^^^^^^^^^^^^^^^^^^^^^^^^^^^^^^
  File "C:\Users\фима\PycharmProjects\vladlox\.venv2\Lib\site-packages\discord\ext\commands\converter.py", line 276, in convert
    raise MemberNotFound(argument)
discord.ext.commands.errors.MemberNotFound: Member "@фима" not found.
2025-01-03 01:17:40 - [пухтон - #соси-плюс-тесты-бота] fimacuzz: [2025-01-03 01:17:34] [ERROR   ] discord.ext.commands.bot: Ignoring exception in command ban
Traceback (most recent call last):
  File "C:\Users\фима\PycharmProjects\vladlox\.venv2\Lib\site-packages\discord\ext\commands\bot.py", line 1366, in invoke
    await ctx.command.invoke(ctx)
  File "C:\Users\фима\PycharmProjects\vladlox\.venv2\Lib\site-packages\discord\ext\commands\core.py", line 1021, in invoke
    await self.prepare(ctx)
  File "C:\Users\фима\PycharmProjects\vladlox\.venv2\Lib\site-packages\discord\ext\commands\core.py", line 938, in prepare
    await self._parse_arguments(ctx)
  File "C:\Users\фима\PycharmProjects\vladlox\.venv2\Lib\site-packages\discord\ext\commands\core.py", line 845, in _parse_arguments
    transformed = await self.transform(ctx, param, attachments)
                  ^^^^^^^^^^^^^^^^^^^^^^^^^^^^^^^^^^^^^^^^^^^^^
  File "C:\Users\фима\PycharmProjects\vladlox\.venv2\Lib\site-packages\discord\ext\commands\core.py", line 715, in transform
    return await run_converters(ctx, converter, argument, param)  # type: ignore
           ^^^^^^^^^^^^^^^^^^^^^^^^^^^^^^^^^^^^^^^^^^^^^^^^^^^^^
  File "C:\Users\фима\PycharmProjects\vladlox\.venv2\Lib\site-packages\discord\ext\commands\converter.py", line 1400, in run_converters
    return await _actual_conversion(ctx, converter, argument, param)
           ^^^^^^^^^^^^^^^^^^^^^^^^^^^^^^^^^^^^^^^^^^^^^^^^^^^^^^^^^
  File "C:\Users\фима\PycharmProjects\vladlox\.venv2\Lib\site-packages\discord\ext\commands\converter.py", line 1282, in _actual_conversion
    return await converter().convert(ctx, argument)
           ^^^^^^^^^^^^^^^^^^^^^^^^^^^^^^^^^^^^^^^^
  File "C:\Users\фима\PycharmProjects\vladlox\.venv2\Lib\site-packages\discord\ext\commands\converter.py", line 276, in convert
    raise MemberNotFound(argument)
discord.ext.commands.errors.MemberNotFound: Member "@фима" not found.
2025-01-03 01:18:26 - [пухтон - #соси-плюс-тесты-бота] fimacuzz: !ban <@1193911734570852455>
2025-01-03 01:18:52 - [пухтон - #соси-плюс-тесты-бота] fimacuzz: !ban <@1193911734570852455>
2025-01-03 01:20:55 - PyNaCl is not installed, voice will NOT be supported
2025-01-03 01:20:55 - logging in using static token
2025-01-03 01:20:56 - Shard ID None has connected to Gateway (Session ID: cf037d32fea2a7acaab0095e4f517190).
2025-01-03 01:21:19 - [пухтон - #соси-плюс-тесты-бота] fimacuzz: !ban <@1193911734570852455>
2025-01-03 01:22:48 - PyNaCl is not installed, voice will NOT be supported
2025-01-03 01:22:48 - logging in using static token
2025-01-03 01:22:49 - Shard ID None has connected to Gateway (Session ID: 6d730618611dd9a2f1f59c9dc826ea83).
2025-01-03 01:23:03 - [пухтон - #соси-плюс-тесты-бота] fimacuzz: !ban
2025-01-03 01:23:03 - Ignoring exception in command ban
Traceback (most recent call last):
  File "C:\Users\фима\PycharmProjects\vladlox\.venv2\Lib\site-packages\discord\ext\commands\bot.py", line 1366, in invoke
    await ctx.command.invoke(ctx)
  File "C:\Users\фима\PycharmProjects\vladlox\.venv2\Lib\site-packages\discord\ext\commands\core.py", line 1021, in invoke
    await self.prepare(ctx)
  File "C:\Users\фима\PycharmProjects\vladlox\.venv2\Lib\site-packages\discord\ext\commands\core.py", line 938, in prepare
    await self._parse_arguments(ctx)
  File "C:\Users\фима\PycharmProjects\vladlox\.venv2\Lib\site-packages\discord\ext\commands\core.py", line 845, in _parse_arguments
    transformed = await self.transform(ctx, param, attachments)
                  ^^^^^^^^^^^^^^^^^^^^^^^^^^^^^^^^^^^^^^^^^^^^^
  File "C:\Users\фима\PycharmProjects\vladlox\.venv2\Lib\site-packages\discord\ext\commands\core.py", line 697, in transform
    raise MissingRequiredArgument(param)
discord.ext.commands.errors.MissingRequiredArgument: member is a required argument that is missing.
2025-01-03 01:23:09 - [пухтон - #соси-плюс-тесты-бота] fimacuzz: !ban <@&1215411252256444517>
2025-01-03 01:23:10 - Ignoring exception in command ban
Traceback (most recent call last):
  File "C:\Users\фима\PycharmProjects\vladlox\.venv2\Lib\site-packages\discord\ext\commands\bot.py", line 1366, in invoke
    await ctx.command.invoke(ctx)
  File "C:\Users\фима\PycharmProjects\vladlox\.venv2\Lib\site-packages\discord\ext\commands\core.py", line 1021, in invoke
    await self.prepare(ctx)
  File "C:\Users\фима\PycharmProjects\vladlox\.venv2\Lib\site-packages\discord\ext\commands\core.py", line 938, in prepare
    await self._parse_arguments(ctx)
  File "C:\Users\фима\PycharmProjects\vladlox\.venv2\Lib\site-packages\discord\ext\commands\core.py", line 845, in _parse_arguments
    transformed = await self.transform(ctx, param, attachments)
                  ^^^^^^^^^^^^^^^^^^^^^^^^^^^^^^^^^^^^^^^^^^^^^
  File "C:\Users\фима\PycharmProjects\vladlox\.venv2\Lib\site-packages\discord\ext\commands\core.py", line 715, in transform
    return await run_converters(ctx, converter, argument, param)  # type: ignore
           ^^^^^^^^^^^^^^^^^^^^^^^^^^^^^^^^^^^^^^^^^^^^^^^^^^^^^
  File "C:\Users\фима\PycharmProjects\vladlox\.venv2\Lib\site-packages\discord\ext\commands\converter.py", line 1400, in run_converters
    return await _actual_conversion(ctx, converter, argument, param)
           ^^^^^^^^^^^^^^^^^^^^^^^^^^^^^^^^^^^^^^^^^^^^^^^^^^^^^^^^^
  File "C:\Users\фима\PycharmProjects\vladlox\.venv2\Lib\site-packages\discord\ext\commands\converter.py", line 1282, in _actual_conversion
    return await converter().convert(ctx, argument)
           ^^^^^^^^^^^^^^^^^^^^^^^^^^^^^^^^^^^^^^^^
  File "C:\Users\фима\PycharmProjects\vladlox\.venv2\Lib\site-packages\discord\ext\commands\converter.py", line 276, in convert
    raise MemberNotFound(argument)
discord.ext.commands.errors.MemberNotFound: Member "<@&1215411252256444517>" not found.
2025-01-03 03:04:21 - PyNaCl is not installed, voice will NOT be supported
2025-01-03 03:04:21 - logging in using static token
2025-01-03 03:04:22 - Shard ID None has connected to Gateway (Session ID: f2878cf03bbe6361583ab00a4e88bdf2).
2025-01-03 03:05:36 - [пухтон - #соси-плюс-тесты-бота] fimacuzz: !ping
2025-01-03 03:05:44 - [пухтон - #соси-плюс-тесты-бота] fimacuzz: !mute
2025-01-03 03:05:44 - Ignoring exception in command mute
Traceback (most recent call last):
  File "C:\Users\фима\PycharmProjects\vladlox\.venv2\Lib\site-packages\discord\ext\commands\bot.py", line 1366, in invoke
    await ctx.command.invoke(ctx)
  File "C:\Users\фима\PycharmProjects\vladlox\.venv2\Lib\site-packages\discord\ext\commands\core.py", line 1021, in invoke
    await self.prepare(ctx)
  File "C:\Users\фима\PycharmProjects\vladlox\.venv2\Lib\site-packages\discord\ext\commands\core.py", line 938, in prepare
    await self._parse_arguments(ctx)
  File "C:\Users\фима\PycharmProjects\vladlox\.venv2\Lib\site-packages\discord\ext\commands\core.py", line 845, in _parse_arguments
    transformed = await self.transform(ctx, param, attachments)
                  ^^^^^^^^^^^^^^^^^^^^^^^^^^^^^^^^^^^^^^^^^^^^^
  File "C:\Users\фима\PycharmProjects\vladlox\.venv2\Lib\site-packages\discord\ext\commands\core.py", line 697, in transform
    raise MissingRequiredArgument(param)
discord.ext.commands.errors.MissingRequiredArgument: member is a required argument that is missing.
2025-01-03 03:05:57 - [пухтон - #соси-плюс-тесты-бота] fimacuzz: !mute <@1193911734570852455>
2025-01-03 03:05:57 - Ignoring exception in command mute
Traceback (most recent call last):
  File "C:\Users\фима\PycharmProjects\vladlox\.venv2\Lib\site-packages\discord\ext\commands\bot.py", line 1366, in invoke
    await ctx.command.invoke(ctx)
  File "C:\Users\фима\PycharmProjects\vladlox\.venv2\Lib\site-packages\discord\ext\commands\core.py", line 1021, in invoke
    await self.prepare(ctx)
  File "C:\Users\фима\PycharmProjects\vladlox\.venv2\Lib\site-packages\discord\ext\commands\core.py", line 938, in prepare
    await self._parse_arguments(ctx)
  File "C:\Users\фима\PycharmProjects\vladlox\.venv2\Lib\site-packages\discord\ext\commands\core.py", line 845, in _parse_arguments
    transformed = await self.transform(ctx, param, attachments)
                  ^^^^^^^^^^^^^^^^^^^^^^^^^^^^^^^^^^^^^^^^^^^^^
  File "C:\Users\фима\PycharmProjects\vladlox\.venv2\Lib\site-packages\discord\ext\commands\core.py", line 697, in transform
    raise MissingRequiredArgument(param)
discord.ext.commands.errors.MissingRequiredArgument: time is a required argument that is missing.
2025-01-03 03:06:20 - [пухтон - #соси-плюс-тесты-бота] fimacuzz: !mute <@1193911734570852455>  1 флуд
2025-01-03 03:07:33 - [пухтон - #соси-плюс-тесты-бота] fimacuzz: ахуенно
2025-01-03 03:07:42 - [пухтон - #соси-плюс-тесты-бота] fimacuzz: бот живет своей жизнью
2025-01-03 03:08:12 - [пухтон - #соси-плюс-тесты-бота] fimacuzz: !mute <@1193911734570852455> 1 FLOOD
2025-01-03 03:08:25 - [пухтон - #соси-плюс-тесты-бота] fimacuzz: ля слава богу
2025-01-03 03:08:26 - [пухтон - #соси-плюс-тесты-бота] fimacuzz: ввсе работает
2025-01-03 03:09:22 - [пухтон - #соси-плюс-тесты-бота] fimacuzz: !level
2025-01-03 03:09:30 - [пухтон - #соси-плюс-тесты-бота] fimacuzz: sdf
2025-01-03 03:09:30 - [пухтон - #соси-плюс-тесты-бота] fimacuzz: sdf
2025-01-03 03:09:30 - [пухтон - #соси-плюс-тесты-бота] fimacuzz: sdf
2025-01-03 03:09:31 - [пухтон - #соси-плюс-тесты-бота] fimacuzz: sdf
2025-01-03 03:09:31 - [пухтон - #соси-плюс-тесты-бота] fimacuzz: sd
2025-01-03 03:09:32 - [пухтон - #соси-плюс-тесты-бота] fimacuzz: dfsd
2025-01-03 03:09:32 - [пухтон - #соси-плюс-тесты-бота] fimacuzz: fsd
2025-01-03 03:09:32 - [пухтон - #соси-плюс-тесты-бота] fimacuzz: dfsd
2025-01-03 03:09:33 - [пухтон - #соси-плюс-тесты-бота] fimacuzz: fsd
2025-01-03 03:09:33 - [пухтон - #соси-плюс-тесты-бота] fimacuzz: fsd
2025-01-03 03:09:33 - [пухтон - #соси-плюс-тесты-бота] fimacuzz: fsd
2025-01-03 03:09:43 - Ignoring exception in on_message
Traceback (most recent call last):
  File "C:\Users\фима\PycharmProjects\vladlox\.venv2\Lib\site-packages\discord\client.py", line 449, in _run_event
    await coro(*args, **kwargs)
  File "C:\Users\фима\PycharmProjects\vladlox\vladlox.py", line 145, in on_message
    await add_xp(message.author.id, random.randint(5, 15))  # Random XP between 5 and 15
    ^^^^^^^^^^^^^^^^^^^^^^^^^^^^^^^^^^^^^^^^^^^^^^^^^^^^^^
  File "C:\Users\фима\PycharmProjects\vladlox\vladlox.py", line 47, in add_xp
    c.execute('INSERT OR IGNORE INTO users (user_id) VALUES (?)', (user_id,))
sqlite3.OperationalError: database is locked
2025-01-03 03:09:48 - Ignoring exception in on_message
Traceback (most recent call last):
  File "C:\Users\фима\PycharmProjects\vladlox\.venv2\Lib\site-packages\discord\client.py", line 449, in _run_event
    await coro(*args, **kwargs)
  File "C:\Users\фима\PycharmProjects\vladlox\vladlox.py", line 145, in on_message
    await add_xp(message.author.id, random.randint(5, 15))  # Random XP between 5 and 15
    ^^^^^^^^^^^^^^^^^^^^^^^^^^^^^^^^^^^^^^^^^^^^^^^^^^^^^^
  File "C:\Users\фима\PycharmProjects\vladlox\vladlox.py", line 47, in add_xp
    c.execute('INSERT OR IGNORE INTO users (user_id) VALUES (?)', (user_id,))
sqlite3.OperationalError: database is locked
2025-01-03 03:09:54 - Ignoring exception in on_message
Traceback (most recent call last):
  File "C:\Users\фима\PycharmProjects\vladlox\.venv2\Lib\site-packages\discord\client.py", line 449, in _run_event
    await coro(*args, **kwargs)
  File "C:\Users\фима\PycharmProjects\vladlox\vladlox.py", line 145, in on_message
    await add_xp(message.author.id, random.randint(5, 15))  # Random XP between 5 and 15
    ^^^^^^^^^^^^^^^^^^^^^^^^^^^^^^^^^^^^^^^^^^^^^^^^^^^^^^
  File "C:\Users\фима\PycharmProjects\vladlox\vladlox.py", line 47, in add_xp
    c.execute('INSERT OR IGNORE INTO users (user_id) VALUES (?)', (user_id,))
sqlite3.OperationalError: database is locked
2025-01-03 03:10:00 - Ignoring exception in on_message
Traceback (most recent call last):
  File "C:\Users\фима\PycharmProjects\vladlox\.venv2\Lib\site-packages\discord\client.py", line 449, in _run_event
    await coro(*args, **kwargs)
  File "C:\Users\фима\PycharmProjects\vladlox\vladlox.py", line 145, in on_message
    await add_xp(message.author.id, random.randint(5, 15))  # Random XP between 5 and 15
    ^^^^^^^^^^^^^^^^^^^^^^^^^^^^^^^^^^^^^^^^^^^^^^^^^^^^^^
  File "C:\Users\фима\PycharmProjects\vladlox\vladlox.py", line 47, in add_xp
    c.execute('INSERT OR IGNORE INTO users (user_id) VALUES (?)', (user_id,))
sqlite3.OperationalError: database is locked
2025-01-03 03:10:00 - [пухтон - #соси-плюс-тесты-бота] fimacuzz: !level
2025-01-03 03:10:00 - [пухтон - #соси-плюс-тесты-бота] fimacuzz: !level
2025-01-03 03:13:13 - [пухтон - #соси-плюс-тесты-бота] fimacuzz: https://i.pinimg.com/originals/8e/0e/d1/8e0ed18a7a87e844dee43a25097118a6.gif
2025-01-03 03:23:45 - [пухтон - #\U0001f4ac\u30fbобщение] 21senstorn_36494: эх
2025-01-03 12:47:07 - PyNaCl is not installed, voice will NOT be supported
2025-01-03 12:47:07 - logging in using static token
2025-01-03 12:47:08 - Shard ID None has connected to Gateway (Session ID: c460398235d4bdc3cd80790d40481ebf).
2025-01-03 12:53:38 - PyNaCl is not installed, voice will NOT be supported
2025-01-03 12:53:38 - logging in using static token
2025-01-03 12:53:39 - Shard ID None has connected to Gateway (Session ID: 7f626fb363b0b733d90e0c597400db1b).
2025-01-03 13:24:43 - Shard ID None has successfully RESUMED session 7f626fb363b0b733d90e0c597400db1b.
2025-01-03 13:43:16 - Shard ID None has stopped responding to the gateway. Closing and restarting.
2025-01-03 13:43:16 - Shard ID None session has been invalidated.
2025-01-03 13:43:22 - Shard ID None has connected to Gateway (Session ID: bfa2db96a8b904945706f778c2f9bf86).
2025-01-03 13:43:25 - [пухтон - #\U0001f4ca\u30fbпроверка-уровня] fimacuzz: ноу
2025-01-03 13:43:31 - [пухтон - #\U0001f4ca\u30fbпроверка-уровня] fimacuzz: !level
2025-01-03 13:43:57 - [пухтон - #\U0001f4ac\u30fbобщение] clinrizet: <@1112414018074837012>пошли в каесачку
2025-01-03 13:44:01 - [пухтон - #\U0001f4ac\u30fbобщение] clinrizet: <@1302617856516558891>
2025-01-03 13:44:06 - [пухтон - #\U0001f4ac\u30fbобщение] fimacuzz: не я щя уйду
2025-01-03 13:44:20 - [пухтон - #\U0001f4ac\u30fbобщение] clinrizet: <@1302617856516558891>вырубай зе форест
2025-01-03 13:44:22 - [пухтон - #\U0001f4ac\u30fbобщение] clinrizet: пошли
2025-01-03 13:44:29 - [пухтон - #\U0001f4ac\u30fbобщение] fimacuzz: он врятле пойдет
2025-01-03 13:44:29 - [пухтон - #\U0001f4ac\u30fbобщение] clinrizet: в пидорские игры играть
2025-01-03 13:44:31 - [пухтон - #\U0001f4ac\u30fbобщение] 21senstorn_36494: пацяму
2025-01-03 13:44:40 - [пухтон - #\U0001f4ac\u30fbобщение] fimacuzz: он щя онли гта 5 рп
2025-01-03 13:44:47 - [пухтон - #\U0001f4ac\u30fbобщение] clinrizet: та он пидр
2025-01-03 13:44:49 - [пухтон - #\U0001f4ac\u30fbобщение] clinrizet: на мадж надо
2025-01-03 13:44:58 - [пухтон - #\U0001f4ac\u30fbобщение] 21senstorn_36494: я в оргу вступил
2025-01-03 13:45:00 - [пухтон - #\U0001f4ac\u30fbобщение] fimacuzz: ты же тоже на гта 5 рп
2025-01-03 13:45:01 - [пухтон - #\U0001f4ac\u30fbобщение] fimacuzz: каку.
2025-01-03 13:45:05 - [пухтон - #\U0001f4ac\u30fbобщение] clinrizet: не
2025-01-03 13:45:06 - [пухтон - #\U0001f4ac\u30fbобщение] fimacuzz: мвд?
2025-01-03 13:45:08 - [пухтон - #\U0001f4ac\u30fbобщение] clinrizet: я на мадж пойдуэ
2025-01-03 13:45:15 - [пухтон - #\U0001f4ac\u30fbобщение] clinrizet: там же не одна мусарня
2025-01-03 13:45:32 - [пухтон - #\U0001f4ac\u30fbобщение] clinrizet: фбр, лспд, шерифская из деревни где тревор по сюжетку жил
2025-01-03 13:45:34 - [пухтон - #\U0001f4ac\u30fbобщение] clinrizet: и еще чота
2025-01-03 13:45:37 - [пухтон - #\U0001f4ac\u30fbобщение] clinrizet: гбр
2025-01-03 13:45:40 - [пухтон - #\U0001f4ac\u30fbобщение] clinrizet: как то так вроде
2025-01-03 13:47:15 - [пухтон - #\U0001f4ac\u30fbобщение] clinrizet: <@1302617856516558891>пошли
2025-01-03 13:47:29 - [пухтон - #\U0001f4ac\u30fbобщение] 21senstorn_36494: я с друзьями
2025-01-03 13:47:45 - [пухтон - #\U0001f4ac\u30fbобщение] fimacuzz: легенжа
2025-01-03 13:47:54 - [пухтон - #\U0001f4ac\u30fbобщение] fimacuzz: вот вы пиздите
2025-01-03 13:48:05 - [пухтон - #\U0001f4ac\u30fbобщение] fimacuzz: а мй ккомп такой тыщ тыщ абаюдна
2025-01-03 21:37:26 - PyNaCl is not installed, voice will NOT be supported
2025-01-03 21:37:26 - logging in using static token
2025-01-03 21:37:28 - Shard ID None has connected to Gateway (Session ID: 64c3a60fd9204ce8fd4cad8147521232).
2025-01-03 21:37:55 - [пухтон - #\U0001f4ac\u30fbобщение] fimacuzz: !quote
2025-01-03 22:05:21 - Shard ID None has successfully RESUMED session 64c3a60fd9204ce8fd4cad8147521232.
2025-01-03 22:08:13 - [пухтон - #\U0001f4ac\u30fbобщение] fimacuzz: @everyone
2025-01-03 22:08:19 - [пухтон - #\U0001f4ac\u30fbобщение] fimacuzz: а где мирон
2025-01-03 22:08:56 - [пухтон - #\U0001f4ac\u30fbобщение] lilfreatt: \U0001f914
2025-01-03 22:09:01 - [пухтон - #\U0001f4ac\u30fbобщение] fimacuzz: хуй знает
2025-01-03 22:09:04 - [пухтон - #\U0001f4ac\u30fbобщение] fimacuzz: верно
2025-01-03 22:09:06 - [пухтон - #\U0001f4ac\u30fbобщение] fimacuzz: а бот
2025-01-03 22:09:08 - [пухтон - #\U0001f4ac\u30fbобщение] fimacuzz: !ping
2025-01-03 22:09:12 - [пухтон - #\U0001f4ac\u30fbобщение] fimacuzz: работает
2025-01-03 22:10:21 - PyNaCl is not installed, voice will NOT be supported
2025-01-03 22:10:21 - logging in using static token
2025-01-03 22:10:22 - Shard ID None has connected to Gateway (Session ID: cda51b28057ac0541e39c69d3587dd6a).
2025-01-03 22:10:33 - [пухтон - #соси-плюс-тесты-бота] fimacuzz: !anons тест
2025-01-03 22:11:41 - [пухтон - #соси-плюс-тесты-бота] fimacuzz: @bot.command()
@commands.has_permissions(manage_messages=True)
async def anons(ctx, title: str, *, message: str):
    embed = discord.Embed(
        title=title,   
        description=message,
        color=discord.Color.red()
    )
    await ctx.send(embed=embed)
2025-01-03 22:11:50 - PyNaCl is not installed, voice will NOT be supported
2025-01-03 22:11:50 - logging in using static token
2025-01-03 22:11:51 - Shard ID None has connected to Gateway (Session ID: 14e1119a42bc1bcb19e0c19e406378d4).
2025-01-03 22:12:33 - [пухтон - #соси-плюс-тесты-бота] fimacuzz: !anons я гей тест
2025-01-03 22:12:50 - [пухтон - #соси-плюс-тесты-бота] fimacuzz: !anons ягей тест
2025-01-03 22:12:52 - [пухтон - #\U0001f4ac\u30fbобщение] clinrizet: с двух раз угадай
2025-01-03 22:12:57 - [пухтон - #\U0001f4ac\u30fbобщение] clinrizet: Сегодня пятница
2025-01-03 22:12:58 - [пухтон - #\U0001f4ac\u30fbобщение] fimacuzz: да бля
2025-01-03 22:13:00 - [пухтон - #\U0001f4ac\u30fbобщение] fimacuzz: ну так
2025-01-03 22:13:02 - [пухтон - #\U0001f4ac\u30fbобщение] fimacuzz: ахуенно
2025-01-03 22:13:03 - [пухтон - #\U0001f4ac\u30fbобщение] fimacuzz: же
2025-01-03 22:13:14 - [пухтон - #\U0001f4ac\u30fbобщение] clinrizet: я в душе был
2025-01-03 22:13:16 - [пухтон - #\U0001f4ac\u30fbобщение] clinrizet: после трени
2025-01-03 22:13:21 - [пухтон - #\U0001f4ac\u30fbобщение] fimacuzz: аваааааааааааааааааааааааааааааааа
2025-01-03 22:13:23 - [пухтон - #\U0001f4ac\u30fbобщение] fimacuzz: бля
2025-01-03 22:13:28 - [пухтон - #\U0001f4ac\u30fbобщение] fimacuzz: точно
2025-01-03 22:13:29 - [пухтон - #\U0001f4ac\u30fbобщение] fimacuzz: я забыл
2025-01-03 22:13:31 - [пухтон - #\U0001f4ac\u30fbобщение] fimacuzz: про треню
2025-01-03 22:13:46 - [пухтон - #\U0001f4ac\u30fbобщение] ron281: в кс
2025-01-03 22:14:06 - [пухтон - #\U0001f4ac\u30fbобщение] clinrizet: я спать скоро
2025-01-03 22:14:18 - [пухтон - #\U0001f4ac\u30fbобщение] fimacuzz: !anons BLYYYYYAAAT мирон как так
2025-01-03 22:14:44 - [пухтон - #\U0001f4ac\u30fbобщение] clinrizet: 
2025-01-03 22:14:52 - [пухтон - #\U0001f4ac\u30fbобщение] fimacuzz: о легенда
2025-01-03 22:14:54 - [пухтон - #\U0001f4ac\u30fbобщение] fimacuzz: аххахаха
2025-01-03 22:15:33 - [пухтон - #\U0001f4ac\u30fbобщение] fimacuzz: давай кубик кинем мирон
2025-01-03 22:15:40 - [пухтон - #\U0001f4ac\u30fbобщение] fimacuzz: четное - катку
2025-01-03 22:15:47 - [пухтон - #\U0001f4ac\u30fbобщение] fimacuzz: не четное - не играем
2025-01-03 22:15:49 - [пухтон - #\U0001f4ac\u30fbобщение] clinrizet: четное спать
2025-01-03 22:15:54 - [пухтон - #\U0001f4ac\u30fbобщение] clinrizet: не четное спать
2025-01-03 22:16:01 - [пухтон - #\U0001f4ac\u30fbобщение] clinrizet: идите нахуй с этой парашей ебанной
2025-01-03 22:16:06 - [пухтон - #\U0001f4ac\u30fbобщение] fimacuzz: че не так
2025-01-03 22:16:07 - [пухтон - #\U0001f4ac\u30fbобщение] clinrizet: я Мука из 6 каток выиграл 2
2025-01-03 22:16:17 - [пухтон - #\U0001f4ac\u30fbобщение] clinrizet: ЭТИ ЕБАННЫЕ ХУЕСОСЫ, КОТОРЫЕ ИНФУ НЕ ГОВОРЯТ ЖТО ПИЗДЕЦ
2025-01-03 22:16:25 - [пухтон - #\U0001f4ac\u30fbобщение] clinrizet: КАКОЙ ПЛЕНТ? МОЛЧАНИЕ НАХУЙ
2025-01-03 22:16:29 - [пухтон - #\U0001f4ac\u30fbобщение] fimacuzz: я тоже редко
2025-01-03 22:16:55 - [пухтон - #\U0001f4ac\u30fbобщение] clinrizet: ну у тебя же если  спросят какой плент ты ответишь явно
2025-01-03 22:17:02 - [пухтон - #\U0001f4ac\u30fbобщение] clinrizet: когда за кт играете и пачку поставили
2025-01-03 22:17:03 - [пухтон - #\U0001f4ac\u30fbобщение] clinrizet: уже
2025-01-03 22:20:42 - [пухтон - #\U0001f4ac\u30fbобщение] fimacuzz: !anons Я_ГЕЙ ТЕСТ
2025-01-03 22:35:05 - PyNaCl is not installed, voice will NOT be supported
2025-01-03 22:35:05 - logging in using static token
2025-01-03 22:35:06 - Shard ID None has connected to Gateway (Session ID: 725c253faed5e1e075ad0cc049b45395).
2025-01-03 22:45:09 - PyNaCl is not installed, voice will NOT be supported
2025-01-03 22:45:09 - logging in using static token
2025-01-03 22:45:10 - Shard ID None has connected to Gateway (Session ID: f4c7d013c437bf521906fcdb2331c911).
2025-01-03 22:46:29 - PyNaCl is not installed, voice will NOT be supported
2025-01-03 22:46:29 - logging in using static token
2025-01-03 22:46:30 - Shard ID None has connected to Gateway (Session ID: cadf10fc5ac026c728007f3cdffbc6e3).
2025-01-03 22:47:23 - PyNaCl is not installed, voice will NOT be supported
2025-01-03 22:47:23 - logging in using static token
2025-01-03 22:47:24 - Shard ID None has connected to Gateway (Session ID: e23bc0c16de3fe5a929eec9513de2f8f).
2025-01-03 22:48:34 - PyNaCl is not installed, voice will NOT be supported
2025-01-03 22:48:34 - logging in using static token
2025-01-03 22:48:35 - Shard ID None has connected to Gateway (Session ID: 379f8c982b6c78ee52fab4e6e9c5a992).
2025-01-03 22:48:43 - Ignoring exception in on_message
Traceback (most recent call last):
  File "C:\Users\фима\PycharmProjects\vladlox\.venv2\Lib\site-packages\discord\client.py", line 449, in _run_event
    await coro(*args, **kwargs)
  File "C:\Users\фима\PycharmProjects\vladlox\vladlox.py", line 115, in on_message
    await add_xp(message.author.id, random.randint(5, 15))
  File "C:\Users\фима\PycharmProjects\vladlox\vladlox.py", line 57, in add_xp
    await bot.get_channel(TARGET_CHANNEL_ID).send(f"\U0001f389 {bot.get_user(user_id).mention} достиг уровня {level}!")
                          ^^^^^^^^^^^^^^^^^
NameError: name 'TARGET_CHANNEL_ID' is not defined
2025-01-03 22:48:53 - Ignoring exception in on_message
Traceback (most recent call last):
  File "C:\Users\фима\PycharmProjects\vladlox\.venv2\Lib\site-packages\discord\client.py", line 449, in _run_event
    await coro(*args, **kwargs)
  File "C:\Users\фима\PycharmProjects\vladlox\vladlox.py", line 115, in on_message
    await add_xp(message.author.id, random.randint(5, 15))
  File "C:\Users\фима\PycharmProjects\vladlox\vladlox.py", line 48, in add_xp
    c.execute('INSERT OR IGNORE INTO users (user_id) VALUES (?)', (user_id,))
sqlite3.OperationalError: database is locked
2025-01-03 22:49:04 - Ignoring exception in on_message
Traceback (most recent call last):
  File "C:\Users\фима\PycharmProjects\vladlox\.venv2\Lib\site-packages\discord\client.py", line 449, in _run_event
    await coro(*args, **kwargs)
  File "C:\Users\фима\PycharmProjects\vladlox\vladlox.py", line 115, in on_message
    await add_xp(message.author.id, random.randint(5, 15))
  File "C:\Users\фима\PycharmProjects\vladlox\vladlox.py", line 48, in add_xp
    c.execute('INSERT OR IGNORE INTO users (user_id) VALUES (?)', (user_id,))
sqlite3.OperationalError: database is locked
2025-01-03 22:49:10 - Ignoring exception in on_message
Traceback (most recent call last):
  File "C:\Users\фима\PycharmProjects\vladlox\.venv2\Lib\site-packages\discord\client.py", line 449, in _run_event
    await coro(*args, **kwargs)
  File "C:\Users\фима\PycharmProjects\vladlox\vladlox.py", line 115, in on_message
    await add_xp(message.author.id, random.randint(5, 15))
  File "C:\Users\фима\PycharmProjects\vladlox\vladlox.py", line 48, in add_xp
    c.execute('INSERT OR IGNORE INTO users (user_id) VALUES (?)', (user_id,))
sqlite3.OperationalError: database is locked
2025-01-03 22:49:16 - PyNaCl is not installed, voice will NOT be supported
2025-01-03 22:49:16 - logging in using static token
2025-01-03 22:49:17 - Shard ID None has connected to Gateway (Session ID: 23a52ef04baef22bea5ebd1cccd46767).
2025-01-03 22:49:29 - Ignoring exception in on_message
Traceback (most recent call last):
  File "C:\Users\фима\PycharmProjects\vladlox\.venv2\Lib\site-packages\discord\client.py", line 449, in _run_event
    await coro(*args, **kwargs)
  File "C:\Users\фима\PycharmProjects\vladlox\vladlox.py", line 115, in on_message
    await add_xp(message.author.id, random.randint(5, 15))
  File "C:\Users\фима\PycharmProjects\vladlox\vladlox.py", line 57, in add_xp
    await bot.get_channel(TARGET_CHANNEL_ID).send(f"\U0001f389 {bot.get_user(user_id).mention} достиг уровня {level}!")
                          ^^^^^^^^^^^^^^^^^
NameError: name 'TARGET_CHANNEL_ID' is not defined
2025-01-03 22:49:39 - Ignoring exception in on_message
Traceback (most recent call last):
  File "C:\Users\фима\PycharmProjects\vladlox\.venv2\Lib\site-packages\discord\client.py", line 449, in _run_event
    await coro(*args, **kwargs)
  File "C:\Users\фима\PycharmProjects\vladlox\vladlox.py", line 115, in on_message
    await add_xp(message.author.id, random.randint(5, 15))
  File "C:\Users\фима\PycharmProjects\vladlox\vladlox.py", line 48, in add_xp
    c.execute('INSERT OR IGNORE INTO users (user_id) VALUES (?)', (user_id,))
sqlite3.OperationalError: database is locked
2025-01-03 22:50:35 - PyNaCl is not installed, voice will NOT be supported
2025-01-03 22:50:35 - logging in using static token
2025-01-03 22:50:36 - Shard ID None has connected to Gateway (Session ID: 016aa9dc320a3ab9a95878aac7198f23).
2025-01-03 22:51:27 - PyNaCl is not installed, voice will NOT be supported
2025-01-03 22:51:27 - logging in using static token
2025-01-03 22:51:28 - Shard ID None has connected to Gateway (Session ID: 9ea40a45f7438468db3bc9362bdc978c).
2025-01-03 22:59:32 - PyNaCl is not installed, voice will NOT be supported
2025-01-03 22:59:32 - logging in using static token
2025-01-03 22:59:33 - Shard ID None has connected to Gateway (Session ID: 02ac0e818a65e361fd7feaa69696e372).
2025-01-03 23:01:34 - PyNaCl is not installed, voice will NOT be supported
2025-01-03 23:01:54 - PyNaCl is not installed, voice will NOT be supported
2025-01-03 23:01:54 - logging in using static token
2025-01-03 23:01:55 - Shard ID None has connected to Gateway (Session ID: 58948296952292cdbf8b31b7fccf41c9).
2025-01-03 23:02:01 - [пухтон - #логи-текст] fimacuzz: !level
2025-01-03 23:02:58 - PyNaCl is not installed, voice will NOT be supported
2025-01-03 23:02:58 - logging in using static token
2025-01-03 23:02:59 - Shard ID None has connected to Gateway (Session ID: d16695c680632acd7c7bfa3d4d03bdd7).
2025-01-03 23:03:02 - [пухтон - #логи-текст] fimacuzz: !level
2025-01-03 23:05:12 - PyNaCl is not installed, voice will NOT be supported
2025-01-03 23:05:12 - logging in using static token
2025-01-03 23:05:13 - Shard ID None has connected to Gateway (Session ID: afe7cd16410a0830857637cf4a1bf169).
2025-01-03 23:05:17 - [пухтон - #логи-текст] fimacuzz: !level
2025-01-03 23:05:20 - [пухтон - #логи-текст] fimacuzz: во
2025-01-03 23:05:21 - [пухтон - #логи-текст] fimacuzz: заебись
2025-01-03 23:06:28 - [пухтон - #admin] fimacuzz: ААААА БЛЯЯЯТЬ
2025-01-03 23:06:29 - [пухтон - #admin] fimacuzz: Я ДОЛБАЕБ
2025-01-03 23:07:14 - [пухтон - #admin] fimacuzz: 
2025-01-03 23:07:33 - [пухтон - #admin] fimacuzz: filled_width = int(bar_width * progress_percentage
2025-01-03 23:07:40 - [пухтон - #admin] fimacuzz: 
2025-01-03 23:07:43 - [пухтон - #admin] fimacuzz: все было гораздо проще
2025-01-03 23:11:57 - PyNaCl is not installed, voice will NOT be supported
2025-01-03 23:11:57 - logging in using static token
2025-01-03 23:11:58 - Shard ID None has connected to Gateway (Session ID: d3e1fe21f7044fc5f8b175c745bcf40d).
2025-01-03 23:12:08 - [пухтон - #admin] fimacuzz: А НУ ЩЯ ХУЙНЮ НАКОДИЛ
2025-01-03 23:12:11 - [пухтон - #admin] fimacuzz: !level
2025-01-03 23:12:11 - Ignoring exception in command level
Traceback (most recent call last):
  File "C:\Users\фима\PycharmProjects\vladlox\.venv2\Lib\site-packages\discord\ext\commands\core.py", line 235, in wrapped
    ret = await coro(*args, **kwargs)
          ^^^^^^^^^^^^^^^^^^^^^^^^^^^
  File "C:\Users\фима\PycharmProjects\vladlox\vladlox.py", line 165, in level
    level_image = await generate_level_image(user_id, user_name, avatar_url)  # Передаем URL аватарки
                  ^^^^^^^^^^^^^^^^^^^^^^^^^^^^^^^^^^^^^^^^^^^^^^^^^^^^^^^^^^
  File "C:\Users\фима\PycharmProjects\vladlox\vladlox.py", line 121, in generate_level_image
    return byte_io
           ^^^^^^^
NameError: name 'byte_io' is not defined

The above exception was the direct cause of the following exception:

Traceback (most recent call last):
  File "C:\Users\фима\PycharmProjects\vladlox\.venv2\Lib\site-packages\discord\ext\commands\bot.py", line 1366, in invoke
    await ctx.command.invoke(ctx)
  File "C:\Users\фима\PycharmProjects\vladlox\.venv2\Lib\site-packages\discord\ext\commands\core.py", line 1029, in invoke
    await injected(*ctx.args, **ctx.kwargs)  # type: ignore
    ^^^^^^^^^^^^^^^^^^^^^^^^^^^^^^^^^^^^^^^
  File "C:\Users\фима\PycharmProjects\vladlox\.venv2\Lib\site-packages\discord\ext\commands\core.py", line 244, in wrapped
    raise CommandInvokeError(exc) from exc
discord.ext.commands.errors.CommandInvokeError: Command raised an exception: NameError: name 'byte_io' is not defined
2025-01-03 23:12:21 - [пухтон - #admin] fimacuzz: АЙ БЛЯТЬ КОНСОЛЬ ШАРИТ
2025-01-03 23:12:27 - [пухтон - #admin] fimacuzz: 
2025-01-03 23:12:59 - PyNaCl is not installed, voice will NOT be supported
2025-01-03 23:12:59 - logging in using static token
2025-01-03 23:13:00 - Shard ID None has connected to Gateway (Session ID: 973dcec6827770396c57acefdb933bda).
2025-01-03 23:13:04 - [пухтон - #admin] fimacuzz: !level
2025-01-03 23:13:04 - Ignoring exception in command level
Traceback (most recent call last):
  File "C:\Users\фима\PycharmProjects\vladlox\.venv2\Lib\site-packages\discord\ext\commands\core.py", line 235, in wrapped
    ret = await coro(*args, **kwargs)
          ^^^^^^^^^^^^^^^^^^^^^^^^^^^
  File "C:\Users\фима\PycharmProjects\vladlox\vladlox.py", line 154, in level
    level_image = await generate_level_image(user_id, user_name, avatar_url)  # Передаем URL аватарки
                        ^^^^^^^^^^^^^^^^^^^^^^^^^^^^^^^^^^^^^^^^^^^^^^^^^^^^
TypeError: generate_level_image() takes 2 positional arguments but 3 were given

The above exception was the direct cause of the following exception:

Traceback (most recent call last):
  File "C:\Users\фима\PycharmProjects\vladlox\.venv2\Lib\site-packages\discord\ext\commands\bot.py", line 1366, in invoke
    await ctx.command.invoke(ctx)
  File "C:\Users\фима\PycharmProjects\vladlox\.venv2\Lib\site-packages\discord\ext\commands\core.py", line 1029, in invoke
    await injected(*ctx.args, **ctx.kwargs)  # type: ignore
    ^^^^^^^^^^^^^^^^^^^^^^^^^^^^^^^^^^^^^^^
  File "C:\Users\фима\PycharmProjects\vladlox\.venv2\Lib\site-packages\discord\ext\commands\core.py", line 244, in wrapped
    raise CommandInvokeError(exc) from exc
discord.ext.commands.errors.CommandInvokeError: Command raised an exception: TypeError: generate_level_image() takes 2 positional arguments but 3 were given
2025-01-03 23:13:39 - PyNaCl is not installed, voice will NOT be supported
2025-01-03 23:13:39 - logging in using static token
2025-01-03 23:13:40 - Shard ID None has connected to Gateway (Session ID: 01b57f7527340b70e05a1f0553a4270b).
2025-01-03 23:13:42 - [пухтон - #admin] fimacuzz: !level
2025-01-03 23:13:52 - [пухтон - #admin] fimacuzz: так мы откатились
2025-01-03 23:13:55 - [пухтон - #admin] fimacuzz: заебись
2025-01-03 23:18:41 - PyNaCl is not installed, voice will NOT be supported
2025-01-03 23:18:41 - logging in using static token
2025-01-03 23:18:42 - Shard ID None has connected to Gateway (Session ID: ec4f675a3fa2f65c508e9e5eaaf12712).
2025-01-03 23:18:56 - [пухтон - #admin] fimacuzz: КОРОЧЕ
2025-01-03 23:19:02 - [пухтон - #admin] fimacuzz: ЕСЛИ ЩЯ КОНСОЛЬ В ЖОПУ МЕНЯ ВЫБЕЕТ
2025-01-03 23:19:04 - [пухтон - #admin] fimacuzz: ТО
2025-01-03 23:19:04 - [пухтон - #admin] fimacuzz: ХЗ
2025-01-03 23:19:09 - [пухтон - #admin] fimacuzz: !level
2025-01-03 23:19:16 - [пухтон - #admin] fimacuzz: БАЛЯЯЯЯЫЯЯЯ
2025-01-03 23:19:17 - [пухтон - #admin] fimacuzz: ГАВНО
2025-01-03 23:20:17 - PyNaCl is not installed, voice will NOT be supported
2025-01-03 23:20:17 - logging in using static token
2025-01-03 23:20:18 - Shard ID None has connected to Gateway (Session ID: a982745384b0e50157932898ffc75f93).
2025-01-03 23:20:21 - [пухтон - #admin] fimacuzz: !level
2025-01-03 23:20:51 - PyNaCl is not installed, voice will NOT be supported
2025-01-03 23:20:51 - logging in using static token
2025-01-03 23:20:52 - Shard ID None has connected to Gateway (Session ID: c5334a04ad56fec18991ca23e7f74649).
2025-01-03 23:20:55 - [пухтон - #admin] fimacuzz: !level
2025-01-03 23:21:12 - PyNaCl is not installed, voice will NOT be supported
2025-01-03 23:21:12 - logging in using static token
2025-01-03 23:21:13 - Shard ID None has connected to Gateway (Session ID: 7d1e65510753b72961e757bf733bfae2).
2025-01-03 23:21:15 - [пухтон - #admin] fimacuzz: !level
2025-01-03 23:21:21 - [пухтон - #admin] fimacuzz: сука
2025-01-03 23:21:30 - PyNaCl is not installed, voice will NOT be supported
2025-01-03 23:21:30 - logging in using static token
2025-01-03 23:21:31 - Shard ID None has connected to Gateway (Session ID: 3667ece99525d51505665b836b7211a5).
2025-01-03 23:21:35 - [пухтон - #admin] fimacuzz: !level
2025-01-03 23:21:40 - [пухтон - #admin] fimacuzz: ffffff
2025-01-03 23:21:51 - PyNaCl is not installed, voice will NOT be supported
2025-01-03 23:21:51 - logging in using static token
2025-01-03 23:21:52 - Shard ID None has connected to Gateway (Session ID: a3ce73fdfdd8c53e1b7edafd5df05f93).
2025-01-03 23:21:55 - [пухтон - #admin] fimacuzz: !level
2025-01-03 23:22:01 - [пухтон - #admin] fimacuzz: ух
2025-01-03 23:22:06 - PyNaCl is not installed, voice will NOT be supported
2025-01-03 23:22:06 - logging in using static token
2025-01-03 23:22:07 - Shard ID None has connected to Gateway (Session ID: be10873a54373435870b18f3da888bbc).
2025-01-03 23:22:13 - [пухтон - #admin] fimacuzz: !level
2025-01-03 23:23:17 - PyNaCl is not installed, voice will NOT be supported
2025-01-03 23:23:17 - logging in using static token
2025-01-03 23:23:18 - Shard ID None has connected to Gateway (Session ID: 365f2552e602ed3c582f9f2791468606).
2025-01-03 23:23:20 - [пухтон - #admin] fimacuzz: !level
2025-01-03 23:23:29 - PyNaCl is not installed, voice will NOT be supported
2025-01-03 23:23:29 - logging in using static token
2025-01-03 23:23:30 - Shard ID None has connected to Gateway (Session ID: 6300b89e5b171aa6dfc70e346cfa52ad).
2025-01-03 23:23:31 - [пухтон - #admin] fimacuzz: !level
2025-01-03 23:23:39 - PyNaCl is not installed, voice will NOT be supported
2025-01-03 23:23:39 - logging in using static token
2025-01-03 23:23:40 - Shard ID None has connected to Gateway (Session ID: fdf0d19d8ee8e51ba24fec17a1de4eda).
2025-01-03 23:23:40 - [пухтон - #admin] fimacuzz: !level
2025-01-03 23:23:50 - PyNaCl is not installed, voice will NOT be supported
2025-01-03 23:23:50 - logging in using static token
2025-01-03 23:23:51 - Shard ID None has connected to Gateway (Session ID: 780630aa08d10664868fe2a1881ba6e2).
2025-01-03 23:23:52 - [пухтон - #admin] fimacuzz: !level
2025-01-03 23:24:01 - PyNaCl is not installed, voice will NOT be supported
2025-01-03 23:24:01 - logging in using static token
2025-01-03 23:24:02 - Shard ID None has connected to Gateway (Session ID: 2853e82177c422906e680284161c2f25).
2025-01-03 23:24:03 - [пухтон - #admin] fimacuzz: !level
2025-01-03 23:24:11 - PyNaCl is not installed, voice will NOT be supported
2025-01-03 23:24:11 - logging in using static token
2025-01-03 23:24:12 - Shard ID None has connected to Gateway (Session ID: 19553a1481bf25256e2c2213713a5576).
2025-01-03 23:24:15 - [пухтон - #admin] fimacuzz: !level
2025-01-03 23:24:28 - PyNaCl is not installed, voice will NOT be supported
2025-01-03 23:24:28 - logging in using static token
2025-01-03 23:24:29 - Shard ID None has connected to Gateway (Session ID: f929030ca0e39c8dc9ab404d0f9c4d7a).
2025-01-03 23:24:53 - PyNaCl is not installed, voice will NOT be supported
2025-01-03 23:24:53 - logging in using static token
2025-01-03 23:24:55 - Shard ID None has connected to Gateway (Session ID: cc8841ed4445cbfa3c2aebfa1f0dc8a8).
2025-01-03 23:24:56 - [пухтон - #admin] fimacuzz: !level
2025-01-03 23:25:34 - PyNaCl is not installed, voice will NOT be supported
2025-01-03 23:25:34 - logging in using static token
2025-01-03 23:25:35 - Shard ID None has connected to Gateway (Session ID: b3e9dad14d0d00fcc4d5d3f06468237c).
2025-01-03 23:26:22 - PyNaCl is not installed, voice will NOT be supported
2025-01-03 23:26:22 - logging in using static token
2025-01-03 23:26:23 - Shard ID None has connected to Gateway (Session ID: 3f8df35f064e823efac8f4448da8cf60).
2025-01-03 23:26:25 - [пухтон - #admin] fimacuzz: !level
2025-01-03 23:26:32 - PyNaCl is not installed, voice will NOT be supported
2025-01-03 23:26:32 - logging in using static token
2025-01-03 23:26:33 - Shard ID None has connected to Gateway (Session ID: 0a2ab728d82f56372678eba674402539).
2025-01-03 23:26:34 - [пухтон - #admin] fimacuzz: !level
2025-01-03 23:26:43 - PyNaCl is not installed, voice will NOT be supported
2025-01-03 23:26:43 - logging in using static token
2025-01-03 23:26:44 - Shard ID None has connected to Gateway (Session ID: 2072416f9bfe4f86091981628fb77848).
2025-01-03 23:26:45 - [пухтон - #admin] fimacuzz: !level
2025-01-03 23:27:15 - PyNaCl is not installed, voice will NOT be supported
2025-01-03 23:27:15 - logging in using static token
2025-01-03 23:27:16 - Shard ID None has connected to Gateway (Session ID: c576fae03dea0cb616102c78304c875e).
2025-01-03 23:27:18 - [пухтон - #admin] fimacuzz: !level
2025-01-03 23:27:27 - PyNaCl is not installed, voice will NOT be supported
2025-01-03 23:27:27 - logging in using static token
2025-01-03 23:27:28 - Shard ID None has connected to Gateway (Session ID: 3bd8411c4bbeb56e758f292a817b7486).
2025-01-03 23:27:29 - [пухтон - #admin] fimacuzz: !level
2025-01-03 23:28:28 - [пухтон - #admin] fimacuzz: !level
2025-01-03 23:28:40 - PyNaCl is not installed, voice will NOT be supported
2025-01-03 23:28:40 - logging in using static token
2025-01-03 23:28:41 - Shard ID None has connected to Gateway (Session ID: c92989c312afa0aa1b7b45dc7abe8819).
2025-01-03 23:28:42 - [пухтон - #admin] fimacuzz: !level
2025-01-03 23:29:00 - PyNaCl is not installed, voice will NOT be supported
2025-01-03 23:29:00 - logging in using static token
2025-01-03 23:29:01 - Shard ID None has connected to Gateway (Session ID: 06189e7e8f075e1e53c5135c72a4315c).
2025-01-03 23:29:03 - [пухтон - #admin] fimacuzz: !level
2025-01-03 23:31:38 - PyNaCl is not installed, voice will NOT be supported
2025-01-03 23:31:38 - logging in using static token
2025-01-03 23:31:39 - Shard ID None has connected to Gateway (Session ID: b4be5011d5c6b1b96dad22cf895489ea).
2025-01-03 23:31:55 - PyNaCl is not installed, voice will NOT be supported
2025-01-03 23:31:55 - logging in using static token
2025-01-03 23:31:56 - Shard ID None has connected to Gateway (Session ID: c92585eaf259c87a0d8f5d8f3bd31b6f).
2025-01-03 23:32:02 - [пухтон - #admin] fimacuzz: !level
2025-01-03 23:32:11 - PyNaCl is not installed, voice will NOT be supported
2025-01-03 23:32:11 - logging in using static token
2025-01-03 23:32:12 - Shard ID None has connected to Gateway (Session ID: 16e4ff59df1ec3bebc136468fd7624ce).
2025-01-03 23:32:23 - PyNaCl is not installed, voice will NOT be supported
2025-01-03 23:32:23 - logging in using static token
2025-01-03 23:32:24 - Shard ID None has connected to Gateway (Session ID: 523cae51f0d90f64688d5a4a2fd60065).
2025-01-03 23:33:31 - [пухтон - #admin] fimacuzz: !level
2025-01-03 23:37:08 - PyNaCl is not installed, voice will NOT be supported
2025-01-03 23:37:08 - logging in using static token
2025-01-03 23:37:09 - Shard ID None has connected to Gateway (Session ID: 677647c5eb93f5ffad2b639a07b07e80).
2025-01-03 23:37:20 - [пухтон - #admin] fimacuzz: !level
2025-01-03 23:40:35 - PyNaCl is not installed, voice will NOT be supported
2025-01-03 23:40:35 - logging in using static token
2025-01-03 23:40:36 - Shard ID None has connected to Gateway (Session ID: 8832784845de15e0d5e1dd2c7ae8007f).
2025-01-03 23:40:39 - [пухтон - #admin] fimacuzz: !level
2025-01-03 23:40:40 - Ignoring exception in command level
Traceback (most recent call last):
  File "C:\Users\фима\PycharmProjects\vladlox\.venv2\Lib\site-packages\discord\ext\commands\core.py", line 235, in wrapped
    ret = await coro(*args, **kwargs)
          ^^^^^^^^^^^^^^^^^^^^^^^^^^^
  File "C:\Users\фима\PycharmProjects\vladlox\vladlox.py", line 161, in level
    level_image = await generate_level_image(user_id, user_name, avatar_url)  # Передаем URL аватара
                  ^^^^^^^^^^^^^^^^^^^^^^^^^^^^^^^^^^^^^^^^^^^^^^^^^^^^^^^^^^
  File "C:\Users\фима\PycharmProjects\vladlox\vladlox.py", line 100, in generate_level_image
    font_large = ImageFont.truetype("Comfortaa.ttf", 40)  # Увеличенный размер
                 ^^^^^^^^^^^^^^^^^^^^^^^^^^^^^^^^^^^^^^^
  File "C:\Users\фима\PycharmProjects\vladlox\.venv2\Lib\site-packages\PIL\ImageFont.py", line 879, in truetype
    return freetype(font)
           ^^^^^^^^^^^^^^
  File "C:\Users\фима\PycharmProjects\vladlox\.venv2\Lib\site-packages\PIL\ImageFont.py", line 876, in freetype
    return FreeTypeFont(font, size, index, encoding, layout_engine)
           ^^^^^^^^^^^^^^^^^^^^^^^^^^^^^^^^^^^^^^^^^^^^^^^^^^^^^^^^
  File "C:\Users\фима\PycharmProjects\vladlox\.venv2\Lib\site-packages\PIL\ImageFont.py", line 284, in __init__
    self.font = core.getfont(
                ^^^^^^^^^^^^^
OSError: cannot open resource

The above exception was the direct cause of the following exception:

Traceback (most recent call last):
  File "C:\Users\фима\PycharmProjects\vladlox\.venv2\Lib\site-packages\discord\ext\commands\bot.py", line 1366, in invoke
    await ctx.command.invoke(ctx)
  File "C:\Users\фима\PycharmProjects\vladlox\.venv2\Lib\site-packages\discord\ext\commands\core.py", line 1029, in invoke
    await injected(*ctx.args, **ctx.kwargs)  # type: ignore
    ^^^^^^^^^^^^^^^^^^^^^^^^^^^^^^^^^^^^^^^
  File "C:\Users\фима\PycharmProjects\vladlox\.venv2\Lib\site-packages\discord\ext\commands\core.py", line 244, in wrapped
    raise CommandInvokeError(exc) from exc
discord.ext.commands.errors.CommandInvokeError: Command raised an exception: OSError: cannot open resource
2025-01-03 23:41:00 - PyNaCl is not installed, voice will NOT be supported
2025-01-03 23:41:00 - logging in using static token
2025-01-03 23:41:01 - Shard ID None has connected to Gateway (Session ID: 1175c0b3c477fa7549aee95922519861).
2025-01-03 23:41:05 - [пухтон - #admin] fimacuzz: хуй
2025-01-03 23:41:08 - [пухтон - #admin] fimacuzz: !level
2025-01-03 23:41:08 - Ignoring exception in command level
Traceback (most recent call last):
  File "C:\Users\фима\PycharmProjects\vladlox\.venv2\Lib\site-packages\discord\ext\commands\core.py", line 235, in wrapped
    ret = await coro(*args, **kwargs)
          ^^^^^^^^^^^^^^^^^^^^^^^^^^^
  File "C:\Users\фима\PycharmProjects\vladlox\vladlox.py", line 161, in level
    level_image = await generate_level_image(user_id, user_name, avatar_url)  # Передаем URL аватара
                  ^^^^^^^^^^^^^^^^^^^^^^^^^^^^^^^^^^^^^^^^^^^^^^^^^^^^^^^^^^
  File "C:\Users\фима\PycharmProjects\vladlox\vladlox.py", line 100, in generate_level_image
    font_large = ImageFont.truetype("Comfortaa.ttf", 40)  # Увеличенный размер
                 ^^^^^^^^^^^^^^^^^^^^^^^^^^^^^^^^^^^^^^^
  File "C:\Users\фима\PycharmProjects\vladlox\.venv2\Lib\site-packages\PIL\ImageFont.py", line 879, in truetype
    return freetype(font)
           ^^^^^^^^^^^^^^
  File "C:\Users\фима\PycharmProjects\vladlox\.venv2\Lib\site-packages\PIL\ImageFont.py", line 876, in freetype
    return FreeTypeFont(font, size, index, encoding, layout_engine)
           ^^^^^^^^^^^^^^^^^^^^^^^^^^^^^^^^^^^^^^^^^^^^^^^^^^^^^^^^
  File "C:\Users\фима\PycharmProjects\vladlox\.venv2\Lib\site-packages\PIL\ImageFont.py", line 284, in __init__
    self.font = core.getfont(
                ^^^^^^^^^^^^^
OSError: cannot open resource

The above exception was the direct cause of the following exception:

Traceback (most recent call last):
  File "C:\Users\фима\PycharmProjects\vladlox\.venv2\Lib\site-packages\discord\ext\commands\bot.py", line 1366, in invoke
    await ctx.command.invoke(ctx)
  File "C:\Users\фима\PycharmProjects\vladlox\.venv2\Lib\site-packages\discord\ext\commands\core.py", line 1029, in invoke
    await injected(*ctx.args, **ctx.kwargs)  # type: ignore
    ^^^^^^^^^^^^^^^^^^^^^^^^^^^^^^^^^^^^^^^
  File "C:\Users\фима\PycharmProjects\vladlox\.venv2\Lib\site-packages\discord\ext\commands\core.py", line 244, in wrapped
    raise CommandInvokeError(exc) from exc
discord.ext.commands.errors.CommandInvokeError: Command raised an exception: OSError: cannot open resource
2025-01-03 23:41:19 - PyNaCl is not installed, voice will NOT be supported
2025-01-03 23:41:19 - logging in using static token
2025-01-03 23:41:20 - Shard ID None has connected to Gateway (Session ID: 78bddb23cab11374c41a61f5c2c976b0).
2025-01-03 23:41:27 - [пухтон - #admin] fimacuzz: !level
2025-01-03 23:43:10 - PyNaCl is not installed, voice will NOT be supported
2025-01-03 23:43:10 - logging in using static token
2025-01-03 23:43:11 - Shard ID None has connected to Gateway (Session ID: 55b6a287ac04df9f099c1672bac79624).
2025-01-03 23:43:22 - [пухтон - #admin] fimacuzz: !level
2025-01-03 23:43:23 - Ignoring exception in command level
Traceback (most recent call last):
  File "C:\Users\фима\PycharmProjects\vladlox\.venv2\Lib\site-packages\discord\ext\commands\core.py", line 235, in wrapped
    ret = await coro(*args, **kwargs)
          ^^^^^^^^^^^^^^^^^^^^^^^^^^^
  File "C:\Users\фима\PycharmProjects\vladlox\vladlox.py", line 161, in level
    level_image = await generate_level_image(user_id, user_name, avatar_url)  # Передаем URL аватара
                  ^^^^^^^^^^^^^^^^^^^^^^^^^^^^^^^^^^^^^^^^^^^^^^^^^^^^^^^^^^
  File "C:\Users\фима\PycharmProjects\vladlox\vladlox.py", line 100, in generate_level_image
    font_large = ImageFont.truetype("Comfortaa.ttf", 40)  # Увеличенный размер
                 ^^^^^^^^^^^^^^^^^^^^^^^^^^^^^^^^^^^^^^^
  File "C:\Users\фима\PycharmProjects\vladlox\.venv2\Lib\site-packages\PIL\ImageFont.py", line 879, in truetype
    return freetype(font)
           ^^^^^^^^^^^^^^
  File "C:\Users\фима\PycharmProjects\vladlox\.venv2\Lib\site-packages\PIL\ImageFont.py", line 876, in freetype
    return FreeTypeFont(font, size, index, encoding, layout_engine)
           ^^^^^^^^^^^^^^^^^^^^^^^^^^^^^^^^^^^^^^^^^^^^^^^^^^^^^^^^
  File "C:\Users\фима\PycharmProjects\vladlox\.venv2\Lib\site-packages\PIL\ImageFont.py", line 284, in __init__
    self.font = core.getfont(
                ^^^^^^^^^^^^^
OSError: cannot open resource

The above exception was the direct cause of the following exception:

Traceback (most recent call last):
  File "C:\Users\фима\PycharmProjects\vladlox\.venv2\Lib\site-packages\discord\ext\commands\bot.py", line 1366, in invoke
    await ctx.command.invoke(ctx)
  File "C:\Users\фима\PycharmProjects\vladlox\.venv2\Lib\site-packages\discord\ext\commands\core.py", line 1029, in invoke
    await injected(*ctx.args, **ctx.kwargs)  # type: ignore
    ^^^^^^^^^^^^^^^^^^^^^^^^^^^^^^^^^^^^^^^
  File "C:\Users\фима\PycharmProjects\vladlox\.venv2\Lib\site-packages\discord\ext\commands\core.py", line 244, in wrapped
    raise CommandInvokeError(exc) from exc
discord.ext.commands.errors.CommandInvokeError: Command raised an exception: OSError: cannot open resource
2025-01-03 23:46:18 - PyNaCl is not installed, voice will NOT be supported
2025-01-03 23:46:18 - logging in using static token
2025-01-03 23:46:19 - Shard ID None has connected to Gateway (Session ID: 76e3b4fe1fe18b7e5550d3ed5ad51f58).
2025-01-03 23:46:21 - [пухтон - #admin] fimacuzz: !level
2025-01-03 23:46:31 - [пухтон - #admin] fimacuzz: ля норм
2025-01-03 23:46:36 - [пухтон - #admin] fimacuzz: но сука ава опузена
2025-01-03 23:46:39 - [пухтон - #admin] fimacuzz: я уже ебал
2025-01-03 23:48:06 - PyNaCl is not installed, voice will NOT be supported
2025-01-03 23:48:06 - logging in using static token
2025-01-03 23:48:07 - Shard ID None has connected to Gateway (Session ID: 64f0675447c36c77dfb4cfaa63bb4d22).
2025-01-03 23:48:14 - [пухтон - #admin] fimacuzz: !level
2025-01-03 23:48:45 - PyNaCl is not installed, voice will NOT be supported
2025-01-03 23:48:45 - logging in using static token
2025-01-03 23:48:46 - Shard ID None has connected to Gateway (Session ID: 9437b73e1db1e0f0c783c5e3aaedbffd).
2025-01-03 23:48:56 - [пухтон - #admin] fimacuzz: !level
2025-01-03 23:49:12 - PyNaCl is not installed, voice will NOT be supported
2025-01-03 23:49:12 - logging in using static token
2025-01-03 23:49:13 - Shard ID None has connected to Gateway (Session ID: abe22996f9750bfd5e44ae90d3657317).
2025-01-03 23:49:17 - [пухтон - #admin] fimacuzz: !level
2025-01-03 23:49:27 - PyNaCl is not installed, voice will NOT be supported
2025-01-03 23:49:27 - logging in using static token
2025-01-03 23:49:28 - Shard ID None has connected to Gateway (Session ID: 95825789369591001456f42c5086e83b).
2025-01-03 23:49:32 - [пухтон - #admin] fimacuzz: !level
2025-01-03 23:49:44 - PyNaCl is not installed, voice will NOT be supported
2025-01-03 23:49:44 - logging in using static token
2025-01-03 23:49:45 - Shard ID None has connected to Gateway (Session ID: 854d883c51de94fb68c6810f5b45fa1e).
2025-01-03 23:49:53 - [пухтон - #admin] fimacuzz: !level
2025-01-03 23:50:02 - PyNaCl is not installed, voice will NOT be supported
2025-01-03 23:50:02 - logging in using static token
2025-01-03 23:50:02 - Shard ID None has connected to Gateway (Session ID: be6f85f7911945041596180a4e592174).
2025-01-03 23:50:04 - [пухтон - #admin] fimacuzz: !level
2025-01-03 23:50:11 - PyNaCl is not installed, voice will NOT be supported
2025-01-03 23:50:11 - logging in using static token
2025-01-03 23:50:12 - Shard ID None has connected to Gateway (Session ID: 106a7689e06797effeca98331357e3ef).
2025-01-03 23:50:16 - [пухтон - #admin] fimacuzz: !level
2025-01-03 23:50:39 - PyNaCl is not installed, voice will NOT be supported
2025-01-03 23:50:39 - logging in using static token
2025-01-03 23:50:40 - Shard ID None has connected to Gateway (Session ID: 5c89e84852820e423d50c54f68f953de).
2025-01-03 23:51:34 - [пухтон - #admin] fimacuzz: !level
2025-01-03 23:54:08 - PyNaCl is not installed, voice will NOT be supported
2025-01-03 23:54:08 - logging in using static token
2025-01-03 23:54:09 - Shard ID None has connected to Gateway (Session ID: 2a968e46ba555ea76469321000c9f084).
2025-01-03 23:54:17 - [пухтон - #admin] fimacuzz: !level
2025-01-03 23:54:39 - PyNaCl is not installed, voice will NOT be supported
2025-01-03 23:54:39 - logging in using static token
2025-01-03 23:54:40 - Shard ID None has connected to Gateway (Session ID: 9cf68a503fbc68862cb66082b6fb19a1).
2025-01-03 23:56:55 - [пухтон - #admin] fimacuzz: !level
2025-01-03 23:58:07 - PyNaCl is not installed, voice will NOT be supported
2025-01-03 23:58:07 - logging in using static token
2025-01-03 23:58:08 - Shard ID None has connected to Gateway (Session ID: e8d29db52369dac6f295575d7c747041).
2025-01-03 23:58:10 - [пухтон - #admin] fimacuzz: !level
2025-01-03 23:58:15 - PyNaCl is not installed, voice will NOT be supported
2025-01-03 23:58:15 - logging in using static token
2025-01-03 23:58:16 - Shard ID None has connected to Gateway (Session ID: 43154c3c50bd0a296e6c40457abe292d).
2025-01-03 23:58:17 - [пухтон - #admin] fimacuzz: !level
2025-01-03 23:58:17 - [пухтон - #admin] fimacuzz: !level
2025-01-03 23:58:18 - [пухтон - #admin] fimacuzz: !level
2025-01-03 23:58:26 - PyNaCl is not installed, voice will NOT be supported
2025-01-03 23:58:26 - logging in using static token
2025-01-03 23:58:26 - Shard ID None has connected to Gateway (Session ID: e096cbe126327b39429c830a6289e9bf).
2025-01-03 23:58:31 - [пухтон - #admin] fimacuzz: !level
2025-01-03 23:58:44 - PyNaCl is not installed, voice will NOT be supported
2025-01-03 23:58:44 - logging in using static token
2025-01-03 23:58:45 - Shard ID None has connected to Gateway (Session ID: ee0ec87107aa3a58834e86112f8e17c7).
2025-01-03 23:58:48 - [пухтон - #admin] fimacuzz: !level
2025-01-03 23:59:02 - PyNaCl is not installed, voice will NOT be supported
2025-01-03 23:59:02 - logging in using static token
2025-01-03 23:59:03 - Shard ID None has connected to Gateway (Session ID: 37dfde5b06d85280104f99115617bb4b).
2025-01-03 23:59:09 - [пухтон - #admin] fimacuzz: !level
2025-01-03 23:59:22 - PyNaCl is not installed, voice will NOT be supported
2025-01-03 23:59:22 - logging in using static token
2025-01-03 23:59:23 - Shard ID None has connected to Gateway (Session ID: 40a44373fb86365891aca2c9826784bd).
2025-01-03 23:59:25 - [пухтон - #admin] fimacuzz: !level\
2025-01-03 23:59:25 - Ignoring exception in command None
discord.ext.commands.errors.CommandNotFound: Command "level\" is not found
2025-01-03 23:59:28 - [пухтон - #admin] fimacuzz: !level
2025-01-03 23:59:35 - PyNaCl is not installed, voice will NOT be supported
2025-01-03 23:59:35 - logging in using static token
2025-01-03 23:59:36 - Shard ID None has connected to Gateway (Session ID: 99e2e90b2e57e816699ea4ccb802ee5d).
2025-01-03 23:59:38 - [пухтон - #admin] fimacuzz: !level
2025-01-03 23:59:46 - PyNaCl is not installed, voice will NOT be supported
2025-01-03 23:59:46 - logging in using static token
2025-01-03 23:59:47 - Shard ID None has connected to Gateway (Session ID: 2faad6290cbc50ead2caade2cc3f31d3).
2025-01-03 23:59:50 - [пухтон - #admin] fimacuzz: !level
2025-01-04 00:00:03 - PyNaCl is not installed, voice will NOT be supported
2025-01-04 00:00:03 - logging in using static token
2025-01-04 00:00:04 - Shard ID None has connected to Gateway (Session ID: 6d9455ba7a06c548dfa7a9172e2b389e).
2025-01-04 00:00:04 - [пухтон - #admin] fimacuzz: !level
2025-01-04 00:00:15 - PyNaCl is not installed, voice will NOT be supported
2025-01-04 00:00:15 - logging in using static token
2025-01-04 00:00:16 - Shard ID None has connected to Gateway (Session ID: dbb0f0c7d2b7ad4b8f217ea56a252354).
2025-01-04 00:00:17 - [пухтон - #admin] fimacuzz: !level
2025-01-04 00:00:45 - PyNaCl is not installed, voice will NOT be supported
2025-01-04 00:00:45 - logging in using static token
2025-01-04 00:00:46 - Shard ID None has connected to Gateway (Session ID: 66f4eced2cbcf6c0e8bbaacf19e15cfb).
2025-01-04 00:00:49 - [пухтон - #admin] fimacuzz: !level
2025-01-04 00:01:04 - PyNaCl is not installed, voice will NOT be supported
2025-01-04 00:01:04 - logging in using static token
2025-01-04 00:01:05 - Shard ID None has connected to Gateway (Session ID: 8df517f81a0b49d7542c41646211033b).
2025-01-04 00:01:07 - [пухтон - #admin] fimacuzz: !level
2025-01-04 00:01:35 - PyNaCl is not installed, voice will NOT be supported
2025-01-04 00:01:35 - logging in using static token
2025-01-04 00:01:36 - Shard ID None has connected to Gateway (Session ID: 3812a574fceb79c8904dafaff1986509).
2025-01-04 00:01:45 - PyNaCl is not installed, voice will NOT be supported
2025-01-04 00:01:45 - logging in using static token
2025-01-04 00:01:46 - Shard ID None has connected to Gateway (Session ID: 840868b8750829dad0474594d72f4c52).
2025-01-04 00:01:51 - [пухтон - #admin] fimacuzz: !level
2025-01-04 00:02:22 - PyNaCl is not installed, voice will NOT be supported
2025-01-04 00:02:22 - logging in using static token
2025-01-04 00:02:23 - Shard ID None has connected to Gateway (Session ID: 2caf4e689160b9ae1ca818e0a4b11e03).
2025-01-04 00:02:27 - [пухтон - #admin] fimacuzz: !level
2025-01-04 00:02:51 - PyNaCl is not installed, voice will NOT be supported
2025-01-04 00:02:51 - logging in using static token
2025-01-04 00:02:52 - Shard ID None has connected to Gateway (Session ID: cb164661c1f325d0969e23bc4e513d57).
2025-01-04 00:02:54 - [пухтон - #admin] fimacuzz: !level
2025-01-04 00:03:04 - PyNaCl is not installed, voice will NOT be supported
2025-01-04 00:03:04 - logging in using static token
2025-01-04 00:03:05 - Shard ID None has connected to Gateway (Session ID: 54c3d67eccf62911d6ccf49612eec587).
2025-01-04 00:03:05 - [пухтон - #admin] fimacuzz: !level
2025-01-04 00:03:12 - PyNaCl is not installed, voice will NOT be supported
2025-01-04 00:03:12 - logging in using static token
2025-01-04 00:03:13 - Shard ID None has connected to Gateway (Session ID: 2f28da9e029c1d8981ea00decb80f4f8).
2025-01-04 00:03:13 - [пухтон - #admin] fimacuzz: !level
2025-01-04 00:03:28 - PyNaCl is not installed, voice will NOT be supported
2025-01-04 00:03:28 - logging in using static token
2025-01-04 00:03:29 - Shard ID None has connected to Gateway (Session ID: ac0a655c19d12830aa8a34a8bf8eb825).
2025-01-04 00:03:29 - [пухтон - #admin] fimacuzz: !level
2025-01-04 00:03:56 - PyNaCl is not installed, voice will NOT be supported
2025-01-04 00:03:56 - logging in using static token
2025-01-04 00:03:57 - Shard ID None has connected to Gateway (Session ID: 0f52a4745e80f5b211fe379acfde0176).
2025-01-04 00:04:00 - [пухтон - #admin] fimacuzz: !level
2025-01-04 00:04:00 - Ignoring exception in command level
Traceback (most recent call last):
  File "C:\Users\фима\PycharmProjects\vladlox\.venv2\Lib\site-packages\discord\ext\commands\core.py", line 235, in wrapped
    ret = await coro(*args, **kwargs)
          ^^^^^^^^^^^^^^^^^^^^^^^^^^^
  File "C:\Users\фима\PycharmProjects\vladlox\vladlox.py", line 167, in level
    level_image = await generate_level_image(user_id, user_name, avatar_url)  # Передаем URL аватара
                  ^^^^^^^^^^^^^^^^^^^^^^^^^^^^^^^^^^^^^^^^^^^^^^^^^^^^^^^^^^
  File "C:\Users\фима\PycharmProjects\vladlox\vladlox.py", line 98, in generate_level_image
    img.paste(avatar, (circle_x, circle_y))
  File "C:\Users\фима\PycharmProjects\vladlox\.venv2\Lib\site-packages\PIL\Image.py", line 1857, in paste
    self.im.paste(source, box)
TypeError: 'float' object cannot be interpreted as an integer

The above exception was the direct cause of the following exception:

Traceback (most recent call last):
  File "C:\Users\фима\PycharmProjects\vladlox\.venv2\Lib\site-packages\discord\ext\commands\bot.py", line 1366, in invoke
    await ctx.command.invoke(ctx)
  File "C:\Users\фима\PycharmProjects\vladlox\.venv2\Lib\site-packages\discord\ext\commands\core.py", line 1029, in invoke
    await injected(*ctx.args, **ctx.kwargs)  # type: ignore
    ^^^^^^^^^^^^^^^^^^^^^^^^^^^^^^^^^^^^^^^
  File "C:\Users\фима\PycharmProjects\vladlox\.venv2\Lib\site-packages\discord\ext\commands\core.py", line 244, in wrapped
    raise CommandInvokeError(exc) from exc
discord.ext.commands.errors.CommandInvokeError: Command raised an exception: TypeError: 'float' object cannot be interpreted as an integer
2025-01-04 00:04:08 - PyNaCl is not installed, voice will NOT be supported
2025-01-04 00:04:08 - logging in using static token
2025-01-04 00:04:09 - Shard ID None has connected to Gateway (Session ID: 267b678f72f65bef456fa94d1f71d732).
2025-01-04 00:04:14 - [пухтон - #admin] fimacuzz: !level
2025-01-04 00:04:21 - PyNaCl is not installed, voice will NOT be supported
2025-01-04 00:04:21 - logging in using static token
2025-01-04 00:04:22 - Shard ID None has connected to Gateway (Session ID: c06de974345ea30920c7e37310729b11).
2025-01-04 00:04:25 - [пухтон - #admin] fimacuzz: !level
2025-01-04 00:04:41 - PyNaCl is not installed, voice will NOT be supported
2025-01-04 00:04:41 - logging in using static token
2025-01-04 00:04:42 - Shard ID None has connected to Gateway (Session ID: 74c4dd5734cf28c86121c04b7f55ea08).
2025-01-04 00:04:45 - [пухтон - #admin] fimacuzz: !level
2025-01-04 00:04:54 - [пухтон - #admin] fimacuzz: о да
2025-01-04 00:07:22 - [пухтон - #\U0001f4ac\u30fbобщение] fimacuzz: прототип
2025-01-04 00:07:28 - [пухтон - #\U0001f4ac\u30fbобщение] fimacuzz: /
2025-01-04 00:07:32 - [пухтон - #\U0001f4ac\u30fbобщение] fimacuzz: !level
2025-01-04 00:07:40 - [пухтон - #\U0001f4ac\u30fbобщение] fimacuzz: результат
2025-01-04 00:07:45 - [пухтон - #\U0001f4ac\u30fbобщение] fimacuzz: урааа боже
2025-01-04 00:20:09 - [пухтон - #\U0001f4ac\u30fbобщение] fimacuzz: <@1204504465412063333>
2025-01-04 00:20:14 - [пухтон - #\U0001f4ac\u30fbобщение] fimacuzz: кс может?
2025-01-04 00:22:30 - [пухтон - #\U0001f4ac\u30fbобщение] ron281: гоу
2025-01-04 00:22:37 - [пухтон - #\U0001f4ac\u30fbобщение] fimacuzz: захожу
2025-01-04 02:07:36 - PyNaCl is not installed, voice will NOT be supported
2025-01-04 02:07:36 - logging in using static token
2025-01-04 02:07:37 - Shard ID None has connected to Gateway (Session ID: 75b9f73c85c370b6935a0c2eb4dba476).
2025-01-04 02:07:47 - [пухтон - #соси-плюс-тесты-бота] fimacuzz: !help
2025-01-04 02:07:54 - [пухтон - #соси-плюс-тесты-бота] fimacuzz: !level
2025-01-04 02:08:05 - [пухтон - #соси-плюс-тесты-бота] fimacuzz: !addxp <@1112414018074837012>  5
2025-01-04 02:08:25 - [пухтон - #соси-плюс-тесты-бота] fimacuzz: !anons Я_ГЕЙ тест
2025-01-04 02:08:32 - [пухтон - #соси-плюс-тесты-бота] fimacuzz: !avatarr
2025-01-04 02:08:32 - Ignoring exception in command None
discord.ext.commands.errors.CommandNotFound: Command "avatarr" is not found
2025-01-04 02:08:34 - [пухтон - #соси-плюс-тесты-бота] fimacuzz: !avatar
2025-01-04 02:08:43 - [пухтон - #соси-плюс-тесты-бота] fimacuzz: !help
2025-01-04 02:08:57 - [пухтон - #\U0001f4ac\u30fbобщение] fimacuzz: !clear 1
2025-01-04 02:09:26 - [пухтон - #соси-плюс-тесты-бота] fimacuzz: !mute <@1193911734570852455>
2025-01-04 02:09:27 - Ignoring exception in command mute
Traceback (most recent call last):
  File "C:\Users\фима\PycharmProjects\vladlox\.venv2\Lib\site-packages\discord\ext\commands\bot.py", line 1366, in invoke
    await ctx.command.invoke(ctx)
  File "C:\Users\фима\PycharmProjects\vladlox\.venv2\Lib\site-packages\discord\ext\commands\core.py", line 1021, in invoke
    await self.prepare(ctx)
  File "C:\Users\фима\PycharmProjects\vladlox\.venv2\Lib\site-packages\discord\ext\commands\core.py", line 938, in prepare
    await self._parse_arguments(ctx)
  File "C:\Users\фима\PycharmProjects\vladlox\.venv2\Lib\site-packages\discord\ext\commands\core.py", line 845, in _parse_arguments
    transformed = await self.transform(ctx, param, attachments)
                  ^^^^^^^^^^^^^^^^^^^^^^^^^^^^^^^^^^^^^^^^^^^^^
  File "C:\Users\фима\PycharmProjects\vladlox\.venv2\Lib\site-packages\discord\ext\commands\core.py", line 697, in transform
    raise MissingRequiredArgument(param)
discord.ext.commands.errors.MissingRequiredArgument: time is a required argument that is missing.
2025-01-04 02:09:39 - [пухтон - #соси-плюс-тесты-бота] fimacuzz: !mute
2025-01-04 02:09:40 - Ignoring exception in command mute
Traceback (most recent call last):
  File "C:\Users\фима\PycharmProjects\vladlox\.venv2\Lib\site-packages\discord\ext\commands\bot.py", line 1366, in invoke
    await ctx.command.invoke(ctx)
  File "C:\Users\фима\PycharmProjects\vladlox\.venv2\Lib\site-packages\discord\ext\commands\core.py", line 1021, in invoke
    await self.prepare(ctx)
  File "C:\Users\фима\PycharmProjects\vladlox\.venv2\Lib\site-packages\discord\ext\commands\core.py", line 938, in prepare
    await self._parse_arguments(ctx)
  File "C:\Users\фима\PycharmProjects\vladlox\.venv2\Lib\site-packages\discord\ext\commands\core.py", line 845, in _parse_arguments
    transformed = await self.transform(ctx, param, attachments)
                  ^^^^^^^^^^^^^^^^^^^^^^^^^^^^^^^^^^^^^^^^^^^^^
  File "C:\Users\фима\PycharmProjects\vladlox\.venv2\Lib\site-packages\discord\ext\commands\core.py", line 697, in transform
    raise MissingRequiredArgument(param)
discord.ext.commands.errors.MissingRequiredArgument: member is a required argument that is missing.
2025-01-04 02:09:52 - [пухтон - #соси-плюс-тесты-бота] fimacuzz: !mute <@1193911734570852455>  1 flr
2025-01-04 02:10:10 - [пухтон - #соси-плюс-тесты-бота] fimacuzz: !ping
2025-01-04 02:10:15 - [пухтон - #соси-плюс-тесты-бота] fimacuzz: !quote
2025-01-04 02:10:25 - [пухтон - #соси-плюс-тесты-бота] fimacuzz: !roll
2025-01-04 02:10:36 - [пухтон - #соси-плюс-тесты-бота] fimacuzz: !say Я ГЕЙ
2025-01-04 02:10:47 - [пухтон - #соси-плюс-тесты-бота] fimacuzz: !serverinfo
2025-01-04 02:11:07 - [пухтон - #соси-плюс-тесты-бота] fimacuzz: !mute <@1193911734570852455>  1 floood
2025-01-04 02:11:13 - [пухтон - #соси-плюс-тесты-бота] fimacuzz: !unmute <@1193911734570852455>
2025-01-04 02:11:22 - [пухтон - #соси-плюс-тесты-бота] fimacuzz: !help
2025-01-04 02:11:37 - [пухтон - #соси-плюс-тесты-бота] fimacuzz: !userinfo <@926004550576529428>
2025-01-04 02:12:51 - [пухтон - #соси-плюс-тесты-бота] fimacuzz: !hekp umute
2025-01-04 02:12:52 - Ignoring exception in command None
discord.ext.commands.errors.CommandNotFound: Command "hekp" is not found
2025-01-04 02:12:58 - [пухтон - #соси-плюс-тесты-бота] fimacuzz: !help unmute
2025-01-04 02:52:30 - PyNaCl is not installed, voice will NOT be supported
2025-01-04 02:52:30 - logging in using static token
2025-01-04 02:52:31 - Shard ID None has connected to Gateway (Session ID: 96b25d8ab16e7517f6effc73332dc324).
2025-01-04 03:28:04 - PyNaCl is not installed, voice will NOT be supported
2025-01-04 03:29:07 - PyNaCl is not installed, voice will NOT be supported
2025-01-04 03:33:24 - PyNaCl is not installed, voice will NOT be supported
2025-01-04 03:33:24 - logging in using static token
2025-01-04 03:33:25 - Shard ID None has connected to Gateway (Session ID: c54db6ce91fbd6d0fcfecf53f30b5977).
2025-01-04 03:48:14 - PyNaCl is not installed, voice will NOT be supported
2025-01-04 03:48:14 - logging in using static token
2025-01-04 03:48:15 - Shard ID None has connected to Gateway (Session ID: 18807dca592d0e5bafa336898520bc77).
2025-01-04 03:52:57 - PyNaCl is not installed, voice will NOT be supported
2025-01-04 03:54:22 - PyNaCl is not installed, voice will NOT be supported
2025-01-04 03:54:22 - logging in using static token
2025-01-04 03:54:23 - Shard ID None has connected to Gateway (Session ID: faa0d84bf8c615848ae7bffddb1212ad).
2025-01-04 03:55:39 - Ignoring exception in command 'vladosik'
Traceback (most recent call last):
  File "C:\Users\фима\PycharmProjects\vladlox\.venv2\Lib\site-packages\discord\app_commands\commands.py", line 858, in _do_call
    return await self._callback(interaction, **params)  # type: ignore
           ^^^^^^^^^^^^^^^^^^^^^^^^^^^^^^^^^^^^^^^^^^^
  File "C:\Users\фима\PycharmProjects\vladlox\vladlox.py", line 182, in vladosik
    await interaction.response.send_message(file=discord.File('vlados.png'))
                                                 ^^^^^^^^^^^^^^^^^^^^^^^^^^
  File "C:\Users\фима\PycharmProjects\vladlox\.venv2\Lib\site-packages\discord\file.py", line 97, in __init__
    self.fp = open(fp, 'rb')
              ^^^^^^^^^^^^^^
FileNotFoundError: [Errno 2] No such file or directory: 'vlados.png'

The above exception was the direct cause of the following exception:

Traceback (most recent call last):
  File "C:\Users\фима\PycharmProjects\vladlox\.venv2\Lib\site-packages\discord\app_commands\tree.py", line 1310, in _call
    await command._invoke_with_namespace(interaction, namespace)
  File "C:\Users\фима\PycharmProjects\vladlox\.venv2\Lib\site-packages\discord\app_commands\commands.py", line 883, in _invoke_with_namespace
    return await self._do_call(interaction, transformed_values)
           ^^^^^^^^^^^^^^^^^^^^^^^^^^^^^^^^^^^^^^^^^^^^^^^^^^^^
  File "C:\Users\фима\PycharmProjects\vladlox\.venv2\Lib\site-packages\discord\app_commands\commands.py", line 876, in _do_call
    raise CommandInvokeError(self, e) from e
discord.app_commands.errors.CommandInvokeError: Command 'vladosik' raised an exception: FileNotFoundError: [Errno 2] No such file or directory: 'vlados.png'
2025-01-04 04:09:00 - PyNaCl is not installed, voice will NOT be supported
2025-01-04 04:09:00 - logging in using static token
2025-01-04 04:09:02 - Shard ID None has connected to Gateway (Session ID: 7ff1453fca960d3825d47c4b0afb63e4).
2025-01-04 04:11:55 - PyNaCl is not installed, voice will NOT be supported
2025-01-04 04:11:55 - logging in using static token
2025-01-04 04:11:56 - Shard ID None has connected to Gateway (Session ID: e0a17db6916de4c0d4cd24164db7237a).
2025-01-04 04:13:17 - [пухтон - #admin] fimacuzz: !level <@926004550576529428>
2025-01-04 04:13:26 - [пухтон - #admin] fimacuzz: аааааага саси ефим
2025-01-04 04:13:28 - [пухтон - #admin] fimacuzz: !level
2025-01-04 04:13:38 - [пухтон - #admin] fimacuzz: не понял
2025-01-04 04:14:02 - [пухтон - #admin] fimacuzz: !level
2025-01-04 04:14:12 - [пухтон - #\U0001f4ca\u30fbпроверка-уровня] fimacuzz: !level
2025-01-04 04:14:38 - [пухтон - #admin] fimacuzz: я понял
2025-01-04 04:14:44 - [пухтон - #admin] fimacuzz: # все сасем
2025-01-04 04:18:02 - [пухтон - #\U0001f4ac\u30fbобщение] fimacuzz: как давно ксюша ливнула?
2025-01-04 04:28:54 - [пухтон - #admin] fimacuzz: ххх
2025-01-04 04:32:24 - PyNaCl is not installed, voice will NOT be supported
2025-01-04 04:32:24 - logging in using static token
2025-01-04 04:32:25 - Shard ID None has connected to Gateway (Session ID: abf2564f9a2c3c63427545f683764e97).
2025-01-04 04:34:01 - PyNaCl is not installed, voice will NOT be supported
2025-01-04 04:34:01 - logging in using static token
2025-01-04 04:34:02 - Shard ID None has connected to Gateway (Session ID: e3a1be4529247f1712f4dd5338fa0728).
2025-01-04 20:55:12 - PyNaCl is not installed, voice will NOT be supported
2025-01-04 20:55:12 - logging in using static token
2025-01-04 20:55:13 - Shard ID None has connected to Gateway (Session ID: 64f1a34954242e1171817d882a8703e6).
2025-01-04 20:56:00 - [пухтон - #admin] fimacuzz: 
2025-01-04 20:56:26 - [пухтон - #admin] clinrizet: не я
2025-01-04 20:56:29 - [пухтон - #admin] clinrizet: честно
2025-01-04 20:56:34 - [пухтон - #admin] fimacuzz: ты чекай
2025-01-04 20:56:35 - [пухтон - #admin] clinrizet: я  в кровати был ваще
2025-01-04 20:56:38 - [пухтон - #admin] clinrizet: костя играл в каеееееееееееесапску
2025-01-04 20:56:39 - [пухтон - #admin] fimacuzz: это в браузере
2025-01-04 20:56:46 - [пухтон - #admin] clinrizet: а бля
2025-01-04 20:56:47 - [пухтон - #admin] fimacuzz: это я
2025-01-04 20:56:48 - [пухтон - #admin] clinrizet: понял
2025-01-04 20:56:49 - [пухтон - #admin] fimacuzz: замутил
2025-01-04 20:56:50 - [пухтон - #admin] clinrizet: сигма
2025-01-04 20:56:55 - [пухтон - #admin] fimacuzz: типо теперь в лс
2025-01-04 20:56:58 - [пухтон - #admin] fimacuzz: приходит
2025-01-04 20:57:00 - [пухтон - #admin] fimacuzz: если мут
2025-01-04 20:57:05 - [пухтон - #admin] clinrizet: понял
2025-01-04 20:57:06 - [пухтон - #admin] fimacuzz: к слову
2025-01-04 20:57:08 - [пухтон - #admin] fimacuzz: тп линку
2025-01-04 20:57:10 - [пухтон - #admin] clinrizet: в каес?))
2025-01-04 20:57:13 - [пухтон - #admin] fimacuzz: поотрываю руки
2025-01-04 20:57:16 - [пухтон - #admin] fimacuzz: долбаебы
2025-01-04 20:57:18 - [пухтон - #admin] fimacuzz: проишвка залупа
2025-01-04 20:57:19 - [пухтон - #admin] fimacuzz: погнали
2025-01-04 20:57:27 - [пухтон - #admin] clinrizet: на ньюк гоу
2025-01-04 20:57:34 - [пухтон - #admin] fimacuzz: мне не понравилась
2025-01-04 20:57:37 - [пухтон - #admin] clinrizet: жду в войсе
2025-01-04 20:57:37 - [пухтон - #admin] fimacuzz: гавно карта
2025-01-04 20:57:43 - Ignoring exception in on_message
Traceback (most recent call last):
  File "C:\Users\фима\PycharmProjects\vladlox\.venv2\Lib\site-packages\discord\client.py", line 449, in _run_event
    await coro(*args, **kwargs)
  File "C:\Users\фима\PycharmProjects\vladlox\vladlox.py", line 187, in on_message
    await add_xp(message.author.id, random.randint(5, 15))
  File "C:\Users\фима\PycharmProjects\vladlox\vladlox.py", line 49, in add_xp
    c.execute('INSERT OR IGNORE INTO users (user_id) VALUES (?)', (user_id, ))
sqlite3.OperationalError: database is locked
2025-01-04 20:57:43 - [пухтон - #admin] clinrizet: ну другу юпосмотрим тогда
2025-01-04 20:57:44 - [пухтон - #admin] clinrizet: лан поху
2025-01-04 20:57:44 - [пухтон - #admin] fimacuzz: я на нюк не пойжу
2025-01-04 20:57:45 - [пухтон - #admin] clinrizet: гоу
2025-01-04 20:57:48 - [пухтон - #admin] clinrizet: птом
2025-01-04 20:57:49 - [пухтон - #admin] clinrizet: решим
2025-01-04 20:57:50 - [пухтон - #admin] clinrizet: заходи
2025-01-04 20:57:56 - [пухтон - #admin] fimacuzz: щя
2025-01-04 22:22:41 - [пухтон - #\U0001f4f1\u30fbскриншоты] fimacuzz: \
2025-01-04 23:13:01 - Shard ID None has stopped responding to the gateway. Closing and restarting.
2025-01-04 23:13:01 - Shard ID None session has been invalidated.
2025-01-04 23:13:07 - Shard ID None has connected to Gateway (Session ID: 37d3bb0c96fa5459eb6fa7de5cd96cb1).
2025-01-04 23:32:51 - PyNaCl is not installed, voice will NOT be supported
2025-01-04 23:32:51 - logging in using static token
2025-01-04 23:32:53 - Shard ID None has connected to Gateway (Session ID: c4a8b997216a2d8ee4a120fc43a42fd6).
2025-01-04 23:33:26 - PyNaCl is not installed, voice will NOT be supported
2025-01-04 23:33:26 - logging in using static token
2025-01-04 23:33:28 - Shard ID None has connected to Gateway (Session ID: ae5ee6631cf619e66a1e2c79d5d36a00).
2025-01-04 23:35:00 - [пухтон - #admin] fimacuzz: 
2025-01-04 23:35:02 - [пухтон - #admin] fimacuzz: ХУУУУУУУУУУУУУУУУУУУУУУУУУУУУУУУУУУУУУУУУУУУУУУУУУУУ
2025-01-04 23:36:42 - PyNaCl is not installed, voice will NOT be supported
2025-01-04 23:36:42 - logging in using static token
2025-01-04 23:36:43 - Shard ID None has connected to Gateway (Session ID: 8438a6639bce41d7d735507c33ff5841).
2025-01-04 23:37:24 - Ignoring exception in command 'mute'
Traceback (most recent call last):
  File "C:\Users\фима\PycharmProjects\vladlox\.venv2\Lib\site-packages\discord\app_commands\tree.py", line 1310, in _call
    await command._invoke_with_namespace(interaction, namespace)
  File "C:\Users\фима\PycharmProjects\vladlox\.venv2\Lib\site-packages\discord\app_commands\commands.py", line 880, in _invoke_with_namespace
    raise CheckFailure(f'The check functions for command {self.name!r} failed.')
discord.app_commands.errors.CheckFailure: The check functions for command 'mute' failed.
2025-01-04 23:37:35 - [пухтон - #\U0001f4ac\u30fbобщение] clinrizet: кто в напы
2025-01-04 23:37:38 - [пухтон - #\U0001f4ac\u30fbобщение] clinrizet: без войса
2025-01-04 23:37:48 - [пухтон - #\U0001f4ac\u30fbобщение] fimacuzz: ага
2025-01-04 23:37:49 - [пухтон - #\U0001f4ac\u30fbобщение] fimacuzz: понял
2025-01-04 23:38:01 - [пухтон - #\U0001f4ac\u30fbобщение] fimacuzz: сука
2025-01-04 23:38:02 - [пухтон - #\U0001f4ac\u30fbобщение] fimacuzz: понял
2025-01-04 23:38:03 - [пухтон - #\U0001f4ac\u30fbобщение] ron281: онли войс
2025-01-04 23:38:09 - Ignoring exception in on_message
Traceback (most recent call last):
  File "C:\Users\фима\PycharmProjects\vladlox\.venv2\Lib\site-packages\discord\client.py", line 449, in _run_event
    await coro(*args, **kwargs)
  File "C:\Users\фима\PycharmProjects\vladlox\vladlox.py", line 189, in on_message
    await add_xp(message.author.id, random.randint(5, 15))
  File "C:\Users\фима\PycharmProjects\vladlox\vladlox.py", line 49, in add_xp
    c.execute('INSERT OR IGNORE INTO users (user_id) VALUES (?)', (user_id, ))
sqlite3.OperationalError: database is locked
2025-01-04 23:38:13 - [пухтон - #\U0001f4ac\u30fbобщение] fimacuzz: без инфы?
2025-01-04 23:38:18 - [пухтон - #\U0001f4ac\u30fbобщение] fimacuzz: <@&1167943104528121946>
2025-01-04 23:38:20 - [пухтон - #\U0001f4ac\u30fbобщение] fimacuzz: в гс
2025-01-04 23:38:47 - [пухтон - #admin] fimacuzz: слышишь
2025-01-04 23:38:49 - [пухтон - #admin] fimacuzz: блять
2025-01-04 23:38:54 - [пухтон - #admin] fimacuzz: мне немного не нравится
2025-01-04 23:39:12 - [пухтон - #admin] fimacuzz: походу двоюродная
2025-01-04 23:39:13 - [пухтон - #\U0001f4ac\u30fbобщение] clinrizet: с гч
2025-01-04 23:39:15 - [пухтон - #admin] fimacuzz: ксюши
2025-01-04 23:39:17 - [пухтон - #\U0001f4ac\u30fbобщение] clinrizet: в админку зайди
2025-01-04 23:39:31 - [пухтон - #admin] clinrizet: 
2025-01-04 23:39:37 - [пухтон - #admin] clinrizet: я с нимим
2025-01-04 23:39:39 - [пухтон - #admin] clinrizet: в войсе
2025-01-04 23:39:39 - [пухтон - #admin] fimacuzz: вот вот
2025-01-04 23:39:42 - [пухтон - #admin] fimacuzz: короче
2025-01-04 23:39:46 - [пухтон - #admin] fimacuzz: она сталкерит
2025-01-04 23:39:47 - [пухтон - #admin] fimacuzz: меня
2025-01-04 23:39:51 - [пухтон - #admin] fimacuzz: + мне прилетало сообщение
2025-01-04 23:39:54 - [пухтон - #admin] fimacuzz: я люблдю тебя
2025-01-04 23:39:59 - [пухтон - #admin] fimacuzz: потом резкое удаление
2025-01-04 23:40:02 - [пухтон - #admin] fimacuzz: и она пишет
2025-01-04 23:40:07 - [пухтон - #admin] fimacuzz: это подруга блаблабла
2025-01-04 23:40:08 - [пухтон - #admin] fimacuzz: бла
2025-01-04 23:40:16 - [пухтон - #admin] fimacuzz: @everyone
2025-01-04 23:40:17 - [пухтон - #admin] fimacuzz: го
2025-01-04 23:40:19 - [пухтон - #admin] fimacuzz: тогда
2025-01-04 23:40:23 - [пухтон - #admin] fimacuzz: в напы
2025-01-04 23:41:14 - [пухтон - #admin] clinrizet: ща катку доигаю
2025-01-04 23:50:41 - [пухтон - #\U0001f4ca\u30fbпроверка-уровня] clinrizet: /ранг
2025-01-04 23:50:42 - Ignoring exception in command None
discord.ext.commands.errors.CommandNotFound: Command "ранг" is not found
2025-01-04 23:51:47 - [пухтон - #\U0001f4ac\u30fbобщение] clinrizet: 
2025-01-04 23:52:42 - [пухтон - #\U0001f4ac\u30fbобщение] clinrizet: с модерки уйду на аватарку прставлю
2025-01-04 23:53:23 - [пухтон - #\U0001f4ac\u30fbобщение] clinrizet: 
2025-01-04 23:53:30 - [пухтон - #\U0001f4ac\u30fbобщение] clinrizet: <@1112414018074837012> а мне
2025-01-04 23:55:42 - [пухтон - #admin] clinrizet: 
2025-01-05 00:04:46 - PyNaCl is not installed, voice will NOT be supported
2025-01-05 00:04:46 - logging in using static token
2025-01-05 00:04:47 - Shard ID None has connected to Gateway (Session ID: 8ec7abc51c7aa43246086c6c3ddba9a6).
2025-01-05 00:04:51 - [пухтон - #admin] clinrizet: я с телефона просто севану
2025-01-05 00:04:54 - [пухтон - #admin] clinrizet: в избранное
2025-01-05 00:04:58 - [пухтон - #admin] fimacuzz: ладно.............
2025-01-05 00:05:27 - [пухтон - #admin] fimacuzz: ты с войсом?
2025-01-05 00:05:37 - [пухтон - #admin] clinrizet: в войсе))
2025-01-05 00:05:41 - [пухтон - #admin] clinrizet: ща минут 15
2025-01-05 00:05:42 - [пухтон - #admin] clinrizet: и идем
2025-01-05 00:05:43 - [пухтон - #admin] fimacuzz: а ну ок
2025-01-05 00:05:46 - [пухтон - #admin] fimacuzz: авъваъаъаъаъъаъаъавъ
2025-01-05 00:05:46 - [пухтон - #admin] clinrizet: можешь размчться пока
2025-01-05 00:05:49 - [пухтон - #admin] fimacuzz: да
2025-01-05 00:24:47 - [пухтон - #admin] fimacuzz: <@926004550576529428>
2025-01-05 00:25:12 - [пухтон - #admin] clinrizet: все идем
2025-01-05 00:25:14 - [пухтон - #admin] clinrizet: ща
2025-01-05 00:25:32 - [пухтон - #admin] clinrizet: давай
2025-01-05 00:25:34 - [пухтон - #admin] clinrizet: тока в гч
2025-01-05 00:25:48 - [пухтон - #admin] fimacuzz: Бабник
2025-01-05 00:27:15 - [пухтон - #admin] clinrizet: да
2025-01-05 00:27:19 - [пухтон - #admin] clinrizet: общаюсь с ксюшей
2025-01-05 00:27:20 - [пухтон - #admin] clinrizet: как так
2025-01-05 00:27:24 - [пухтон - #admin] clinrizet: уже полтора года
2025-01-05 00:27:27 - [пухтон - #admin] clinrizet: ебать бабник
2025-01-05 00:27:27 - [пухтон - #admin] clinrizet: ахахах
2025-01-05 00:27:29 - [пухтон - #admin] fimacuzz: Ты предал
2025-01-05 00:27:33 - [пухтон - #admin] fimacuzz: Нашу философскую
2025-01-05 00:27:35 - [пухтон - #admin] fimacuzz: Жиииизнь
2025-01-05 00:27:38 - [пухтон - #admin] fimacuzz: Ради баасааааааааааб
2025-01-05 00:28:05 - [пухтон - #\U0001f4ac\u30fbобщение] clinrizet: <@1112414018074837012>залейта
2025-01-05 00:28:06 - [пухтон - #\U0001f4ac\u30fbобщение] clinrizet: в войс
2025-01-05 00:28:09 - [пухтон - #\U0001f4ac\u30fbобщение] clinrizet: они  все
2025-01-05 00:28:10 - [пухтон - #\U0001f4ac\u30fbобщение] clinrizet: ушли
2025-01-05 00:28:18 - [пухтон - #\U0001f4ac\u30fbобщение] fimacuzz: Али
2025-01-05 00:28:22 - [пухтон - #\U0001f4ac\u30fbобщение] fimacuzz: Адм
2025-01-05 00:30:29 - Shard ID None has successfully RESUMED session 8ec7abc51c7aa43246086c6c3ddba9a6.
2025-01-05 00:51:00 - Shard ID None has successfully RESUMED session 8ec7abc51c7aa43246086c6c3ddba9a6.
2025-01-05 01:07:44 - PyNaCl is not installed, voice will NOT be supported
2025-01-05 01:07:44 - logging in using static token
2025-01-05 01:07:45 - Shard ID None has connected to Gateway (Session ID: 32091874a6523db0b7dc5a1a1c9a96b5).
2025-01-05 01:26:41 - [пухтон - #\U0001f4f1\u30fbскриншоты] fimacuzz: 
2025-01-05 01:27:30 - [пухтон - #\U0001f4f1\u30fbскриншоты] fimacuzz: 
2025-01-05 01:37:52 - Ignoring exception in command 'mute'
Traceback (most recent call last):
  File "C:\Users\фима\PycharmProjects\vladlox\.venv2\Lib\site-packages\discord\app_commands\commands.py", line 858, in _do_call
    return await self._callback(interaction, **params)  # type: ignore
           ^^^^^^^^^^^^^^^^^^^^^^^^^^^^^^^^^^^^^^^^^^^
  File "C:\Users\фима\PycharmProjects\vladlox\vladlox.py", line 444, in mute
    await interaction.followup.send(embed=unmute_embed)
  File "C:\Users\фима\PycharmProjects\vladlox\.venv2\Lib\site-packages\discord\webhook\async_.py", line 1843, in send
    data = await adapter.execute_webhook(
           ^^^^^^^^^^^^^^^^^^^^^^^^^^^^^^
  File "C:\Users\фима\PycharmProjects\vladlox\.venv2\Lib\site-packages\discord\webhook\async_.py", line 223, in request
    raise HTTPException(response, data)
discord.errors.HTTPException: 401 Unauthorized (error code: 50027): Invalid Webhook Token

The above exception was the direct cause of the following exception:

Traceback (most recent call last):
  File "C:\Users\фима\PycharmProjects\vladlox\.venv2\Lib\site-packages\discord\app_commands\tree.py", line 1310, in _call
    await command._invoke_with_namespace(interaction, namespace)
  File "C:\Users\фима\PycharmProjects\vladlox\.venv2\Lib\site-packages\discord\app_commands\commands.py", line 883, in _invoke_with_namespace
    return await self._do_call(interaction, transformed_values)
           ^^^^^^^^^^^^^^^^^^^^^^^^^^^^^^^^^^^^^^^^^^^^^^^^^^^^
  File "C:\Users\фима\PycharmProjects\vladlox\.venv2\Lib\site-packages\discord\app_commands\commands.py", line 876, in _do_call
    raise CommandInvokeError(self, e) from e
discord.app_commands.errors.CommandInvokeError: Command 'mute' raised an exception: HTTPException: 401 Unauthorized (error code: 50027): Invalid Webhook Token
2025-01-05 01:44:54 - PyNaCl is not installed, voice will NOT be supported
2025-01-05 01:44:54 - logging in using static token
2025-01-05 01:44:55 - Shard ID None has connected to Gateway (Session ID: 1273e96b642f3a2a14d1e9495c5e84ca).
2025-01-05 01:45:08 - [пухтон - #соси-плюс-тесты-бота] fimacuzz: /grole пизда жопа
2025-01-05 01:45:08 - Ignoring exception in command None
discord.ext.commands.errors.CommandNotFound: Command "grole" is not found
2025-01-05 01:45:33 - [пухтон - #соси-плюс-тесты-бота] fimacuzz: /grole role_name: "Новая роль"
2025-01-05 01:45:34 - Ignoring exception in command None
discord.ext.commands.errors.CommandNotFound: Command "grole" is not found
2025-01-05 01:45:56 - PyNaCl is not installed, voice will NOT be supported
2025-01-05 01:45:56 - logging in using static token
2025-01-05 01:45:58 - Shard ID None has connected to Gateway (Session ID: 8e2a4364f5dc7c915f05d32a5c98da99).
2025-01-05 01:46:00 - PyNaCl is not installed, voice will NOT be supported
2025-01-05 01:46:00 - logging in using static token
2025-01-05 01:46:02 - Shard ID None has connected to Gateway (Session ID: 1b323e397b80b657a4b4f2b18688a600).
2025-01-05 01:47:29 - PyNaCl is not installed, voice will NOT be supported
2025-01-05 01:47:29 - logging in using static token
2025-01-05 01:47:30 - Shard ID None has connected to Gateway (Session ID: 07acc494905016cde11e7b3e0535d825).
2025-01-05 01:47:39 - [пухтон - #соси-плюс-тесты-бота] fimacuzz: /grole
2025-01-05 01:47:39 - Ignoring exception in command None
discord.ext.commands.errors.CommandNotFound: Command "grole" is not found
2025-01-05 01:51:18 - PyNaCl is not installed, voice will NOT be supported
2025-01-05 01:51:18 - logging in using static token
2025-01-05 01:51:19 - Shard ID None has connected to Gateway (Session ID: 9a8b888f795d08c7aa06af3b6235e60f).
2025-01-05 01:51:32 - [пухтон - #соси-плюс-тесты-бота] fimacuzz: /grole
2025-01-05 01:51:32 - Ignoring exception in command None
discord.ext.commands.errors.CommandNotFound: Command "grole" is not found
2025-01-05 01:51:46 - PyNaCl is not installed, voice will NOT be supported
2025-01-05 01:51:46 - logging in using static token
2025-01-05 01:51:47 - Shard ID None has connected to Gateway (Session ID: 909928ada7fe09e061664e4ce84f83c9).
2025-01-05 01:54:50 - PyNaCl is not installed, voice will NOT be supported
2025-01-05 01:54:50 - logging in using static token
2025-01-05 01:54:51 - Shard ID None has connected to Gateway (Session ID: 026b3242be555c8b0b37b6765655969c).
2025-01-05 01:55:01 - [пухтон - #соси-плюс-тесты-бота] fimacuzz: /grole
2025-01-05 01:55:01 - Ignoring exception in command None
discord.ext.commands.errors.CommandNotFound: Command "grole" is not found
2025-01-05 01:55:58 - PyNaCl is not installed, voice will NOT be supported
2025-01-05 01:55:58 - logging in using static token
2025-01-05 01:55:59 - Shard ID None has connected to Gateway (Session ID: 9b35980580f8944c554dbed2ba7e780c).
2025-01-05 01:56:29 - PyNaCl is not installed, voice will NOT be supported
2025-01-05 01:56:29 - logging in using static token
2025-01-05 01:56:30 - Shard ID None has connected to Gateway (Session ID: 0d234490b16ae582772aa5d92d162cfb).
2025-01-05 01:56:34 - [пухтон - #трест] fimacuzz: /grole
2025-01-05 01:56:34 - Ignoring exception in command None
discord.ext.commands.errors.CommandNotFound: Command "grole" is not found
2025-01-05 01:57:40 - PyNaCl is not installed, voice will NOT be supported
2025-01-05 01:57:40 - logging in using static token
2025-01-05 01:57:41 - Shard ID None has connected to Gateway (Session ID: ba2e98adf85140339cca4c68b10df957).
2025-01-05 01:57:50 - [пухтон - #трест] fimacuzz: /grole
2025-01-05 01:57:51 - Ignoring exception in command None
discord.ext.commands.errors.CommandNotFound: Command "grole" is not found
2025-01-05 01:58:36 - PyNaCl is not installed, voice will NOT be supported
2025-01-05 01:58:36 - logging in using static token
2025-01-05 01:58:38 - Shard ID None has connected to Gateway (Session ID: 0ac8c198fcfbaed179d3ab5b06e4d581).
2025-01-05 01:58:52 - [пухтон - #трест] fimacuzz: /grole
2025-01-05 01:58:52 - Ignoring exception in command None
discord.ext.commands.errors.CommandNotFound: Command "grole" is not found
2025-01-05 01:59:11 - PyNaCl is not installed, voice will NOT be supported
2025-01-05 01:59:11 - logging in using static token
2025-01-05 01:59:12 - Shard ID None has connected to Gateway (Session ID: 9c4ce5dd135fe6a26cba78fe8d587e6b).
2025-01-05 01:59:20 - [пухтон - #трест] fimacuzz: /xyii
2025-01-05 01:59:21 - Ignoring exception in command None
discord.ext.commands.errors.CommandNotFound: Command "xyii" is not found
2025-01-05 01:59:29 - PyNaCl is not installed, voice will NOT be supported
2025-01-05 01:59:29 - logging in using static token
2025-01-05 01:59:30 - Shard ID None has connected to Gateway (Session ID: 0aa447589996f39ecf7586e90684c489).
2025-01-05 01:59:58 - PyNaCl is not installed, voice will NOT be supported
2025-01-05 01:59:58 - logging in using static token
2025-01-05 01:59:59 - Shard ID None has connected to Gateway (Session ID: 0672aa28e7a41796a6ee9462001d7e21).
2025-01-05 02:00:07 - [пухтон - #трест] fimacuzz: /grole
2025-01-05 02:00:08 - Ignoring exception in command None
discord.ext.commands.errors.CommandNotFound: Command "grole" is not found
2025-01-05 02:01:32 - [пухтон - #\U0001f4ac\u30fbобщение] ron281: МИРОН СЫН ШЛЮХИ ЕБАННОЙ
2025-01-05 02:01:35 - [пухтон - #\U0001f4ac\u30fbобщение] ron281: СОСИ
2025-01-05 02:01:41 - [пухтон - #\U0001f4ac\u30fbобщение] ron281: МНЕ ПОХУЮ
2025-01-05 02:02:09 - [пухтон - #\U0001f4ac\u30fbобщение] ron281: РАЗМУТЬ ДОЛБОЕБ
2025-01-05 02:02:53 - PyNaCl is not installed, voice will NOT be supported
2025-01-05 02:02:53 - logging in using static token
2025-01-05 02:02:54 - Shard ID None has connected to Gateway (Session ID: 09335c70f1fab34264993bbd145b1a18).
2025-01-05 02:03:52 - [пухтон - #\U0001f4ac\u30fbобщение] ron281: короче
2025-01-05 02:04:09 - [пухтон - #\U0001f4ac\u30fbобщение] ron281: соси хуй сын дауна
2025-01-05 02:05:02 - PyNaCl is not installed, voice will NOT be supported
2025-01-05 02:05:02 - logging in using static token
2025-01-05 02:05:03 - Shard ID None has connected to Gateway (Session ID: 247baaec10852d1a6a46b172d0504648).
2025-01-05 02:05:10 - [пухтон - #\U0001f4ac\u30fbобщение] ron281: Я ТВОЕГО ОТЦА ЕБАЛ МИРОН
2025-01-05 02:05:18 - [пухтон - #\U0001f4ac\u30fbобщение] fimacuzz: /grole
2025-01-05 02:05:18 - Ignoring exception in command None
discord.ext.commands.errors.CommandNotFound: Command "grole" is not found
2025-01-05 02:05:26 - [пухтон - #\U0001f4ac\u30fbобщение] ron281: НУ ВКЛЮЧИИИИИИИИИИИИИИИИИИИИИИИ
2025-01-05 02:05:34 - [пухтон - #\U0001f4ac\u30fbобщение] ron281: НИЩЕТА ЕБАННАЯ
2025-01-05 02:05:40 - [пухтон - #\U0001f4ac\u30fbобщение] fimacuzz: )
2025-01-05 02:06:08 - [пухтон - #\U0001f4ac\u30fbобщение] ron281: ой бля
2025-01-05 02:06:10 - [пухтон - #admin] clinrizet: НЕ ВЛЮЧАЙ ЕМУ МИКРО
2025-01-05 02:06:12 - [пухтон - #\U0001f4ac\u30fbобщение] ron281: не выебывайся
2025-01-05 02:06:17 - [пухтон - #\U0001f4ac\u30fbобщение] ron281: долбоеба кусок
2025-01-05 02:06:17 - [пухтон - #admin] clinrizet: Я НЕ ПО ПРИКОЛУ ЭТО СДЕЛАЛ
2025-01-05 02:06:25 - [пухтон - #admin] fimacuzz: /муте
2025-01-05 02:06:25 - Ignoring exception in command None
discord.ext.commands.errors.CommandNotFound: Command "муте" is not found
2025-01-05 02:06:33 - [пухтон - #admin] clinrizet: НАХУЯ
2025-01-05 02:06:33 - [пухтон - #\U0001f4ac\u30fbобщение] ron281: и микрофон тоже
2025-01-05 02:06:34 - [пухтон - #admin] clinrizet: У МЕНЯ КАТКА
2025-01-05 02:06:50 - [пухтон - #\U0001f4ac\u30fbобщение] ron281: быстрее сын  говна
2025-01-05 02:07:05 - [пухтон - #\U0001f4ac\u30fbобщение] ron281: быстреееееееееееееееееееее
2025-01-05 02:07:08 - PyNaCl is not installed, voice will NOT be supported
2025-01-05 02:07:08 - logging in using static token
2025-01-05 02:07:09 - Shard ID None has connected to Gateway (Session ID: 62cce853851920af90c30b6bb01ec64e).
2025-01-05 02:07:12 - [пухтон - #\U0001f4ac\u30fbобщение] ron281: араб ты ебанный
2025-01-05 02:07:21 - [пухтон - #admin] fimacuzz: нахуя ты ему микро дрочишь
2025-01-05 02:07:22 - [пухтон - #\U0001f4ac\u30fbобщение] ron281: слеш иди нахуй
2025-01-05 02:07:29 - [пухтон - #\U0001f4ac\u30fbобщение] ron281: быстрее сын говна
2025-01-05 02:07:33 - [пухтон - #\U0001f4ac\u30fbобщение] fimacuzz: я врубил
2025-01-05 02:07:35 - [пухтон - #admin] clinrizet: та потому что блять окскает ксюшу и эту дуру
2025-01-05 02:07:36 - [пухтон - #\U0001f4ac\u30fbобщение] fimacuzz: заебал
2025-01-05 02:07:40 - [пухтон - #\U0001f4ac\u30fbобщение] fimacuzz: только не твори хуйни
2025-01-05 02:07:41 - [пухтон - #admin] clinrizet: блят ьпопоросил же не включать
2025-01-05 02:07:44 - [пухтон - #\U0001f4ac\u30fbобщение] fimacuzz: будешь оскать ксюшу
2025-01-05 02:07:47 - [пухтон - #\U0001f4ac\u30fbобщение] ron281: я спокойно
2025-01-05 02:07:58 - [пухтон - #\U0001f4ac\u30fbобщение] ron281: этот сын дуры мне по приколу выключает
2025-01-05 02:07:59 - [пухтон - #\U0001f4ac\u30fbобщение] clinrizet: не влючай блять
2025-01-05 02:08:00 - [пухтон - #\U0001f4ac\u30fbобщение] fimacuzz: я ебану бан + чс
2025-01-05 02:08:05 - [пухтон - #\U0001f4ac\u30fbобщение] clinrizet: он уже общела спокойно вести себя
2025-01-05 02:08:18 - PyNaCl is not installed, voice will NOT be supported
2025-01-05 02:08:18 - logging in using static token
2025-01-05 02:08:19 - Shard ID None has connected to Gateway (Session ID: 087de7fe397d57d190c864dac1bb12ef).
2025-01-05 02:08:21 - [пухтон - #\U0001f4ac\u30fbобщение] ron281: обещала твоя мать
2025-01-05 02:08:33 - [пухтон - #\U0001f4ac\u30fbобщение] ron281: Ефимушку включи пазязя
2025-01-05 02:08:38 - [пухтон - #\U0001f4ac\u30fbобщение] ron281: пару слов скзщаать
2025-01-05 02:08:40 - [пухтон - #\U0001f4ac\u30fbобщение] ron281: и я ливну
2025-01-05 02:08:47 - [пухтон - #трест] fimacuzz: /grole
2025-01-05 02:08:47 - Ignoring exception in command None
discord.ext.commands.errors.CommandNotFound: Command "grole" is not found
2025-01-05 02:08:55 - [пухтон - #\U0001f4ac\u30fbобщение] ron281: ой бля
2025-01-05 02:08:58 - [пухтон - #\U0001f4ac\u30fbобщение] ron281: зря было Мирон
2025-01-05 02:09:03 - [пухтон - #\U0001f4ac\u30fbобщение] ron281: пизда тебе в понедельник
2025-01-05 02:09:38 - [пухтон - #\U0001f4ac\u30fbобщение] fimacuzz: блять если че то пизданешь до такой степени что мирон мутит внатуре откину
2025-01-05 02:09:41 - [пухтон - #\U0001f4ac\u30fbобщение] dauntidaun: блять ебать ты агришся
2025-01-05 02:09:47 - [пухтон - #\U0001f4ac\u30fbобщение] ron281: ну да
2025-01-05 02:10:00 - [пухтон - #\U0001f4ac\u30fbобщение] dauntidaun: это угарно выглядит
2025-01-05 02:11:02 - [пухтон - #\U0001f4ac\u30fbобщение] dauntidaun: senn55 что это за типы
2025-01-05 02:11:11 - [пухтон - #\U0001f4ac\u30fbобщение] dauntidaun: пиздец меня тут давно не было
2025-01-05 02:12:14 - [пухтон - #admin] fimacuzz: 
2025-01-05 02:17:14 - PyNaCl is not installed, voice will NOT be supported
2025-01-05 02:17:14 - logging in using static token
2025-01-05 02:17:15 - Shard ID None has connected to Gateway (Session ID: 505ce153952626c0b5a5d4ec194918fe).
2025-01-05 02:18:34 - PyNaCl is not installed, voice will NOT be supported
2025-01-05 02:18:34 - logging in using static token
2025-01-05 02:18:35 - Shard ID None has connected to Gateway (Session ID: 6e352a44b92c757a38ca262d60eb2089).
2025-01-05 02:20:11 - PyNaCl is not installed, voice will NOT be supported
2025-01-05 02:20:11 - logging in using static token
2025-01-05 02:20:13 - Shard ID None has connected to Gateway (Session ID: 81b5e78183343737694a35dad0935b53).
2025-01-05 02:21:29 - PyNaCl is not installed, voice will NOT be supported
2025-01-05 02:21:29 - logging in using static token
2025-01-05 02:21:30 - Shard ID None has connected to Gateway (Session ID: 9f412e26fa58b728ed1ed3fdc277a93c).
2025-01-05 02:22:12 - [пухтон - #\U0001f4ac\u30fbобщение] clinrizet: 
2025-01-05 02:22:19 - [пухтон - #admin] clinrizet: 
2025-01-05 02:22:48 - [пухтон - #заявки-ролей] clinrizet: /grole
2025-01-05 02:22:48 - Ignoring exception in command None
discord.ext.commands.errors.CommandNotFound: Command "grole" is not found
2025-01-05 14:53:37 - Shard ID None has stopped responding to the gateway. Closing and restarting.
2025-01-05 14:53:38 - Shard ID None session has been invalidated.
2025-01-05 14:53:43 - Shard ID None has connected to Gateway (Session ID: 21d6eea7a4adf2e32d80272ca2309cb7).
2025-01-05 15:09:55 - Shard ID None has stopped responding to the gateway. Closing and restarting.
2025-01-05 15:09:56 - Shard ID None session has been invalidated.
2025-01-05 15:10:01 - Shard ID None has connected to Gateway (Session ID: 92c527439a9abaaacb2a2d720b3a8efa).
2025-01-05 15:15:08 - PyNaCl is not installed, voice will NOT be supported
2025-01-05 15:15:08 - logging in using static token
2025-01-05 15:15:09 - Shard ID None has connected to Gateway (Session ID: 8816652203341d4b2a818bf876765385).
2025-01-05 15:15:25 - [пухтон - #admin] fimacuzz: sd
2025-01-05 15:15:26 - [пухтон - #admin] fimacuzz: sdf
2025-01-05 15:15:29 - [пухтон - #admin] fimacuzz: о заеб
2025-01-05 15:15:30 - [пухтон - #admin] fimacuzz: работает
2025-01-05 15:15:38 - [пухтон - #admin] fimacuzz: лучшая бибилиотека
2025-01-05 15:15:48 - [пухтон - #admin] fimacuzz: datetime
2025-01-05 15:16:40 - [пухтон - #admin] fimacuzz: ты только импортишь
2025-01-05 15:16:43 - [пухтон - #admin] fimacuzz: билиотеку
2025-01-05 15:16:55 - [пухтон - #admin] fimacuzz: конст добавляешь в команды
2025-01-05 15:16:57 - [пухтон - #admin] fimacuzz: и все
2025-01-05 15:17:03 - [пухтон - #admin] fimacuzz: 
2025-01-05 15:17:09 - [пухтон - #admin] fimacuzz: в консоли время отправленния сообщения
2025-01-05 15:18:10 - [пухтон - #\U0001f4ac\u30fbобщение] fimacuzz: 
2025-01-05 15:18:17 - [пухтон - #\U0001f4ac\u30fbобщение] fimacuzz: мирон ты ебанулся?
2025-01-05 15:40:14 - [пухтон - #admin] fimacuzz: 
2025-01-05 15:40:37 - [пухтон - #\U0001f4ac\u30fbобщение] clinrizet: так это не все игра
2025-01-05 15:40:43 - [пухтон - #\U0001f4ac\u30fbобщение] clinrizet: у меня еще пк просто с зщапущенной стоял
2025-01-05 15:40:44 - [пухтон - #\U0001f4ac\u30fbобщение] clinrizet: было
2025-01-05 15:41:14 - [пухтон - #\U0001f4ac\u30fbобщение] clinrizet: лс по приколу существует?
2025-01-05 15:41:16 - [пухтон - #\U0001f4ac\u30fbобщение] clinrizet: или админка
2025-01-05 15:50:05 - [пухтон - #admin] fimacuzz: 
2025-01-05 22:41:33 - PyNaCl is not installed, voice will NOT be supported
2025-01-05 22:41:33 - logging in using static token
2025-01-05 22:41:35 - Shard ID None has connected to Gateway (Session ID: 097cccadc5e22b09958632408be888d3).
2025-01-05 22:42:20 - [пухтон - #\U0001f4ac\u30fbобщение] fimacuzz: пасаси мне член
2025-01-05 22:42:42 - [пухтон - #\U0001f4ac\u30fbобщение] 21senstorn_36494: ити нахуй
2025-01-05 22:42:47 - [пухтон - #\U0001f4ac\u30fbобщение] 21senstorn_36494: дураккк
2025-01-05 22:42:58 - [пухтон - #\U0001f4ac\u30fbобщение] fimacuzz: ххх\
2025-01-06 15:00:07 - PyNaCl is not installed, voice will NOT be supported
2025-01-06 15:00:07 - logging in using static token
2025-01-06 17:31:00 - PyNaCl is not installed, voice will NOT be supported
2025-01-06 17:31:00 - logging in using static token
2025-01-06 17:31:01 - Shard ID None has connected to Gateway (Session ID: fd1d2777584739e8a22a0b31436d33ae).
2025-01-06 17:36:09 - PyNaCl is not installed, voice will NOT be supported
2025-01-06 17:36:09 - logging in using static token
2025-01-06 17:36:11 - Shard ID None has connected to Gateway (Session ID: 078a84bb806fab192a15e0ded01510e5).
2025-01-06 17:38:59 - Shard ID None has successfully RESUMED session 078a84bb806fab192a15e0ded01510e5.
2025-01-06 17:42:29 - [пухтон - #admin] fimacuzz: a
2025-01-06 17:42:30 - [пухтон - #admin] fimacuzz: a
2025-01-06 17:42:32 - [пухтон - #admin] fimacuzz: a
2025-01-06 17:42:32 - [пухтон - #admin] fimacuzz: a
2025-01-06 17:42:34 - [пухтон - #admin] fimacuzz: asd
2025-01-06 17:42:35 - [пухтон - #admin] fimacuzz: f
2025-01-06 17:42:36 - [пухтон - #admin] fimacuzz: f
2025-01-06 17:42:36 - [пухтон - #admin] fimacuzz: f
2025-01-06 17:42:46 - [пухтон - #admin] fimacuzz: БЛФЯТЬ
2025-01-06 17:42:49 - [пухтон - #admin] fimacuzz: СТАРЫЙ БАГ
2025-01-06 17:42:52 - [пухтон - #admin] fimacuzz: ВЕР3УНЛСЯ
2025-01-06 17:42:53 - [пухтон - #admin] fimacuzz: СУКП
2025-01-06 17:43:37 - PyNaCl is not installed, voice will NOT be supported
2025-01-06 17:43:37 - logging in using static token
2025-01-06 17:43:38 - Shard ID None has connected to Gateway (Session ID: 887c208ec0fd17e7bdce7521908c3160).
2025-01-06 17:43:46 - [пухтон - #admin] fimacuzz: фикс
2025-01-06 17:43:54 - [пухтон - #admin] fimacuzz: ыа
2025-01-06 17:43:55 - [пухтон - #admin] fimacuzz: ывав
2025-01-06 17:43:55 - [пухтон - #admin] fimacuzz: а
2025-01-06 17:43:56 - [пухтон - #admin] fimacuzz: аа
2025-01-06 17:43:56 - [пухтон - #admin] fimacuzz: а
2025-01-06 17:43:57 - [пухтон - #admin] fimacuzz: а
2025-01-06 17:43:57 - [пухтон - #admin] fimacuzz: а
2025-01-06 17:43:57 - [пухтон - #admin] fimacuzz: а
2025-01-06 17:43:58 - [пухтон - #admin] fimacuzz: а
2025-01-06 17:43:58 - [пухтон - #admin] fimacuzz: а
2025-01-06 17:43:58 - [пухтон - #admin] fimacuzz: а
2025-01-06 17:43:59 - [пухтон - #admin] fimacuzz: а
2025-01-06 17:44:03 - [пухтон - #admin] fimacuzz: О
2025-01-06 17:49:05 - Shard ID None has successfully RESUMED session 887c208ec0fd17e7bdce7521908c3160.
2025-01-06 18:00:31 - Shard ID None has successfully RESUMED session 887c208ec0fd17e7bdce7521908c3160.
2025-01-06 18:07:44 - [пухтон - #admin] clinrizet: го в фортнайт
2025-01-06 18:07:53 - [пухтон - #admin] clinrizet: у меня опять от этой хуйни бомбитэ
2025-01-06 18:08:13 - [пухтон - #admin] fimacuzz: ххххххх
2025-01-06 18:08:45 - [пухтон - #admin] fimacuzz: нууууууууууууууууууууууу
2025-01-06 18:08:50 - [пухтон - #admin] fimacuzz: пошлмиммиииитииимииииииииимиииии
2025-01-06 18:09:06 - [пухтон - #admin] fimacuzz: че я сделал
2025-01-06 18:09:09 - [пухтон - #admin] fimacuzz: ХАХАВХЫВАЫХВАЫВАХЫВАХЫАВХЫВА
2025-01-06 18:09:11 - [пухтон - #admin] fimacuzz: ТЫ ЧЕ ЕБАНУОСЯ
2025-01-06 18:09:13 - [пухтон - #admin] clinrizet: оск в игровом статусе
2025-01-06 18:09:14 - [пухтон - #admin] clinrizet: хахахах
2025-01-06 18:09:18 - [пухтон - #admin] fimacuzz: покажи
2025-01-06 18:09:19 - [пухтон - #admin] fimacuzz: пальцем
2025-01-06 18:09:20 - [пухтон - #admin] fimacuzz: где
2025-01-06 18:09:21 - [пухтон - #admin] fimacuzz: такое
2025-01-06 18:09:23 - [пухтон - #admin] fimacuzz: написано
2025-01-06 18:09:42 - [пухтон - #admin] clinrizet: 
2025-01-06 18:09:43 - [пухтон - #admin] clinrizet: влад лох
2025-01-06 18:09:48 - [пухтон - #admin] fimacuzz: где
2025-01-06 18:09:50 - [пухтон - #admin] fimacuzz: в правилах
2025-01-06 18:09:51 - [пухтон - #admin] fimacuzz: покажи
2025-01-06 18:10:22 - [пухтон - #admin] fimacuzz: 
2025-01-06 18:10:22 - [пухтон - #admin] clinrizet: 
2025-01-06 18:10:32 - [пухтон - #admin] fimacuzz: ну
2025-01-06 18:10:33 - [пухтон - #admin] fimacuzz: тнемт
2025-01-06 18:10:34 - [пухтон - #admin] fimacuzz: голос
2025-01-06 18:10:35 - [пухтон - #admin] fimacuzz: статус
2025-01-06 18:10:36 - [пухтон - #admin] fimacuzz: ава
2025-01-06 18:10:41 - [пухтон - #admin] fimacuzz: где игрвой статус
2025-01-06 18:10:47 - [пухтон - #admin] fimacuzz: 
2025-01-06 18:10:47 - [пухтон - #admin] clinrizet: абсолютно ВСЕГО
2025-01-06 18:10:49 - [пухтон - #admin] fimacuzz: вот статус
2025-01-06 18:10:52 - [пухтон - #admin] clinrizet: ой блять ну спорь хорпошо
2025-01-06 18:11:00 - [пухтон - #admin] clinrizet: я же на выдачу4 закину все равно тебе дадут варн
2025-01-06 18:27:32 - [пухтон - #\U0001f4ac\u30fbобщение] fimacuzz: @everyone МИРОНННН ПИДР , СИЖУ КОЖУ А МНЕ ПРИЛЕТАЕТ ПРЕД #МИРОНКАКТАКМОЖНО УЖАСС ПРОСТО КАК ТАК МОЖНО ПОДСТАВИТЬ БРАТАЮЮЮ.............. ПРОСТО КАПЕЦ...... УЖАПС ДОРОГОЙ ДНЕВНИК МНЕ НЕ ПЕРЕДАТЬ ГОРЕЧЬ И УНИЖЕНИЕ КОТОРОЕ Я СЕГОДНЯ ИСПЫТАЛ......
2025-01-06 18:27:32 - Ignoring exception in on_message
Traceback (most recent call last):
  File "C:\Users\фима\PycharmProjects\vladlox\.venv2\Lib\site-packages\discord\client.py", line 449, in _run_event
    await coro(*args, **kwargs)
  File "C:\Users\фима\PycharmProjects\vladlox\vladlox.py", line 200, in on_message
  File "C:\Users\фима\PycharmProjects\vladlox\vladlox.py", line 71, in add_xp
OSError: [Errno 22] Invalid argument
2025-01-06 18:29:06 - Shard ID None has successfully RESUMED session 887c208ec0fd17e7bdce7521908c3160.
2025-01-06 18:32:15 - [пухтон - #\U0001f4ac\u30fbобщение] clinrizet: так скролй статус блять
2025-01-06 18:32:15 - Ignoring exception in on_message
Traceback (most recent call last):
  File "C:\Users\фима\PycharmProjects\vladlox\.venv2\Lib\site-packages\discord\client.py", line 449, in _run_event
    await coro(*args, **kwargs)
  File "C:\Users\фима\PycharmProjects\vladlox\vladlox.py", line 200, in on_message
  File "C:\Users\фима\PycharmProjects\vladlox\vladlox.py", line 71, in add_xp
OSError: [Errno 22] Invalid argument
2025-01-06 18:32:17 - [пухтон - #\U0001f4ac\u30fbобщение] clinrizet: ладно похуй
2025-01-06 18:32:17 - Ignoring exception in on_message
Traceback (most recent call last):
  File "C:\Users\фима\PycharmProjects\vladlox\.venv2\Lib\site-packages\discord\client.py", line 449, in _run_event
    await coro(*args, **kwargs)
  File "C:\Users\фима\PycharmProjects\vladlox\vladlox.py", line 200, in on_message
  File "C:\Users\фима\PycharmProjects\vladlox\vladlox.py", line 71, in add_xp
OSError: [Errno 22] Invalid argument
2025-01-06 18:32:22 - [пухтон - #\U0001f4ac\u30fbобщение] clinrizet: сказал бы что это от кода
2025-01-06 18:32:23 - Ignoring exception in on_message
Traceback (most recent call last):
  File "C:\Users\фима\PycharmProjects\vladlox\.venv2\Lib\site-packages\discord\client.py", line 449, in _run_event
    await coro(*args, **kwargs)
  File "C:\Users\фима\PycharmProjects\vladlox\vladlox.py", line 200, in on_message
  File "C:\Users\фима\PycharmProjects\vladlox\vladlox.py", line 71, in add_xp
OSError: [Errno 22] Invalid argument
2025-01-06 18:32:25 - [пухтон - #\U0001f4ac\u30fbобщение] clinrizet: полетели
2025-01-06 18:32:26 - Ignoring exception in on_message
Traceback (most recent call last):
  File "C:\Users\фима\PycharmProjects\vladlox\.venv2\Lib\site-packages\discord\client.py", line 449, in _run_event
    await coro(*args, **kwargs)
  File "C:\Users\фима\PycharmProjects\vladlox\vladlox.py", line 200, in on_message
  File "C:\Users\фима\PycharmProjects\vladlox\vladlox.py", line 71, in add_xp
OSError: [Errno 22] Invalid argument
2025-01-06 18:32:28 - [пухтон - #\U0001f4ac\u30fbобщение] fimacuzz: да пох
2025-01-06 18:32:28 - Ignoring exception in on_message
Traceback (most recent call last):
  File "C:\Users\фима\PycharmProjects\vladlox\.venv2\Lib\site-packages\discord\client.py", line 449, in _run_event
    await coro(*args, **kwargs)
  File "C:\Users\фима\PycharmProjects\vladlox\vladlox.py", line 200, in on_message
  File "C:\Users\фима\PycharmProjects\vladlox\vladlox.py", line 71, in add_xp
OSError: [Errno 22] Invalid argument
2025-01-06 18:32:29 - [пухтон - #\U0001f4ac\u30fbобщение] clinrizet: в пидорскую
2025-01-06 18:32:29 - Ignoring exception in on_message
Traceback (most recent call last):
  File "C:\Users\фима\PycharmProjects\vladlox\.venv2\Lib\site-packages\discord\client.py", line 449, in _run_event
    await coro(*args, **kwargs)
  File "C:\Users\фима\PycharmProjects\vladlox\vladlox.py", line 200, in on_message
  File "C:\Users\фима\PycharmProjects\vladlox\vladlox.py", line 71, in add_xp
OSError: [Errno 22] Invalid argument
2025-01-06 18:32:30 - [пухтон - #\U0001f4ac\u30fbобщение] fimacuzz: щя
2025-01-06 18:32:30 - Ignoring exception in on_message
Traceback (most recent call last):
  File "C:\Users\фима\PycharmProjects\vladlox\.venv2\Lib\site-packages\discord\client.py", line 449, in _run_event
    await coro(*args, **kwargs)
  File "C:\Users\фима\PycharmProjects\vladlox\vladlox.py", line 200, in on_message
  File "C:\Users\фима\PycharmProjects\vladlox\vladlox.py", line 71, in add_xp
OSError: [Errno 22] Invalid argument
2025-01-06 18:32:31 - [пухтон - #\U0001f4ac\u30fbобщение] fimacuzz: сек
2025-01-06 18:32:31 - Ignoring exception in on_message
Traceback (most recent call last):
  File "C:\Users\фима\PycharmProjects\vladlox\.venv2\Lib\site-packages\discord\client.py", line 449, in _run_event
    await coro(*args, **kwargs)
  File "C:\Users\фима\PycharmProjects\vladlox\vladlox.py", line 200, in on_message
  File "C:\Users\фима\PycharmProjects\vladlox\vladlox.py", line 71, in add_xp
OSError: [Errno 22] Invalid argument
2025-01-06 18:51:15 - Shard ID None has successfully RESUMED session 887c208ec0fd17e7bdce7521908c3160.
2025-01-07 00:44:03 - PyNaCl is not installed, voice will NOT be supported
2025-01-07 00:44:03 - logging in using static token
2025-01-07 00:44:04 - Shard ID None has connected to Gateway (Session ID: 6e047214db79e71f184fc77959c4f80a).
2025-01-07 00:44:43 - Ignoring exception in command 'warn'
Traceback (most recent call last):
  File "C:\Users\фима\PycharmProjects\vladlox\.venv2\Lib\site-packages\discord\app_commands\commands.py", line 858, in _do_call
    return await self._callback(interaction, **params)  # type: ignore
           ^^^^^^^^^^^^^^^^^^^^^^^^^^^^^^^^^^^^^^^^^^^
  File "C:\Users\фима\PycharmProjects\vladlox\vladlox.py", line 589, in warn
    c.execute('''
sqlite3.OperationalError: no such table: warns

The above exception was the direct cause of the following exception:

Traceback (most recent call last):
  File "C:\Users\фима\PycharmProjects\vladlox\.venv2\Lib\site-packages\discord\app_commands\tree.py", line 1310, in _call
    await command._invoke_with_namespace(interaction, namespace)
  File "C:\Users\фима\PycharmProjects\vladlox\.venv2\Lib\site-packages\discord\app_commands\commands.py", line 883, in _invoke_with_namespace
    return await self._do_call(interaction, transformed_values)
           ^^^^^^^^^^^^^^^^^^^^^^^^^^^^^^^^^^^^^^^^^^^^^^^^^^^^
  File "C:\Users\фима\PycharmProjects\vladlox\.venv2\Lib\site-packages\discord\app_commands\commands.py", line 876, in _do_call
    raise CommandInvokeError(self, e) from e
discord.app_commands.errors.CommandInvokeError: Command 'warn' raised an exception: OperationalError: no such table: warns
2025-01-07 00:44:59 - Ignoring exception in command 'warn'
Traceback (most recent call last):
  File "C:\Users\фима\PycharmProjects\vladlox\.venv2\Lib\site-packages\discord\app_commands\commands.py", line 858, in _do_call
    return await self._callback(interaction, **params)  # type: ignore
           ^^^^^^^^^^^^^^^^^^^^^^^^^^^^^^^^^^^^^^^^^^^
  File "C:\Users\фима\PycharmProjects\vladlox\vladlox.py", line 589, in warn
    c.execute('''
sqlite3.OperationalError: no such table: warns

The above exception was the direct cause of the following exception:

Traceback (most recent call last):
  File "C:\Users\фима\PycharmProjects\vladlox\.venv2\Lib\site-packages\discord\app_commands\tree.py", line 1310, in _call
    await command._invoke_with_namespace(interaction, namespace)
  File "C:\Users\фима\PycharmProjects\vladlox\.venv2\Lib\site-packages\discord\app_commands\commands.py", line 883, in _invoke_with_namespace
    return await self._do_call(interaction, transformed_values)
           ^^^^^^^^^^^^^^^^^^^^^^^^^^^^^^^^^^^^^^^^^^^^^^^^^^^^
  File "C:\Users\фима\PycharmProjects\vladlox\.venv2\Lib\site-packages\discord\app_commands\commands.py", line 876, in _do_call
    raise CommandInvokeError(self, e) from e
discord.app_commands.errors.CommandInvokeError: Command 'warn' raised an exception: OperationalError: no such table: warns
2025-01-07 00:45:54 - PyNaCl is not installed, voice will NOT be supported
2025-01-07 00:46:35 - PyNaCl is not installed, voice will NOT be supported
2025-01-07 00:46:35 - logging in using static token
2025-01-07 00:46:36 - Shard ID None has connected to Gateway (Session ID: 3f94fdf70c981bd5b8e9710ab0168bbe).
2025-01-07 00:49:32 - PyNaCl is not installed, voice will NOT be supported
2025-01-07 00:49:32 - logging in using static token
2025-01-07 00:49:33 - Shard ID None has connected to Gateway (Session ID: 695ee069d0f279d75ea7cb18ef88e56f).
2025-01-07 00:50:15 - PyNaCl is not installed, voice will NOT be supported
2025-01-07 00:50:15 - logging in using static token
2025-01-07 00:50:16 - Shard ID None has connected to Gateway (Session ID: 972d4c3025efecf30e3cb9672c1a5e42).
2025-01-07 00:53:54 - PyNaCl is not installed, voice will NOT be supported
2025-01-07 00:53:54 - logging in using static token
2025-01-07 00:53:55 - Shard ID None has connected to Gateway (Session ID: 3b8f4c3a46f40e999fe9e973c55c9f6d).
2025-01-07 16:54:48 - PyNaCl is not installed, voice will NOT be supported
2025-01-07 16:54:48 - logging in using static token
2025-01-07 16:54:49 - Shard ID None has connected to Gateway (Session ID: b417e68c16b9bcaecfb4e846eb60c39f).
2025-01-07 16:56:50 - PyNaCl is not installed, voice will NOT be supported
2025-01-07 16:56:50 - logging in using static token
2025-01-07 16:56:51 - Shard ID None has connected to Gateway (Session ID: 67596a3e4b0b4e512def54ea9431f174).
2025-01-07 17:03:30 - [пухтон - #\U0001f4ac\u30fbзаявки] fimacuzz: <@1278068319777198131>
2025-01-07 17:03:30 - Ignoring exception in on_message
Traceback (most recent call last):
  File "C:\Users\фима\PycharmProjects\vladlox\.venv2\Lib\site-packages\discord\client.py", line 449, in _run_event
    await coro(*args, **kwargs)
  File "C:\Users\фима\PycharmProjects\vladlox\vladlox.py", line 208, in on_message
    await target_channel.send(embed=embed)
  File "C:\Users\фима\PycharmProjects\vladlox\.venv2\Lib\site-packages\discord\abc.py", line 1618, in send
    data = await state.http.send_message(channel.id, params=params)
           ^^^^^^^^^^^^^^^^^^^^^^^^^^^^^^^^^^^^^^^^^^^^^^^^^^^^^^^^
  File "C:\Users\фима\PycharmProjects\vladlox\.venv2\Lib\site-packages\discord\http.py", line 752, in request
    raise Forbidden(response, data)
discord.errors.Forbidden: 403 Forbidden (error code: 50001): Missing Access
2025-01-07 17:07:15 - Ignoring exception in on_voice_state_update
Traceback (most recent call last):
  File "C:\Users\фима\PycharmProjects\vladlox\.venv2\Lib\site-packages\discord\client.py", line 449, in _run_event
    await coro(*args, **kwargs)
  File "C:\Users\фима\PycharmProjects\vladlox\vladlox.py", line 224, in on_voice_state_update
    await notification_channel.send(embed=embed)
  File "C:\Users\фима\PycharmProjects\vladlox\.venv2\Lib\site-packages\discord\abc.py", line 1618, in send
    data = await state.http.send_message(channel.id, params=params)
           ^^^^^^^^^^^^^^^^^^^^^^^^^^^^^^^^^^^^^^^^^^^^^^^^^^^^^^^^
  File "C:\Users\фима\PycharmProjects\vladlox\.venv2\Lib\site-packages\discord\http.py", line 752, in request
    raise Forbidden(response, data)
discord.errors.Forbidden: 403 Forbidden (error code: 50001): Missing Access
2025-01-07 17:07:35 - Ignoring exception in on_voice_state_update
Traceback (most recent call last):
  File "C:\Users\фима\PycharmProjects\vladlox\.venv2\Lib\site-packages\discord\client.py", line 449, in _run_event
    await coro(*args, **kwargs)
  File "C:\Users\фима\PycharmProjects\vladlox\vladlox.py", line 231, in on_voice_state_update
    await notification_channel.send(embed=embed)
  File "C:\Users\фима\PycharmProjects\vladlox\.venv2\Lib\site-packages\discord\abc.py", line 1618, in send
    data = await state.http.send_message(channel.id, params=params)
           ^^^^^^^^^^^^^^^^^^^^^^^^^^^^^^^^^^^^^^^^^^^^^^^^^^^^^^^^
  File "C:\Users\фима\PycharmProjects\vladlox\.venv2\Lib\site-packages\discord\http.py", line 752, in request
    raise Forbidden(response, data)
discord.errors.Forbidden: 403 Forbidden (error code: 50001): Missing Access
2025-01-07 17:07:47 - Ignoring exception in on_voice_state_update
Traceback (most recent call last):
  File "C:\Users\фима\PycharmProjects\vladlox\.venv2\Lib\site-packages\discord\client.py", line 449, in _run_event
    await coro(*args, **kwargs)
  File "C:\Users\фима\PycharmProjects\vladlox\vladlox.py", line 224, in on_voice_state_update
    await notification_channel.send(embed=embed)
  File "C:\Users\фима\PycharmProjects\vladlox\.venv2\Lib\site-packages\discord\abc.py", line 1618, in send
    data = await state.http.send_message(channel.id, params=params)
           ^^^^^^^^^^^^^^^^^^^^^^^^^^^^^^^^^^^^^^^^^^^^^^^^^^^^^^^^
  File "C:\Users\фима\PycharmProjects\vladlox\.venv2\Lib\site-packages\discord\http.py", line 752, in request
    raise Forbidden(response, data)
discord.errors.Forbidden: 403 Forbidden (error code: 50001): Missing Access
2025-01-07 17:07:49 - Ignoring exception in on_voice_state_update
Traceback (most recent call last):
  File "C:\Users\фима\PycharmProjects\vladlox\.venv2\Lib\site-packages\discord\client.py", line 449, in _run_event
    await coro(*args, **kwargs)
  File "C:\Users\фима\PycharmProjects\vladlox\vladlox.py", line 231, in on_voice_state_update
    await notification_channel.send(embed=embed)
  File "C:\Users\фима\PycharmProjects\vladlox\.venv2\Lib\site-packages\discord\abc.py", line 1618, in send
    data = await state.http.send_message(channel.id, params=params)
           ^^^^^^^^^^^^^^^^^^^^^^^^^^^^^^^^^^^^^^^^^^^^^^^^^^^^^^^^
  File "C:\Users\фима\PycharmProjects\vladlox\.venv2\Lib\site-packages\discord\http.py", line 752, in request
    raise Forbidden(response, data)
discord.errors.Forbidden: 403 Forbidden (error code: 50001): Missing Access
2025-01-07 17:07:50 - Ignoring exception in on_voice_state_update
Traceback (most recent call last):
  File "C:\Users\фима\PycharmProjects\vladlox\.venv2\Lib\site-packages\discord\client.py", line 449, in _run_event
    await coro(*args, **kwargs)
  File "C:\Users\фима\PycharmProjects\vladlox\vladlox.py", line 224, in on_voice_state_update
    await notification_channel.send(embed=embed)
  File "C:\Users\фима\PycharmProjects\vladlox\.venv2\Lib\site-packages\discord\abc.py", line 1618, in send
    data = await state.http.send_message(channel.id, params=params)
           ^^^^^^^^^^^^^^^^^^^^^^^^^^^^^^^^^^^^^^^^^^^^^^^^^^^^^^^^
  File "C:\Users\фима\PycharmProjects\vladlox\.venv2\Lib\site-packages\discord\http.py", line 752, in request
    raise Forbidden(response, data)
discord.errors.Forbidden: 403 Forbidden (error code: 50001): Missing Access
2025-01-07 17:07:52 - Ignoring exception in on_voice_state_update
Traceback (most recent call last):
  File "C:\Users\фима\PycharmProjects\vladlox\.venv2\Lib\site-packages\discord\client.py", line 449, in _run_event
    await coro(*args, **kwargs)
  File "C:\Users\фима\PycharmProjects\vladlox\vladlox.py", line 231, in on_voice_state_update
    await notification_channel.send(embed=embed)
  File "C:\Users\фима\PycharmProjects\vladlox\.venv2\Lib\site-packages\discord\abc.py", line 1618, in send
    data = await state.http.send_message(channel.id, params=params)
           ^^^^^^^^^^^^^^^^^^^^^^^^^^^^^^^^^^^^^^^^^^^^^^^^^^^^^^^^
  File "C:\Users\фима\PycharmProjects\vladlox\.venv2\Lib\site-packages\discord\http.py", line 752, in request
    raise Forbidden(response, data)
discord.errors.Forbidden: 403 Forbidden (error code: 50001): Missing Access
2025-01-07 17:07:55 - Ignoring exception in on_voice_state_update
Traceback (most recent call last):
  File "C:\Users\фима\PycharmProjects\vladlox\.venv2\Lib\site-packages\discord\client.py", line 449, in _run_event
    await coro(*args, **kwargs)
  File "C:\Users\фима\PycharmProjects\vladlox\vladlox.py", line 224, in on_voice_state_update
    await notification_channel.send(embed=embed)
  File "C:\Users\фима\PycharmProjects\vladlox\.venv2\Lib\site-packages\discord\abc.py", line 1618, in send
    data = await state.http.send_message(channel.id, params=params)
           ^^^^^^^^^^^^^^^^^^^^^^^^^^^^^^^^^^^^^^^^^^^^^^^^^^^^^^^^
  File "C:\Users\фима\PycharmProjects\vladlox\.venv2\Lib\site-packages\discord\http.py", line 752, in request
    raise Forbidden(response, data)
discord.errors.Forbidden: 403 Forbidden (error code: 50001): Missing Access
2025-01-07 17:07:57 - Ignoring exception in on_voice_state_update
Traceback (most recent call last):
  File "C:\Users\фима\PycharmProjects\vladlox\.venv2\Lib\site-packages\discord\client.py", line 449, in _run_event
    await coro(*args, **kwargs)
  File "C:\Users\фима\PycharmProjects\vladlox\vladlox.py", line 231, in on_voice_state_update
    await notification_channel.send(embed=embed)
  File "C:\Users\фима\PycharmProjects\vladlox\.venv2\Lib\site-packages\discord\abc.py", line 1618, in send
    data = await state.http.send_message(channel.id, params=params)
           ^^^^^^^^^^^^^^^^^^^^^^^^^^^^^^^^^^^^^^^^^^^^^^^^^^^^^^^^
  File "C:\Users\фима\PycharmProjects\vladlox\.venv2\Lib\site-packages\discord\http.py", line 752, in request
    raise Forbidden(response, data)
discord.errors.Forbidden: 403 Forbidden (error code: 50001): Missing Access
2025-01-07 17:10:29 - [пухтон - #\U0001f511\u30fbуправление] fimacuzz: xxx
2025-01-07 17:12:19 - [пухтон - #\U0001f4ac\u30fbобщение] fpsplagshot: 
2025-01-07 17:12:19 - Ignoring exception in on_message
Traceback (most recent call last):
  File "C:\Users\фима\PycharmProjects\vladlox\.venv2\Lib\site-packages\discord\client.py", line 449, in _run_event
    await coro(*args, **kwargs)
  File "C:\Users\фима\PycharmProjects\vladlox\vladlox.py", line 203, in on_message
    icon_url=message.author.avatar.url)
             ^^^^^^^^^^^^^^^^^^^^^^^^^
AttributeError: 'NoneType' object has no attribute 'url'
2025-01-07 17:13:02 - [пухтон - #\u250c\U0001f9f5\u30fbчат] fpsplagshot: [
2025-01-07 17:13:02 - Ignoring exception in on_message
Traceback (most recent call last):
  File "C:\Users\фима\PycharmProjects\vladlox\.venv2\Lib\site-packages\discord\client.py", line 449, in _run_event
    await coro(*args, **kwargs)
  File "C:\Users\фима\PycharmProjects\vladlox\vladlox.py", line 203, in on_message
    icon_url=message.author.avatar.url)
             ^^^^^^^^^^^^^^^^^^^^^^^^^
AttributeError: 'NoneType' object has no attribute 'url'
2025-01-07 17:13:12 - [пухтон - #\U0001f3ab\u30fbчат-новичков] fpsplagshot: [
2025-01-07 17:13:12 - Ignoring exception in on_message
Traceback (most recent call last):
  File "C:\Users\фима\PycharmProjects\vladlox\.venv2\Lib\site-packages\discord\client.py", line 449, in _run_event
    await coro(*args, **kwargs)
  File "C:\Users\фима\PycharmProjects\vladlox\vladlox.py", line 203, in on_message
    icon_url=message.author.avatar.url)
             ^^^^^^^^^^^^^^^^^^^^^^^^^
AttributeError: 'NoneType' object has no attribute 'url'
2025-01-07 18:22:05 - [пухтон - #\U0001f4ac\u30fbобщение] fimacuzz: атсаси
2025-01-07 18:22:10 - [пухтон - #\U0001f4ac\u30fbобщение] fimacuzz: <@926004550576529428>
2025-01-07 18:22:12 - [пухтон - #\U0001f4ac\u30fbобщение] fimacuzz: го кс
2025-01-08 19:57:58 - PyNaCl is not installed, voice will NOT be supported
2025-01-08 19:57:58 - logging in using static token
2025-01-08 19:57:59 - Shard ID None has connected to Gateway (Session ID: 5c381b484de048dae4962ce84b01cbb9).
2025-01-08 20:01:27 - PyNaCl is not installed, voice will NOT be supported
2025-01-08 20:01:27 - logging in using static token
2025-01-08 20:01:28 - Shard ID None has connected to Gateway (Session ID: 1b0548a5b65ee82a38f874423e31fabe).
2025-01-08 20:02:36 - Ignoring exception in command 'start_mafia'
Traceback (most recent call last):
  File "C:\Users\фима\PycharmProjects\vladlox\.venv2\Lib\site-packages\discord\app_commands\commands.py", line 858, in _do_call
    return await self._callback(interaction, **params)  # type: ignore
           ^^^^^^^^^^^^^^^^^^^^^^^^^^^^^^^^^^^^^^^^^^^
  File "C:\Users\фима\PycharmProjects\vladlox\vladlox.py", line 794, in start_mafia
    await interaction.response.send_message("Игра началась! Все роли розданы.")
  File "C:\Users\фима\PycharmProjects\vladlox\.venv2\Lib\site-packages\discord\interactions.py", line 855, in send_message
    await adapter.create_interaction_response(
  File "C:\Users\фима\PycharmProjects\vladlox\.venv2\Lib\site-packages\discord\webhook\async_.py", line 221, in request
    raise NotFound(response, data)
discord.errors.NotFound: 404 Not Found (error code: 10062): Unknown interaction

The above exception was the direct cause of the following exception:

Traceback (most recent call last):
  File "C:\Users\фима\PycharmProjects\vladlox\.venv2\Lib\site-packages\discord\app_commands\tree.py", line 1310, in _call
    await command._invoke_with_namespace(interaction, namespace)
  File "C:\Users\фима\PycharmProjects\vladlox\.venv2\Lib\site-packages\discord\app_commands\commands.py", line 883, in _invoke_with_namespace
    return await self._do_call(interaction, transformed_values)
           ^^^^^^^^^^^^^^^^^^^^^^^^^^^^^^^^^^^^^^^^^^^^^^^^^^^^
  File "C:\Users\фима\PycharmProjects\vladlox\.venv2\Lib\site-packages\discord\app_commands\commands.py", line 876, in _do_call
    raise CommandInvokeError(self, e) from e
discord.app_commands.errors.CommandInvokeError: Command 'start_mafia' raised an exception: NotFound: 404 Not Found (error code: 10062): Unknown interaction
2025-01-08 20:07:34 - PyNaCl is not installed, voice will NOT be supported
2025-01-08 20:07:34 - logging in using static token
2025-01-08 20:07:35 - Shard ID None has connected to Gateway (Session ID: 7c0ac732cb3524bdd40a34bd56db10ba).
2025-01-08 20:09:03 - PyNaCl is not installed, voice will NOT be supported
2025-01-08 20:09:03 - logging in using static token
2025-01-08 20:09:04 - Shard ID None has connected to Gateway (Session ID: df26205868791da1445163518799e035).
2025-01-08 20:12:17 - PyNaCl is not installed, voice will NOT be supported
2025-01-08 20:12:17 - logging in using static token
2025-01-08 20:12:18 - Shard ID None has connected to Gateway (Session ID: 25028acafbb0fda219478ad26a871f98).
2025-01-08 20:14:43 - PyNaCl is not installed, voice will NOT be supported
2025-01-08 20:14:43 - logging in using static token
2025-01-08 20:14:44 - Shard ID None has connected to Gateway (Session ID: f5187dcb5ef5a9b846755cba65d27181).
2025-01-08 20:15:40 - PyNaCl is not installed, voice will NOT be supported
2025-01-08 20:15:40 - logging in using static token
2025-01-08 20:15:41 - Shard ID None has connected to Gateway (Session ID: b5512655fb99da738ae509bd938eac22).
2025-01-08 20:20:48 - PyNaCl is not installed, voice will NOT be supported
2025-01-08 20:20:48 - logging in using static token
2025-01-08 20:21:36 - PyNaCl is not installed, voice will NOT be supported
2025-01-08 20:21:36 - logging in using static token
2025-01-08 20:21:38 - Shard ID None has connected to Gateway (Session ID: dbf86636fca5bb9126b30975c3cbb415).
2025-01-08 20:21:47 - [пухтон - #\U0001f4ac\u30fbобщение] fimacuzz: asd
2025-01-08 20:21:48 - Добавлено 11 XP для пользователя 1112414018074837012. Текущий XP: 4050, Уровень: 41
2025-01-08 20:22:06 - [пухтон - #admin] fimacuzz: господи логи починились накконец
2025-01-08 20:22:06 - Добавлено 5 XP для пользователя 1112414018074837012. Текущий XP: 4049, Уровень: 41
2025-01-08 20:27:45 - PyNaCl is not installed, voice will NOT be supported
2025-01-08 20:27:45 - logging in using static token
2025-01-08 20:27:46 - Shard ID None has connected to Gateway (Session ID: 6019cca3089b5ca59c5bd072fa0d93f0).
2025-01-08 20:46:13 - Shard ID None has successfully RESUMED session 6019cca3089b5ca59c5bd072fa0d93f0.
2025-01-08 20:56:40 - Shard ID None has successfully RESUMED session 6019cca3089b5ca59c5bd072fa0d93f0.
2025-01-08 22:46:03 - Shard ID None has stopped responding to the gateway. Closing and restarting.
2025-01-08 22:46:04 - Shard ID None session has been invalidated.
2025-01-09 07:47:13 - Attempting a reconnect in 1.69s
Traceback (most recent call last):
  File "C:\Users\фима\AppData\Local\Programs\Python\Python312\Lib\asyncio\tasks.py", line 520, in wait_for
    return await fut
           ^^^^^^^^^
  File "C:\Users\фима\PycharmProjects\vladlox\.venv2\Lib\site-packages\discord\gateway.py", line 404, in from_client
    await ws.identify()
  File "C:\Users\фима\PycharmProjects\vladlox\.venv2\Lib\site-packages\discord\gateway.py", line 471, in identify
    await self.call_hooks('before_identify', self.shard_id, initial=self._initial_identify)
  File "C:\Users\фима\PycharmProjects\vladlox\.venv2\Lib\site-packages\discord\state.py", line 345, in call_hooks
    await coro(*args, **kwargs)
  File "C:\Users\фима\PycharmProjects\vladlox\.venv2\Lib\site-packages\discord\client.py", line 531, in _call_before_identify_hook
    await self.before_identify_hook(shard_id, initial=initial)
  File "C:\Users\фима\PycharmProjects\vladlox\.venv2\Lib\site-packages\discord\client.py", line 553, in before_identify_hook
    await asyncio.sleep(5.0)
  File "C:\Users\фима\AppData\Local\Programs\Python\Python312\Lib\asyncio\tasks.py", line 665, in sleep
    return await future
           ^^^^^^^^^^^^
asyncio.exceptions.CancelledError

The above exception was the direct cause of the following exception:

Traceback (most recent call last):
  File "C:\Users\фима\PycharmProjects\vladlox\.venv2\Lib\site-packages\discord\client.py", line 664, in connect
    self.ws = await asyncio.wait_for(coro, timeout=60.0)
              ^^^^^^^^^^^^^^^^^^^^^^^^^^^^^^^^^^^^^^^^^^
  File "C:\Users\фима\AppData\Local\Programs\Python\Python312\Lib\asyncio\tasks.py", line 519, in wait_for
    async with timeouts.timeout(timeout):
  File "C:\Users\фима\AppData\Local\Programs\Python\Python312\Lib\asyncio\timeouts.py", line 115, in __aexit__
    raise TimeoutError from exc_val
TimeoutError
2025-01-09 07:47:16 - Shard ID None session has been invalidated.
2025-01-09 19:05:54 - Attempting a reconnect in 1.36s
Traceback (most recent call last):
  File "C:\Users\фима\AppData\Local\Programs\Python\Python312\Lib\asyncio\tasks.py", line 520, in wait_for
    return await fut
           ^^^^^^^^^
  File "C:\Users\фима\PycharmProjects\vladlox\.venv2\Lib\site-packages\discord\gateway.py", line 374, in from_client
    socket = await client.http.ws_connect(str(url))
             ^^^^^^^^^^^^^^^^^^^^^^^^^^^^^^^^^^^^^^
  File "C:\Users\фима\PycharmProjects\vladlox\.venv2\Lib\site-packages\discord\http.py", line 550, in ws_connect
    return await self.__session.ws_connect(url, **kwargs)
           ^^^^^^^^^^^^^^^^^^^^^^^^^^^^^^^^^^^^^^^^^^^^^^
  File "C:\Users\фима\PycharmProjects\vladlox\.venv2\Lib\site-packages\aiohttp\client.py", line 1004, in _ws_connect
    resp = await self.request(
           ^^^^^^^^^^^^^^^^^^^
  File "C:\Users\фима\PycharmProjects\vladlox\.venv2\Lib\site-packages\aiohttp\client.py", line 703, in _request
    conn = await self._connector.connect(
           ^^^^^^^^^^^^^^^^^^^^^^^^^^^^^^
  File "C:\Users\фима\PycharmProjects\vladlox\.venv2\Lib\site-packages\aiohttp\connector.py", line 548, in connect
    proto = await self._create_connection(req, traces, timeout)
            ^^^^^^^^^^^^^^^^^^^^^^^^^^^^^^^^^^^^^^^^^^^^^^^^^^^
  File "C:\Users\фима\PycharmProjects\vladlox\.venv2\Lib\site-packages\aiohttp\connector.py", line 1056, in _create_connection
    _, proto = await self._create_direct_connection(req, traces, timeout)
               ^^^^^^^^^^^^^^^^^^^^^^^^^^^^^^^^^^^^^^^^^^^^^^^^^^^^^^^^^^
  File "C:\Users\фима\PycharmProjects\vladlox\.venv2\Lib\site-packages\aiohttp\connector.py", line 1369, in _create_direct_connection
    transp, proto = await self._wrap_create_connection(
                    ^^^^^^^^^^^^^^^^^^^^^^^^^^^^^^^^^^^
  File "C:\Users\фима\PycharmProjects\vladlox\.venv2\Lib\site-packages\aiohttp\connector.py", line 1115, in _wrap_create_connection
    sock = await aiohappyeyeballs.start_connection(
           ^^^^^^^^^^^^^^^^^^^^^^^^^^^^^^^^^^^^^^^^
  File "C:\Users\фима\PycharmProjects\vladlox\.venv2\Lib\site-packages\aiohappyeyeballs\impl.py", line 89, in start_connection
    sock, _, _ = await _staggered.staggered_race(
                 ^^^^^^^^^^^^^^^^^^^^^^^^^^^^^^^^
  File "C:\Users\фима\PycharmProjects\vladlox\.venv2\Lib\site-packages\aiohappyeyeballs\_staggered.py", line 160, in staggered_race
    done = await _wait_one(
           ^^^^^^^^^^^^^^^^
  File "C:\Users\фима\PycharmProjects\vladlox\.venv2\Lib\site-packages\aiohappyeyeballs\_staggered.py", line 41, in _wait_one
    return await wait_next
           ^^^^^^^^^^^^^^^
asyncio.exceptions.CancelledError

The above exception was the direct cause of the following exception:

Traceback (most recent call last):
  File "C:\Users\фима\PycharmProjects\vladlox\.venv2\Lib\site-packages\discord\client.py", line 664, in connect
    self.ws = await asyncio.wait_for(coro, timeout=60.0)
              ^^^^^^^^^^^^^^^^^^^^^^^^^^^^^^^^^^^^^^^^^^
  File "C:\Users\фима\AppData\Local\Programs\Python\Python312\Lib\asyncio\tasks.py", line 519, in wait_for
    async with timeouts.timeout(timeout):
  File "C:\Users\фима\AppData\Local\Programs\Python\Python312\Lib\asyncio\timeouts.py", line 115, in __aexit__
    raise TimeoutError from exc_val
TimeoutError
2025-01-09 19:05:55 - Attempting a reconnect in 3.85s
Traceback (most recent call last):
  File "C:\Users\фима\PycharmProjects\vladlox\.venv2\Lib\site-packages\aiohttp\connector.py", line 1351, in _create_direct_connection
    hosts = await self._resolve_host(host, port, traces=traces)
            ^^^^^^^^^^^^^^^^^^^^^^^^^^^^^^^^^^^^^^^^^^^^^^^^^^^
  File "C:\Users\фима\PycharmProjects\vladlox\.venv2\Lib\site-packages\aiohttp\connector.py", line 995, in _resolve_host
    return await asyncio.shield(resolved_host_task)
           ^^^^^^^^^^^^^^^^^^^^^^^^^^^^^^^^^^^^^^^^
  File "C:\Users\фима\PycharmProjects\vladlox\.venv2\Lib\site-packages\aiohttp\connector.py", line 1026, in _resolve_host_with_throttle
    addrs = await self._resolver.resolve(host, port, family=self._family)
            ^^^^^^^^^^^^^^^^^^^^^^^^^^^^^^^^^^^^^^^^^^^^^^^^^^^^^^^^^^^^^
  File "C:\Users\фима\PycharmProjects\vladlox\.venv2\Lib\site-packages\aiohttp\resolver.py", line 36, in resolve
    infos = await self._loop.getaddrinfo(
            ^^^^^^^^^^^^^^^^^^^^^^^^^^^^^
  File "C:\Users\фима\AppData\Local\Programs\Python\Python312\Lib\asyncio\base_events.py", line 899, in getaddrinfo
    return await self.run_in_executor(
           ^^^^^^^^^^^^^^^^^^^^^^^^^^^
  File "C:\Users\фима\AppData\Local\Programs\Python\Python312\Lib\concurrent\futures\thread.py", line 58, in run
    result = self.fn(*self.args, **self.kwargs)
             ^^^^^^^^^^^^^^^^^^^^^^^^^^^^^^^^^^
  File "C:\Users\фима\AppData\Local\Programs\Python\Python312\Lib\socket.py", line 963, in getaddrinfo
    for res in _socket.getaddrinfo(host, port, family, type, proto, flags):
               ^^^^^^^^^^^^^^^^^^^^^^^^^^^^^^^^^^^^^^^^^^^^^^^^^^^^^^^^^^^
socket.gaierror: [Errno 11001] getaddrinfo failed

The above exception was the direct cause of the following exception:

Traceback (most recent call last):
  File "C:\Users\фима\PycharmProjects\vladlox\.venv2\Lib\site-packages\discord\client.py", line 664, in connect
    self.ws = await asyncio.wait_for(coro, timeout=60.0)
              ^^^^^^^^^^^^^^^^^^^^^^^^^^^^^^^^^^^^^^^^^^
  File "C:\Users\фима\AppData\Local\Programs\Python\Python312\Lib\asyncio\tasks.py", line 520, in wait_for
    return await fut
           ^^^^^^^^^
  File "C:\Users\фима\PycharmProjects\vladlox\.venv2\Lib\site-packages\discord\gateway.py", line 374, in from_client
    socket = await client.http.ws_connect(str(url))
             ^^^^^^^^^^^^^^^^^^^^^^^^^^^^^^^^^^^^^^
  File "C:\Users\фима\PycharmProjects\vladlox\.venv2\Lib\site-packages\discord\http.py", line 550, in ws_connect
    return await self.__session.ws_connect(url, **kwargs)
           ^^^^^^^^^^^^^^^^^^^^^^^^^^^^^^^^^^^^^^^^^^^^^^
  File "C:\Users\фима\PycharmProjects\vladlox\.venv2\Lib\site-packages\aiohttp\client.py", line 1004, in _ws_connect
    resp = await self.request(
           ^^^^^^^^^^^^^^^^^^^
  File "C:\Users\фима\PycharmProjects\vladlox\.venv2\Lib\site-packages\aiohttp\client.py", line 703, in _request
    conn = await self._connector.connect(
           ^^^^^^^^^^^^^^^^^^^^^^^^^^^^^^
  File "C:\Users\фима\PycharmProjects\vladlox\.venv2\Lib\site-packages\aiohttp\connector.py", line 548, in connect
    proto = await self._create_connection(req, traces, timeout)
            ^^^^^^^^^^^^^^^^^^^^^^^^^^^^^^^^^^^^^^^^^^^^^^^^^^^
  File "C:\Users\фима\PycharmProjects\vladlox\.venv2\Lib\site-packages\aiohttp\connector.py", line 1056, in _create_connection
    _, proto = await self._create_direct_connection(req, traces, timeout)
               ^^^^^^^^^^^^^^^^^^^^^^^^^^^^^^^^^^^^^^^^^^^^^^^^^^^^^^^^^^
  File "C:\Users\фима\PycharmProjects\vladlox\.venv2\Lib\site-packages\aiohttp\connector.py", line 1357, in _create_direct_connection
    raise ClientConnectorDNSError(req.connection_key, exc) from exc
aiohttp.client_exceptions.ClientConnectorDNSError: Cannot connect to host gateway.discord.gg:443 ssl:default [getaddrinfo failed]
2025-01-09 19:06:00 - Shard ID None session has been invalidated.
2025-01-09 19:06:06 - Shard ID None has connected to Gateway (Session ID: 2b6bfeae7291738ec7b4795c6985be01).
2025-01-09 19:06:21 - Shard ID None has stopped responding to the gateway. Closing and restarting.
2025-01-09 19:17:05 - Shard ID None has stopped responding to the gateway. Closing and restarting.
2025-01-09 19:17:05 - Shard ID None session has been invalidated.
2025-01-09 19:17:11 - Shard ID None has connected to Gateway (Session ID: aab0a33532ba1a07d89d478853f0d03f).
2025-01-09 21:00:49 - Shard ID None has stopped responding to the gateway. Closing and restarting.
2025-01-09 21:00:50 - Shard ID None session has been invalidated.
2025-01-09 21:00:55 - Shard ID None has connected to Gateway (Session ID: c152d21dd9cae89eeee34d10395a2fb9).
2025-01-09 21:42:43 - PyNaCl is not installed, voice will NOT be supported
2025-01-09 21:42:43 - logging in using static token
2025-01-09 21:42:44 - Shard ID None has connected to Gateway (Session ID: 37c7cbfb51c2f708d1b4c01d3ee0af24).
2025-01-09 21:46:15 - PyNaCl is not installed, voice will NOT be supported
2025-01-09 21:46:15 - logging in using static token
2025-01-09 21:46:16 - Shard ID None has connected to Gateway (Session ID: 707f63c9f5087fff7da77bd8d8e06e7f).
2025-01-10 21:53:42 - PyNaCl is not installed, voice will NOT be supported
2025-01-10 21:53:42 - logging in using static token
2025-01-10 21:53:43 - Shard ID None has connected to Gateway (Session ID: a9218d8b5c508e9532ac668a007d7ca6).
2025-01-10 22:27:10 - Shard ID None has stopped responding to the gateway. Closing and restarting.
2025-01-10 22:27:10 - Shard ID None session has been invalidated.
2025-01-10 22:27:16 - Shard ID None has connected to Gateway (Session ID: c3521cf43af58b46b70b9bd6d4917fa7).
